{"/home/manuel/git/Carbon12/predire-in-grafana-app/src/components/import.js": {"path":"/home/manuel/git/Carbon12/predire-in-grafana-app/src/components/import.js","statementMap":{"0":{"start":{"line":22,"column":8},"end":{"line":22,"column":35}},"1":{"start":{"line":23,"column":8},"end":{"line":23,"column":37}},"2":{"start":{"line":24,"column":8},"end":{"line":24,"column":22}},"3":{"start":{"line":25,"column":8},"end":{"line":25,"column":24}},"4":{"start":{"line":26,"column":8},"end":{"line":26,"column":39}},"5":{"start":{"line":27,"column":8},"end":{"line":27,"column":29}},"6":{"start":{"line":28,"column":8},"end":{"line":28,"column":23}},"7":{"start":{"line":29,"column":8},"end":{"line":29,"column":27}},"8":{"start":{"line":30,"column":8},"end":{"line":30,"column":39}},"9":{"start":{"line":31,"column":8},"end":{"line":31,"column":27}},"10":{"start":{"line":32,"column":8},"end":{"line":32,"column":24}},"11":{"start":{"line":33,"column":8},"end":{"line":33,"column":24}},"12":{"start":{"line":34,"column":8},"end":{"line":34,"column":37}},"13":{"start":{"line":35,"column":8},"end":{"line":35,"column":35}},"14":{"start":{"line":36,"column":8},"end":{"line":36,"column":37}},"15":{"start":{"line":37,"column":8},"end":{"line":37,"column":34}},"16":{"start":{"line":38,"column":8},"end":{"line":38,"column":26}},"17":{"start":{"line":39,"column":8},"end":{"line":39,"column":28}},"18":{"start":{"line":40,"column":8},"end":{"line":40,"column":25}},"19":{"start":{"line":41,"column":8},"end":{"line":41,"column":23}},"20":{"start":{"line":42,"column":8},"end":{"line":42,"column":27}},"21":{"start":{"line":43,"column":8},"end":{"line":43,"column":60}},"22":{"start":{"line":44,"column":8},"end":{"line":44,"column":28}},"23":{"start":{"line":45,"column":8},"end":{"line":45,"column":28}},"24":{"start":{"line":51,"column":27},"end":{"line":51,"column":50}},"25":{"start":{"line":52,"column":8},"end":{"line":71,"column":9}},"26":{"start":{"line":53,"column":12},"end":{"line":53,"column":59}},"27":{"start":{"line":54,"column":12},"end":{"line":54,"column":28}},"28":{"start":{"line":55,"column":12},"end":{"line":55,"column":47}},"29":{"start":{"line":56,"column":12},"end":{"line":56,"column":47}},"30":{"start":{"line":57,"column":12},"end":{"line":57,"column":74}},"31":{"start":{"line":59,"column":12},"end":{"line":59,"column":64}},"32":{"start":{"line":61,"column":12},"end":{"line":68,"column":19}},"33":{"start":{"line":64,"column":20},"end":{"line":66,"column":23}},"34":{"start":{"line":65,"column":24},"end":{"line":65,"column":72}},"35":{"start":{"line":67,"column":20},"end":{"line":67,"column":34}},"36":{"start":{"line":70,"column":12},"end":{"line":70,"column":64}},"37":{"start":{"line":76,"column":8},"end":{"line":81,"column":9}},"38":{"start":{"line":78,"column":12},"end":{"line":78,"column":53}},"39":{"start":{"line":80,"column":12},"end":{"line":80,"column":37}},"40":{"start":{"line":86,"column":8},"end":{"line":113,"column":9}},"41":{"start":{"line":87,"column":12},"end":{"line":87,"column":28}},"42":{"start":{"line":88,"column":12},"end":{"line":88,"column":55}},"43":{"start":{"line":89,"column":12},"end":{"line":110,"column":13}},"44":{"start":{"line":91,"column":36},"end":{"line":91,"column":65}},"45":{"start":{"line":92,"column":16},"end":{"line":106,"column":19}},"46":{"start":{"line":93,"column":32},"end":{"line":93,"column":37}},"47":{"start":{"line":95,"column":20},"end":{"line":105,"column":21}},"48":{"start":{"line":95,"column":33},"end":{"line":95,"column":34}},"49":{"start":{"line":96,"column":24},"end":{"line":104,"column":25}},"50":{"start":{"line":97,"column":28},"end":{"line":97,"column":41}},"51":{"start":{"line":99,"column":28},"end":{"line":99,"column":67}},"52":{"start":{"line":100,"column":46},"end":{"line":100,"column":80}},"53":{"start":{"line":101,"column":28},"end":{"line":101,"column":82}},"54":{"start":{"line":102,"column":28},"end":{"line":102,"column":83}},"55":{"start":{"line":103,"column":28},"end":{"line":103,"column":47}},"56":{"start":{"line":109,"column":16},"end":{"line":109,"column":35}},"57":{"start":{"line":112,"column":12},"end":{"line":112,"column":70}},"58":{"start":{"line":118,"column":31},"end":{"line":118,"column":83}},"59":{"start":{"line":119,"column":8},"end":{"line":127,"column":9}},"60":{"start":{"line":120,"column":12},"end":{"line":124,"column":19}},"61":{"start":{"line":123,"column":20},"end":{"line":123,"column":50}},"62":{"start":{"line":126,"column":12},"end":{"line":126,"column":60}},"63":{"start":{"line":132,"column":8},"end":{"line":132,"column":84}},"64":{"start":{"line":134,"column":24},"end":{"line":134,"column":66}},"65":{"start":{"line":135,"column":26},"end":{"line":135,"column":70}},"66":{"start":{"line":136,"column":8},"end":{"line":153,"column":9}},"67":{"start":{"line":136,"column":21},"end":{"line":136,"column":22}},"68":{"start":{"line":136,"column":28},"end":{"line":136,"column":29}},"69":{"start":{"line":138,"column":12},"end":{"line":138,"column":56}},"70":{"start":{"line":139,"column":12},"end":{"line":139,"column":41}},"71":{"start":{"line":140,"column":12},"end":{"line":140,"column":44}},"72":{"start":{"line":141,"column":12},"end":{"line":144,"column":15}},"73":{"start":{"line":143,"column":16},"end":{"line":143,"column":56}},"74":{"start":{"line":145,"column":12},"end":{"line":151,"column":13}},"75":{"start":{"line":146,"column":16},"end":{"line":149,"column":19}},"76":{"start":{"line":148,"column":20},"end":{"line":148,"column":65}},"77":{"start":{"line":150,"column":16},"end":{"line":150,"column":20}},"78":{"start":{"line":154,"column":8},"end":{"line":154,"column":22}},"79":{"start":{"line":158,"column":8},"end":{"line":158,"column":82}},"80":{"start":{"line":159,"column":8},"end":{"line":159,"column":55}},"81":{"start":{"line":160,"column":8},"end":{"line":160,"column":69}},"82":{"start":{"line":161,"column":8},"end":{"line":161,"column":63}},"83":{"start":{"line":165,"column":8},"end":{"line":165,"column":35}},"84":{"start":{"line":166,"column":26},"end":{"line":166,"column":58}},"85":{"start":{"line":167,"column":8},"end":{"line":185,"column":11}},"86":{"start":{"line":186,"column":8},"end":{"line":196,"column":11}},"87":{"start":{"line":197,"column":8},"end":{"line":197,"column":32}},"88":{"start":{"line":198,"column":8},"end":{"line":198,"column":29}},"89":{"start":{"line":202,"column":8},"end":{"line":202,"column":35}},"90":{"start":{"line":203,"column":26},"end":{"line":203,"column":58}},"91":{"start":{"line":204,"column":8},"end":{"line":239,"column":9}},"92":{"start":{"line":204,"column":21},"end":{"line":204,"column":22}},"93":{"start":{"line":205,"column":12},"end":{"line":227,"column":15}},"94":{"start":{"line":228,"column":12},"end":{"line":238,"column":15}},"95":{"start":{"line":240,"column":8},"end":{"line":240,"column":32}},"96":{"start":{"line":241,"column":8},"end":{"line":241,"column":29}},"97":{"start":{"line":246,"column":8},"end":{"line":257,"column":9}},"98":{"start":{"line":247,"column":12},"end":{"line":247,"column":59}},"99":{"start":{"line":248,"column":12},"end":{"line":248,"column":60}},"100":{"start":{"line":249,"column":12},"end":{"line":249,"column":60}},"101":{"start":{"line":250,"column":12},"end":{"line":250,"column":77}},"102":{"start":{"line":252,"column":12},"end":{"line":252,"column":59}},"103":{"start":{"line":253,"column":12},"end":{"line":253,"column":59}},"104":{"start":{"line":254,"column":12},"end":{"line":254,"column":65}},"105":{"start":{"line":255,"column":12},"end":{"line":255,"column":80}},"106":{"start":{"line":256,"column":12},"end":{"line":256,"column":70}},"107":{"start":{"line":262,"column":8},"end":{"line":262,"column":24}},"108":{"start":{"line":263,"column":8},"end":{"line":268,"column":9}},"109":{"start":{"line":263,"column":21},"end":{"line":263,"column":22}},"110":{"start":{"line":264,"column":12},"end":{"line":267,"column":13}},"111":{"start":{"line":265,"column":16},"end":{"line":266,"column":76}},"112":{"start":{"line":269,"column":8},"end":{"line":295,"column":9}},"113":{"start":{"line":270,"column":12},"end":{"line":294,"column":19}},"114":{"start":{"line":273,"column":32},"end":{"line":273,"column":37}},"115":{"start":{"line":274,"column":20},"end":{"line":278,"column":21}},"116":{"start":{"line":274,"column":33},"end":{"line":274,"column":34}},"117":{"start":{"line":275,"column":24},"end":{"line":277,"column":25}},"118":{"start":{"line":276,"column":28},"end":{"line":276,"column":41}},"119":{"start":{"line":279,"column":20},"end":{"line":293,"column":21}},"120":{"start":{"line":280,"column":24},"end":{"line":289,"column":31}},"121":{"start":{"line":283,"column":32},"end":{"line":283,"column":85}},"122":{"start":{"line":284,"column":32},"end":{"line":286,"column":33}},"123":{"start":{"line":284,"column":45},"end":{"line":284,"column":46}},"124":{"start":{"line":285,"column":36},"end":{"line":285,"column":70}},"125":{"start":{"line":288,"column":32},"end":{"line":288,"column":66}},"126":{"start":{"line":292,"column":24},"end":{"line":292,"column":60}},"127":{"start":{"line":300,"column":8},"end":{"line":307,"column":15}},"128":{"start":{"line":304,"column":16},"end":{"line":304,"column":51}},"129":{"start":{"line":306,"column":16},"end":{"line":306,"column":54}},"130":{"start":{"line":311,"column":0},"end":{"line":311,"column":50}}},"fnMap":{"0":{"name":"(anonymous_0)","decl":{"start":{"line":21,"column":4},"end":{"line":21,"column":5}},"loc":{"start":{"line":21,"column":39},"end":{"line":46,"column":5}},"line":21},"1":{"name":"(anonymous_1)","decl":{"start":{"line":49,"column":4},"end":{"line":49,"column":5}},"loc":{"start":{"line":49,"column":19},"end":{"line":72,"column":5}},"line":49},"2":{"name":"(anonymous_2)","decl":{"start":{"line":62,"column":22},"end":{"line":62,"column":23}},"loc":{"start":{"line":62,"column":39},"end":{"line":68,"column":17}},"line":62},"3":{"name":"(anonymous_3)","decl":{"start":{"line":64,"column":40},"end":{"line":64,"column":41}},"loc":{"start":{"line":64,"column":56},"end":{"line":66,"column":21}},"line":64},"4":{"name":"(anonymous_4)","decl":{"start":{"line":75,"column":4},"end":{"line":75,"column":5}},"loc":{"start":{"line":75,"column":15},"end":{"line":82,"column":5}},"line":75},"5":{"name":"(anonymous_5)","decl":{"start":{"line":85,"column":4},"end":{"line":85,"column":5}},"loc":{"start":{"line":85,"column":22},"end":{"line":114,"column":5}},"line":85},"6":{"name":"(anonymous_6)","decl":{"start":{"line":92,"column":33},"end":{"line":92,"column":34}},"loc":{"start":{"line":92,"column":49},"end":{"line":106,"column":17}},"line":92},"7":{"name":"(anonymous_7)","decl":{"start":{"line":117,"column":4},"end":{"line":117,"column":5}},"loc":{"start":{"line":117,"column":20},"end":{"line":128,"column":5}},"line":117},"8":{"name":"(anonymous_8)","decl":{"start":{"line":122,"column":22},"end":{"line":122,"column":23}},"loc":{"start":{"line":122,"column":28},"end":{"line":124,"column":17}},"line":122},"9":{"name":"(anonymous_9)","decl":{"start":{"line":130,"column":4},"end":{"line":130,"column":5}},"loc":{"start":{"line":130,"column":18},"end":{"line":155,"column":5}},"line":130},"10":{"name":"(anonymous_10)","decl":{"start":{"line":141,"column":38},"end":{"line":141,"column":39}},"loc":{"start":{"line":141,"column":50},"end":{"line":144,"column":13}},"line":141},"11":{"name":"(anonymous_11)","decl":{"start":{"line":146,"column":44},"end":{"line":146,"column":45}},"loc":{"start":{"line":146,"column":58},"end":{"line":149,"column":17}},"line":146},"12":{"name":"(anonymous_12)","decl":{"start":{"line":157,"column":4},"end":{"line":157,"column":5}},"loc":{"start":{"line":157,"column":20},"end":{"line":162,"column":5}},"line":157},"13":{"name":"(anonymous_13)","decl":{"start":{"line":164,"column":4},"end":{"line":164,"column":5}},"loc":{"start":{"line":164,"column":28},"end":{"line":199,"column":5}},"line":164},"14":{"name":"(anonymous_14)","decl":{"start":{"line":201,"column":4},"end":{"line":201,"column":5}},"loc":{"start":{"line":201,"column":24},"end":{"line":242,"column":5}},"line":201},"15":{"name":"(anonymous_15)","decl":{"start":{"line":245,"column":4},"end":{"line":245,"column":5}},"loc":{"start":{"line":245,"column":23},"end":{"line":258,"column":5}},"line":245},"16":{"name":"(anonymous_16)","decl":{"start":{"line":261,"column":4},"end":{"line":261,"column":5}},"loc":{"start":{"line":261,"column":18},"end":{"line":296,"column":5}},"line":261},"17":{"name":"(anonymous_17)","decl":{"start":{"line":272,"column":22},"end":{"line":272,"column":23}},"loc":{"start":{"line":272,"column":34},"end":{"line":294,"column":17}},"line":272},"18":{"name":"(anonymous_18)","decl":{"start":{"line":282,"column":34},"end":{"line":282,"column":35}},"loc":{"start":{"line":282,"column":42},"end":{"line":289,"column":29}},"line":282},"19":{"name":"(anonymous_19)","decl":{"start":{"line":298,"column":4},"end":{"line":298,"column":5}},"loc":{"start":{"line":298,"column":20},"end":{"line":308,"column":5}},"line":298},"20":{"name":"(anonymous_20)","decl":{"start":{"line":302,"column":18},"end":{"line":302,"column":19}},"loc":{"start":{"line":302,"column":26},"end":{"line":307,"column":13}},"line":302}},"branchMap":{"0":{"loc":{"start":{"line":52,"column":8},"end":{"line":71,"column":9}},"type":"if","locations":[{"start":{"line":52,"column":8},"end":{"line":71,"column":9}},{"start":{"line":52,"column":8},"end":{"line":71,"column":9}}],"line":52},"1":{"loc":{"start":{"line":57,"column":24},"end":{"line":57,"column":73}},"type":"cond-expr","locations":[{"start":{"line":57,"column":49},"end":{"line":57,"column":61}},{"start":{"line":57,"column":64},"end":{"line":57,"column":73}}],"line":57},"2":{"loc":{"start":{"line":86,"column":8},"end":{"line":113,"column":9}},"type":"if","locations":[{"start":{"line":86,"column":8},"end":{"line":113,"column":9}},{"start":{"line":86,"column":8},"end":{"line":113,"column":9}}],"line":86},"3":{"loc":{"start":{"line":89,"column":12},"end":{"line":110,"column":13}},"type":"if","locations":[{"start":{"line":89,"column":12},"end":{"line":110,"column":13}},{"start":{"line":89,"column":12},"end":{"line":110,"column":13}}],"line":89},"4":{"loc":{"start":{"line":95,"column":36},"end":{"line":95,"column":73}},"type":"binary-expr","locations":[{"start":{"line":95,"column":36},"end":{"line":95,"column":63}},{"start":{"line":95,"column":67},"end":{"line":95,"column":73}}],"line":95},"5":{"loc":{"start":{"line":96,"column":24},"end":{"line":104,"column":25}},"type":"if","locations":[{"start":{"line":96,"column":24},"end":{"line":104,"column":25}},{"start":{"line":96,"column":24},"end":{"line":104,"column":25}}],"line":96},"6":{"loc":{"start":{"line":118,"column":31},"end":{"line":118,"column":83}},"type":"binary-expr","locations":[{"start":{"line":118,"column":31},"end":{"line":118,"column":40}},{"start":{"line":118,"column":44},"end":{"line":118,"column":57}},{"start":{"line":118,"column":61},"end":{"line":118,"column":70}},{"start":{"line":118,"column":74},"end":{"line":118,"column":83}}],"line":118},"7":{"loc":{"start":{"line":119,"column":8},"end":{"line":127,"column":9}},"type":"if","locations":[{"start":{"line":119,"column":8},"end":{"line":127,"column":9}},{"start":{"line":119,"column":8},"end":{"line":127,"column":9}}],"line":119},"8":{"loc":{"start":{"line":145,"column":12},"end":{"line":151,"column":13}},"type":"if","locations":[{"start":{"line":145,"column":12},"end":{"line":151,"column":13}},{"start":{"line":145,"column":12},"end":{"line":151,"column":13}}],"line":145},"9":{"loc":{"start":{"line":145,"column":16},"end":{"line":145,"column":77}},"type":"binary-expr","locations":[{"start":{"line":145,"column":16},"end":{"line":145,"column":36}},{"start":{"line":145,"column":40},"end":{"line":145,"column":77}}],"line":145},"10":{"loc":{"start":{"line":214,"column":27},"end":{"line":214,"column":69}},"type":"cond-expr","locations":[{"start":{"line":214,"column":47},"end":{"line":214,"column":64}},{"start":{"line":214,"column":67},"end":{"line":214,"column":69}}],"line":214},"11":{"loc":{"start":{"line":246,"column":8},"end":{"line":257,"column":9}},"type":"if","locations":[{"start":{"line":246,"column":8},"end":{"line":257,"column":9}},{"start":{"line":246,"column":8},"end":{"line":257,"column":9}}],"line":246},"12":{"loc":{"start":{"line":263,"column":24},"end":{"line":263,"column":73}},"type":"binary-expr","locations":[{"start":{"line":263,"column":24},"end":{"line":263,"column":58}},{"start":{"line":263,"column":62},"end":{"line":263,"column":73}}],"line":263},"13":{"loc":{"start":{"line":264,"column":12},"end":{"line":267,"column":13}},"type":"if","locations":[{"start":{"line":264,"column":12},"end":{"line":267,"column":13}},{"start":{"line":264,"column":12},"end":{"line":267,"column":13}}],"line":264},"14":{"loc":{"start":{"line":269,"column":8},"end":{"line":295,"column":9}},"type":"if","locations":[{"start":{"line":269,"column":8},"end":{"line":295,"column":9}},{"start":{"line":269,"column":8},"end":{"line":295,"column":9}}],"line":269},"15":{"loc":{"start":{"line":274,"column":36},"end":{"line":274,"column":63}},"type":"binary-expr","locations":[{"start":{"line":274,"column":36},"end":{"line":274,"column":53}},{"start":{"line":274,"column":57},"end":{"line":274,"column":63}}],"line":274},"16":{"loc":{"start":{"line":275,"column":24},"end":{"line":277,"column":25}},"type":"if","locations":[{"start":{"line":275,"column":24},"end":{"line":277,"column":25}},{"start":{"line":275,"column":24},"end":{"line":277,"column":25}}],"line":275},"17":{"loc":{"start":{"line":279,"column":20},"end":{"line":293,"column":21}},"type":"if","locations":[{"start":{"line":279,"column":20},"end":{"line":293,"column":21}},{"start":{"line":279,"column":20},"end":{"line":293,"column":21}}],"line":279}},"s":{"0":3,"1":3,"2":3,"3":3,"4":3,"5":3,"6":3,"7":3,"8":3,"9":3,"10":3,"11":3,"12":3,"13":3,"14":3,"15":3,"16":3,"17":3,"18":3,"19":3,"20":3,"21":3,"22":3,"23":3,"24":0,"25":0,"26":0,"27":0,"28":0,"29":0,"30":0,"31":0,"32":0,"33":0,"34":0,"35":0,"36":0,"37":0,"38":0,"39":0,"40":0,"41":0,"42":0,"43":0,"44":0,"45":0,"46":0,"47":0,"48":0,"49":0,"50":0,"51":0,"52":0,"53":0,"54":0,"55":0,"56":0,"57":0,"58":0,"59":0,"60":0,"61":0,"62":0,"63":0,"64":0,"65":0,"66":0,"67":0,"68":0,"69":0,"70":0,"71":0,"72":0,"73":0,"74":0,"75":0,"76":0,"77":0,"78":0,"79":0,"80":0,"81":0,"82":0,"83":0,"84":0,"85":0,"86":0,"87":0,"88":0,"89":0,"90":0,"91":0,"92":0,"93":0,"94":0,"95":0,"96":0,"97":0,"98":0,"99":0,"100":0,"101":0,"102":0,"103":0,"104":0,"105":0,"106":0,"107":0,"108":0,"109":0,"110":0,"111":0,"112":0,"113":0,"114":0,"115":0,"116":0,"117":0,"118":0,"119":0,"120":0,"121":0,"122":0,"123":0,"124":0,"125":0,"126":0,"127":0,"128":0,"129":0,"130":3},"f":{"0":3,"1":0,"2":0,"3":0,"4":0,"5":0,"6":0,"7":0,"8":0,"9":0,"10":0,"11":0,"12":0,"13":0,"14":0,"15":0,"16":0,"17":0,"18":0,"19":0,"20":0},"b":{"0":[0,0],"1":[0,0],"2":[0,0],"3":[0,0],"4":[0,0],"5":[0,0],"6":[0,0,0,0],"7":[0,0],"8":[0,0],"9":[0,0],"10":[0,0],"11":[0,0],"12":[0,0],"13":[0,0],"14":[0,0],"15":[0,0],"16":[0,0],"17":[0,0]},"_coverageSchema":"43e27e138ebf9cfc5966b082cf9a028302ed4184","hash":"eaa69db25aee2b2cdbe9f3298a3d38a7c21d25ee"}
,"/home/manuel/git/Carbon12/predire-in-grafana-app/src/utils/db_connection.js": {"path":"/home/manuel/git/Carbon12/predire-in-grafana-app/src/utils/db_connection.js","statementMap":{"0":{"start":{"line":14,"column":8},"end":{"line":21,"column":9}},"1":{"start":{"line":20,"column":12},"end":{"line":20,"column":48}},"2":{"start":{"line":23,"column":8},"end":{"line":23,"column":25}},"3":{"start":{"line":24,"column":8},"end":{"line":24,"column":25}},"4":{"start":{"line":25,"column":8},"end":{"line":25,"column":33}},"5":{"start":{"line":29,"column":0},"end":{"line":29,"column":30}}},"fnMap":{"0":{"name":"(anonymous_0)","decl":{"start":{"line":13,"column":4},"end":{"line":13,"column":5}},"loc":{"start":{"line":13,"column":38},"end":{"line":26,"column":5}},"line":13}},"branchMap":{"0":{"loc":{"start":{"line":14,"column":8},"end":{"line":21,"column":9}},"type":"if","locations":[{"start":{"line":14,"column":8},"end":{"line":21,"column":9}},{"start":{"line":14,"column":8},"end":{"line":21,"column":9}}],"line":14},"1":{"loc":{"start":{"line":14,"column":12},"end":{"line":19,"column":26}},"type":"binary-expr","locations":[{"start":{"line":14,"column":12},"end":{"line":14,"column":30}},{"start":{"line":15,"column":15},"end":{"line":15,"column":33}},{"start":{"line":16,"column":15},"end":{"line":16,"column":37}},{"start":{"line":17,"column":15},"end":{"line":17,"column":26}},{"start":{"line":18,"column":15},"end":{"line":18,"column":33}},{"start":{"line":19,"column":15},"end":{"line":19,"column":26}}],"line":14}},"s":{"0":0,"1":0,"2":0,"3":0,"4":0,"5":3},"f":{"0":0},"b":{"0":[0,0],"1":[0,0,0,0,0,0]},"_coverageSchema":"43e27e138ebf9cfc5966b082cf9a028302ed4184","hash":"d494a8910e22f15afd9522c9cfd2bb2d8fa1945a"}
,"/home/manuel/git/Carbon12/predire-in-grafana-app/src/utils/grafana_query.js": {"path":"/home/manuel/git/Carbon12/predire-in-grafana-app/src/utils/grafana_query.js","statementMap":{"0":{"start":{"line":14,"column":8},"end":{"line":14,"column":37}},"1":{"start":{"line":18,"column":8},"end":{"line":18,"column":55}},"2":{"start":{"line":22,"column":8},"end":{"line":30,"column":11}},"3":{"start":{"line":34,"column":8},"end":{"line":34,"column":64}},"4":{"start":{"line":38,"column":8},"end":{"line":38,"column":71}},"5":{"start":{"line":42,"column":8},"end":{"line":46,"column":11}},"6":{"start":{"line":50,"column":0},"end":{"line":50,"column":33}}},"fnMap":{"0":{"name":"(anonymous_0)","decl":{"start":{"line":13,"column":4},"end":{"line":13,"column":5}},"loc":{"start":{"line":13,"column":28},"end":{"line":15,"column":5}},"line":13},"1":{"name":"(anonymous_1)","decl":{"start":{"line":17,"column":4},"end":{"line":17,"column":5}},"loc":{"start":{"line":17,"column":21},"end":{"line":19,"column":5}},"line":17},"2":{"name":"(anonymous_2)","decl":{"start":{"line":21,"column":4},"end":{"line":21,"column":5}},"loc":{"start":{"line":21,"column":47},"end":{"line":31,"column":5}},"line":21},"3":{"name":"(anonymous_3)","decl":{"start":{"line":33,"column":4},"end":{"line":33,"column":5}},"loc":{"start":{"line":33,"column":23},"end":{"line":35,"column":5}},"line":33},"4":{"name":"(anonymous_4)","decl":{"start":{"line":37,"column":4},"end":{"line":37,"column":5}},"loc":{"start":{"line":37,"column":28},"end":{"line":39,"column":5}},"line":37},"5":{"name":"(anonymous_5)","decl":{"start":{"line":41,"column":4},"end":{"line":41,"column":5}},"loc":{"start":{"line":41,"column":29},"end":{"line":47,"column":5}},"line":41}},"branchMap":{},"s":{"0":1,"1":0,"2":0,"3":0,"4":0,"5":0,"6":1},"f":{"0":1,"1":0,"2":0,"3":0,"4":0,"5":0},"b":{},"_coverageSchema":"43e27e138ebf9cfc5966b082cf9a028302ed4184","hash":"c8133c49a37e1da5b38ef5029dad99232d0b944d"}
,"/home/manuel/git/Carbon12/predire-in-grafana-app/src/utils/influx.js": {"path":"/home/manuel/git/Carbon12/predire-in-grafana-app/src/utils/influx.js","statementMap":{"0":{"start":{"line":25,"column":8},"end":{"line":38,"column":11}},"1":{"start":{"line":33,"column":16},"end":{"line":33,"column":58}},"2":{"start":{"line":36,"column":16},"end":{"line":36,"column":51}},"3":{"start":{"line":39,"column":8},"end":{"line":39,"column":22}},"4":{"start":{"line":49,"column":22},"end":{"line":49,"column":83}},"5":{"start":{"line":51,"column":8},"end":{"line":64,"column":11}},"6":{"start":{"line":59,"column":16},"end":{"line":59,"column":64}},"7":{"start":{"line":62,"column":16},"end":{"line":62,"column":51}},"8":{"start":{"line":65,"column":8},"end":{"line":65,"column":22}},"9":{"start":{"line":73,"column":22},"end":{"line":73,"column":61}},"10":{"start":{"line":75,"column":8},"end":{"line":88,"column":11}},"11":{"start":{"line":83,"column":16},"end":{"line":83,"column":30}},"12":{"start":{"line":86,"column":16},"end":{"line":86,"column":51}},"13":{"start":{"line":89,"column":8},"end":{"line":89,"column":22}},"14":{"start":{"line":97,"column":22},"end":{"line":97,"column":85}},"15":{"start":{"line":99,"column":8},"end":{"line":112,"column":11}},"16":{"start":{"line":107,"column":16},"end":{"line":107,"column":30}},"17":{"start":{"line":110,"column":16},"end":{"line":110,"column":51}},"18":{"start":{"line":113,"column":8},"end":{"line":113,"column":22}},"19":{"start":{"line":122,"column":22},"end":{"line":122,"column":53}},"20":{"start":{"line":123,"column":8},"end":{"line":136,"column":11}},"21":{"start":{"line":131,"column":16},"end":{"line":131,"column":57}},"22":{"start":{"line":134,"column":16},"end":{"line":134,"column":51}}},"fnMap":{"0":{"name":"(anonymous_0)","decl":{"start":{"line":23,"column":4},"end":{"line":23,"column":5}},"loc":{"start":{"line":23,"column":17},"end":{"line":40,"column":5}},"line":23},"1":{"name":"(anonymous_1)","decl":{"start":{"line":32,"column":21},"end":{"line":32,"column":22}},"loc":{"start":{"line":32,"column":31},"end":{"line":34,"column":13}},"line":32},"2":{"name":"(anonymous_2)","decl":{"start":{"line":35,"column":19},"end":{"line":35,"column":20}},"loc":{"start":{"line":35,"column":48},"end":{"line":37,"column":13}},"line":35},"3":{"name":"(anonymous_3)","decl":{"start":{"line":48,"column":4},"end":{"line":48,"column":5}},"loc":{"start":{"line":48,"column":32},"end":{"line":66,"column":5}},"line":48},"4":{"name":"(anonymous_4)","decl":{"start":{"line":58,"column":21},"end":{"line":58,"column":22}},"loc":{"start":{"line":58,"column":31},"end":{"line":60,"column":13}},"line":58},"5":{"name":"(anonymous_5)","decl":{"start":{"line":61,"column":19},"end":{"line":61,"column":20}},"loc":{"start":{"line":61,"column":48},"end":{"line":63,"column":13}},"line":61},"6":{"name":"(anonymous_6)","decl":{"start":{"line":72,"column":4},"end":{"line":72,"column":5}},"loc":{"start":{"line":72,"column":17},"end":{"line":90,"column":5}},"line":72},"7":{"name":"(anonymous_7)","decl":{"start":{"line":82,"column":21},"end":{"line":82,"column":22}},"loc":{"start":{"line":82,"column":31},"end":{"line":84,"column":13}},"line":82},"8":{"name":"(anonymous_8)","decl":{"start":{"line":85,"column":19},"end":{"line":85,"column":20}},"loc":{"start":{"line":85,"column":48},"end":{"line":87,"column":13}},"line":85},"9":{"name":"(anonymous_9)","decl":{"start":{"line":96,"column":4},"end":{"line":96,"column":5}},"loc":{"start":{"line":96,"column":19},"end":{"line":114,"column":5}},"line":96},"10":{"name":"(anonymous_10)","decl":{"start":{"line":106,"column":21},"end":{"line":106,"column":22}},"loc":{"start":{"line":106,"column":31},"end":{"line":108,"column":13}},"line":106},"11":{"name":"(anonymous_11)","decl":{"start":{"line":109,"column":19},"end":{"line":109,"column":20}},"loc":{"start":{"line":109,"column":48},"end":{"line":111,"column":13}},"line":109},"12":{"name":"(anonymous_12)","decl":{"start":{"line":121,"column":4},"end":{"line":121,"column":5}},"loc":{"start":{"line":121,"column":35},"end":{"line":137,"column":5}},"line":121},"13":{"name":"(anonymous_13)","decl":{"start":{"line":130,"column":21},"end":{"line":130,"column":22}},"loc":{"start":{"line":130,"column":27},"end":{"line":132,"column":13}},"line":130},"14":{"name":"(anonymous_14)","decl":{"start":{"line":133,"column":19},"end":{"line":133,"column":20}},"loc":{"start":{"line":133,"column":48},"end":{"line":135,"column":13}},"line":133}},"branchMap":{},"s":{"0":0,"1":0,"2":0,"3":0,"4":0,"5":0,"6":0,"7":0,"8":0,"9":0,"10":0,"11":0,"12":0,"13":0,"14":0,"15":0,"16":0,"17":0,"18":0,"19":0,"20":0,"21":0,"22":0},"f":{"0":0,"1":0,"2":0,"3":0,"4":0,"5":0,"6":0,"7":0,"8":0,"9":0,"10":0,"11":0,"12":0,"13":0,"14":0},"b":{},"_coverageSchema":"43e27e138ebf9cfc5966b082cf9a028302ed4184","hash":"986118ed3f75939b590305fd6f2d23f0ec677ea2"}
,"/home/manuel/git/Carbon12/predire-in-grafana-app/src/utils/r_predittore.js": {"path":"/home/manuel/git/Carbon12/predire-in-grafana-app/src/utils/r_predittore.js","statementMap":{"0":{"start":{"line":13,"column":17},"end":{"line":13,"column":46}},"1":{"start":{"line":14,"column":20},"end":{"line":14,"column":95}},"2":{"start":{"line":29,"column":8},"end":{"line":29,"column":26}},"3":{"start":{"line":30,"column":8},"end":{"line":30,"column":53}},"4":{"start":{"line":40,"column":8},"end":{"line":40,"column":86}},"5":{"start":{"line":48,"column":8},"end":{"line":50,"column":42}},"6":{"start":{"line":49,"column":21},"end":{"line":49,"column":80}},"7":{"start":{"line":57,"column":8},"end":{"line":59,"column":9}},"8":{"start":{"line":58,"column":12},"end":{"line":58,"column":49}},"9":{"start":{"line":60,"column":8},"end":{"line":60,"column":18}},"10":{"start":{"line":67,"column":8},"end":{"line":69,"column":9}},"11":{"start":{"line":68,"column":12},"end":{"line":68,"column":58}},"12":{"start":{"line":70,"column":8},"end":{"line":70,"column":18}},"13":{"start":{"line":77,"column":8},"end":{"line":79,"column":9}},"14":{"start":{"line":78,"column":12},"end":{"line":78,"column":57}},"15":{"start":{"line":80,"column":8},"end":{"line":80,"column":18}},"16":{"start":{"line":92,"column":8},"end":{"line":100,"column":9}},"17":{"start":{"line":93,"column":12},"end":{"line":93,"column":30}},"18":{"start":{"line":94,"column":30},"end":{"line":94,"column":57}},"19":{"start":{"line":95,"column":12},"end":{"line":99,"column":13}},"20":{"start":{"line":96,"column":16},"end":{"line":98,"column":17}},"21":{"start":{"line":97,"column":20},"end":{"line":97,"column":57}},"22":{"start":{"line":101,"column":8},"end":{"line":101,"column":28}},"23":{"start":{"line":108,"column":8},"end":{"line":110,"column":9}},"24":{"start":{"line":109,"column":12},"end":{"line":109,"column":42}},"25":{"start":{"line":111,"column":8},"end":{"line":111,"column":18}},"26":{"start":{"line":118,"column":8},"end":{"line":120,"column":9}},"27":{"start":{"line":119,"column":12},"end":{"line":119,"column":49}},"28":{"start":{"line":121,"column":8},"end":{"line":121,"column":18}},"29":{"start":{"line":129,"column":8},"end":{"line":131,"column":9}},"30":{"start":{"line":130,"column":12},"end":{"line":130,"column":42}},"31":{"start":{"line":132,"column":8},"end":{"line":132,"column":18}},"32":{"start":{"line":140,"column":8},"end":{"line":142,"column":9}},"33":{"start":{"line":141,"column":12},"end":{"line":141,"column":50}},"34":{"start":{"line":143,"column":8},"end":{"line":143,"column":18}},"35":{"start":{"line":147,"column":0},"end":{"line":147,"column":29}}},"fnMap":{"0":{"name":"(anonymous_0)","decl":{"start":{"line":28,"column":4},"end":{"line":28,"column":5}},"loc":{"start":{"line":28,"column":22},"end":{"line":31,"column":5}},"line":28},"1":{"name":"(anonymous_1)","decl":{"start":{"line":39,"column":4},"end":{"line":39,"column":5}},"loc":{"start":{"line":39,"column":34},"end":{"line":41,"column":5}},"line":39},"2":{"name":"(anonymous_2)","decl":{"start":{"line":47,"column":4},"end":{"line":47,"column":5}},"loc":{"start":{"line":47,"column":15},"end":{"line":51,"column":5}},"line":47},"3":{"name":"(anonymous_3)","decl":{"start":{"line":49,"column":12},"end":{"line":49,"column":13}},"loc":{"start":{"line":49,"column":21},"end":{"line":49,"column":80}},"line":49},"4":{"name":"(anonymous_4)","decl":{"start":{"line":56,"column":4},"end":{"line":56,"column":5}},"loc":{"start":{"line":56,"column":15},"end":{"line":61,"column":5}},"line":56},"5":{"name":"(anonymous_5)","decl":{"start":{"line":66,"column":4},"end":{"line":66,"column":5}},"loc":{"start":{"line":66,"column":23},"end":{"line":71,"column":5}},"line":66},"6":{"name":"(anonymous_6)","decl":{"start":{"line":76,"column":4},"end":{"line":76,"column":5}},"loc":{"start":{"line":76,"column":22},"end":{"line":81,"column":5}},"line":76},"7":{"name":"(anonymous_7)","decl":{"start":{"line":91,"column":4},"end":{"line":91,"column":5}},"loc":{"start":{"line":91,"column":19},"end":{"line":102,"column":5}},"line":91},"8":{"name":"(anonymous_8)","decl":{"start":{"line":107,"column":4},"end":{"line":107,"column":5}},"loc":{"start":{"line":107,"column":15},"end":{"line":112,"column":5}},"line":107},"9":{"name":"(anonymous_9)","decl":{"start":{"line":117,"column":4},"end":{"line":117,"column":5}},"loc":{"start":{"line":117,"column":21},"end":{"line":122,"column":5}},"line":117},"10":{"name":"(anonymous_10)","decl":{"start":{"line":128,"column":4},"end":{"line":128,"column":5}},"loc":{"start":{"line":128,"column":15},"end":{"line":133,"column":5}},"line":128},"11":{"name":"(anonymous_11)","decl":{"start":{"line":139,"column":4},"end":{"line":139,"column":5}},"loc":{"start":{"line":139,"column":23},"end":{"line":144,"column":5}},"line":139}},"branchMap":{"0":{"loc":{"start":{"line":30,"column":27},"end":{"line":30,"column":52}},"type":"cond-expr","locations":[{"start":{"line":30,"column":43},"end":{"line":30,"column":47}},{"start":{"line":30,"column":50},"end":{"line":30,"column":52}}],"line":30},"1":{"loc":{"start":{"line":40,"column":15},"end":{"line":40,"column":85}},"type":"binary-expr","locations":[{"start":{"line":40,"column":15},"end":{"line":40,"column":49}},{"start":{"line":40,"column":53},"end":{"line":40,"column":85}}],"line":40},"2":{"loc":{"start":{"line":48,"column":15},"end":{"line":50,"column":41}},"type":"binary-expr","locations":[{"start":{"line":48,"column":15},"end":{"line":50,"column":9}},{"start":{"line":50,"column":13},"end":{"line":50,"column":41}}],"line":48},"3":{"loc":{"start":{"line":57,"column":8},"end":{"line":59,"column":9}},"type":"if","locations":[{"start":{"line":57,"column":8},"end":{"line":59,"column":9}},{"start":{"line":57,"column":8},"end":{"line":59,"column":9}}],"line":57},"4":{"loc":{"start":{"line":67,"column":8},"end":{"line":69,"column":9}},"type":"if","locations":[{"start":{"line":67,"column":8},"end":{"line":69,"column":9}},{"start":{"line":67,"column":8},"end":{"line":69,"column":9}}],"line":67},"5":{"loc":{"start":{"line":77,"column":8},"end":{"line":79,"column":9}},"type":"if","locations":[{"start":{"line":77,"column":8},"end":{"line":79,"column":9}},{"start":{"line":77,"column":8},"end":{"line":79,"column":9}}],"line":77},"6":{"loc":{"start":{"line":92,"column":8},"end":{"line":100,"column":9}},"type":"if","locations":[{"start":{"line":92,"column":8},"end":{"line":100,"column":9}},{"start":{"line":92,"column":8},"end":{"line":100,"column":9}}],"line":92},"7":{"loc":{"start":{"line":96,"column":16},"end":{"line":98,"column":17}},"type":"if","locations":[{"start":{"line":96,"column":16},"end":{"line":98,"column":17}},{"start":{"line":96,"column":16},"end":{"line":98,"column":17}}],"line":96},"8":{"loc":{"start":{"line":108,"column":8},"end":{"line":110,"column":9}},"type":"if","locations":[{"start":{"line":108,"column":8},"end":{"line":110,"column":9}},{"start":{"line":108,"column":8},"end":{"line":110,"column":9}}],"line":108},"9":{"loc":{"start":{"line":118,"column":8},"end":{"line":120,"column":9}},"type":"if","locations":[{"start":{"line":118,"column":8},"end":{"line":120,"column":9}},{"start":{"line":118,"column":8},"end":{"line":120,"column":9}}],"line":118},"10":{"loc":{"start":{"line":129,"column":8},"end":{"line":131,"column":9}},"type":"if","locations":[{"start":{"line":129,"column":8},"end":{"line":131,"column":9}},{"start":{"line":129,"column":8},"end":{"line":131,"column":9}}],"line":129},"11":{"loc":{"start":{"line":140,"column":8},"end":{"line":142,"column":9}},"type":"if","locations":[{"start":{"line":140,"column":8},"end":{"line":142,"column":9}},{"start":{"line":140,"column":8},"end":{"line":142,"column":9}}],"line":140}},"s":{"0":3,"1":3,"2":0,"3":0,"4":0,"5":0,"6":0,"7":0,"8":0,"9":0,"10":0,"11":0,"12":0,"13":0,"14":0,"15":0,"16":0,"17":0,"18":0,"19":0,"20":0,"21":0,"22":0,"23":0,"24":0,"25":0,"26":0,"27":0,"28":0,"29":0,"30":0,"31":0,"32":0,"33":0,"34":0,"35":3},"f":{"0":0,"1":0,"2":0,"3":0,"4":0,"5":0,"6":0,"7":0,"8":0,"9":0,"10":0,"11":0},"b":{"0":[0,0],"1":[0,0],"2":[0,0],"3":[0,0],"4":[0,0],"5":[0,0],"6":[0,0],"7":[0,0],"8":[0,0],"9":[0,0],"10":[0,0],"11":[0,0]},"_coverageSchema":"43e27e138ebf9cfc5966b082cf9a028302ed4184","hash":"933444ef28d17aa799e38d8c389c78ce4ede8340"}
}
