TN:
SF:/home/manuel/git/Carbon12/predire-in-grafana-app/src/components/import.js
FN:21,(anonymous_0)
FN:49,(anonymous_1)
FN:62,(anonymous_2)
FN:64,(anonymous_3)
FN:75,(anonymous_4)
FN:85,(anonymous_5)
FN:92,(anonymous_6)
FN:117,(anonymous_7)
FN:122,(anonymous_8)
FN:130,(anonymous_9)
FN:141,(anonymous_10)
FN:146,(anonymous_11)
FN:157,(anonymous_12)
FN:164,(anonymous_13)
FN:201,(anonymous_14)
FN:245,(anonymous_15)
FN:261,(anonymous_16)
FN:272,(anonymous_17)
FN:282,(anonymous_18)
FN:298,(anonymous_19)
FN:302,(anonymous_20)
FNF:21
FNH:1
FNDA:3,(anonymous_0)
FNDA:0,(anonymous_1)
FNDA:0,(anonymous_2)
FNDA:0,(anonymous_3)
FNDA:0,(anonymous_4)
FNDA:0,(anonymous_5)
FNDA:0,(anonymous_6)
FNDA:0,(anonymous_7)
FNDA:0,(anonymous_8)
FNDA:0,(anonymous_9)
FNDA:0,(anonymous_10)
FNDA:0,(anonymous_11)
FNDA:0,(anonymous_12)
FNDA:0,(anonymous_13)
FNDA:0,(anonymous_14)
FNDA:0,(anonymous_15)
FNDA:0,(anonymous_16)
FNDA:0,(anonymous_17)
FNDA:0,(anonymous_18)
FNDA:0,(anonymous_19)
FNDA:0,(anonymous_20)
DA:22,3
DA:23,3
DA:24,3
DA:25,3
DA:26,3
DA:27,3
DA:28,3
DA:29,3
DA:30,3
DA:31,3
DA:32,3
DA:33,3
DA:34,3
DA:35,3
DA:36,3
DA:37,3
DA:38,3
DA:39,3
DA:40,3
DA:41,3
DA:42,3
DA:43,3
DA:44,3
DA:45,3
DA:51,0
DA:52,0
DA:53,0
DA:54,0
DA:55,0
DA:56,0
DA:57,0
DA:59,0
DA:61,0
DA:64,0
DA:65,0
DA:67,0
DA:70,0
DA:76,0
DA:78,0
DA:80,0
DA:86,0
DA:87,0
DA:88,0
DA:89,0
DA:91,0
DA:92,0
DA:93,0
DA:95,0
DA:96,0
DA:97,0
DA:99,0
DA:100,0
DA:101,0
DA:102,0
DA:103,0
DA:109,0
DA:112,0
DA:118,0
DA:119,0
DA:120,0
DA:123,0
DA:126,0
DA:132,0
DA:134,0
DA:135,0
DA:136,0
DA:138,0
DA:139,0
DA:140,0
DA:141,0
DA:143,0
DA:145,0
DA:146,0
DA:148,0
DA:150,0
DA:154,0
DA:158,0
DA:159,0
DA:160,0
DA:161,0
DA:165,0
DA:166,0
DA:167,0
DA:186,0
DA:197,0
DA:198,0
DA:202,0
DA:203,0
DA:204,0
DA:205,0
DA:228,0
DA:240,0
DA:241,0
DA:246,0
DA:247,0
DA:248,0
DA:249,0
DA:250,0
DA:252,0
DA:253,0
DA:254,0
DA:255,0
DA:256,0
DA:262,0
DA:263,0
DA:264,0
DA:265,0
DA:269,0
DA:270,0
DA:273,0
DA:274,0
DA:275,0
DA:276,0
DA:279,0
DA:280,0
DA:283,0
DA:284,0
DA:285,0
DA:288,0
DA:292,0
DA:300,0
DA:304,0
DA:306,0
DA:311,3
LF:124
LH:25
BRDA:52,0,0,0
BRDA:52,0,1,0
BRDA:57,1,0,0
BRDA:57,1,1,0
BRDA:86,2,0,0
BRDA:86,2,1,0
BRDA:89,3,0,0
BRDA:89,3,1,0
BRDA:95,4,0,0
BRDA:95,4,1,0
BRDA:96,5,0,0
BRDA:96,5,1,0
BRDA:118,6,0,0
BRDA:118,6,1,0
BRDA:118,6,2,0
BRDA:118,6,3,0
BRDA:119,7,0,0
BRDA:119,7,1,0
BRDA:145,8,0,0
BRDA:145,8,1,0
BRDA:145,9,0,0
BRDA:145,9,1,0
BRDA:214,10,0,0
BRDA:214,10,1,0
BRDA:246,11,0,0
BRDA:246,11,1,0
BRDA:263,12,0,0
BRDA:263,12,1,0
BRDA:264,13,0,0
BRDA:264,13,1,0
BRDA:269,14,0,0
BRDA:269,14,1,0
BRDA:274,15,0,0
BRDA:274,15,1,0
BRDA:275,16,0,0
BRDA:275,16,1,0
BRDA:279,17,0,0
BRDA:279,17,1,0
BRF:38
BRH:0
end_of_record
TN:
SF:/home/manuel/git/Carbon12/predire-in-grafana-app/src/utils/db_connection.js
FN:13,(anonymous_0)
FNF:1
FNH:0
FNDA:0,(anonymous_0)
DA:14,0
DA:20,0
DA:23,0
DA:24,0
DA:25,0
DA:29,3
LF:6
LH:1
BRDA:14,0,0,0
BRDA:14,0,1,0
BRDA:14,1,0,0
BRDA:14,1,1,0
BRDA:14,1,2,0
BRDA:14,1,3,0
BRDA:14,1,4,0
BRDA:14,1,5,0
BRF:8
BRH:0
end_of_record
TN:
SF:/home/manuel/git/Carbon12/predire-in-grafana-app/src/utils/grafana_query.js
FN:13,(anonymous_0)
FN:17,(anonymous_1)
FN:21,(anonymous_2)
FN:33,(anonymous_3)
FN:37,(anonymous_4)
FN:41,(anonymous_5)
FNF:6
FNH:1
FNDA:1,(anonymous_0)
FNDA:0,(anonymous_1)
FNDA:0,(anonymous_2)
FNDA:0,(anonymous_3)
FNDA:0,(anonymous_4)
FNDA:0,(anonymous_5)
DA:14,1
DA:18,0
DA:22,0
DA:34,0
DA:38,0
DA:42,0
DA:50,1
LF:7
LH:2
BRF:0
BRH:0
end_of_record
TN:
SF:/home/manuel/git/Carbon12/predire-in-grafana-app/src/utils/influx.js
FN:23,(anonymous_0)
FN:32,(anonymous_1)
FN:35,(anonymous_2)
FN:48,(anonymous_3)
FN:58,(anonymous_4)
FN:61,(anonymous_5)
FN:72,(anonymous_6)
FN:82,(anonymous_7)
FN:85,(anonymous_8)
FN:96,(anonymous_9)
FN:106,(anonymous_10)
FN:109,(anonymous_11)
FN:121,(anonymous_12)
FN:130,(anonymous_13)
FN:133,(anonymous_14)
FNF:15
FNH:0
FNDA:0,(anonymous_0)
FNDA:0,(anonymous_1)
FNDA:0,(anonymous_2)
FNDA:0,(anonymous_3)
FNDA:0,(anonymous_4)
FNDA:0,(anonymous_5)
FNDA:0,(anonymous_6)
FNDA:0,(anonymous_7)
FNDA:0,(anonymous_8)
FNDA:0,(anonymous_9)
FNDA:0,(anonymous_10)
FNDA:0,(anonymous_11)
FNDA:0,(anonymous_12)
FNDA:0,(anonymous_13)
FNDA:0,(anonymous_14)
DA:25,0
DA:33,0
DA:36,0
DA:39,0
DA:49,0
DA:51,0
DA:59,0
DA:62,0
DA:65,0
DA:73,0
DA:75,0
DA:83,0
DA:86,0
DA:89,0
DA:97,0
DA:99,0
DA:107,0
DA:110,0
DA:113,0
DA:122,0
DA:123,0
DA:131,0
DA:134,0
LF:23
LH:0
BRF:0
BRH:0
end_of_record
TN:
SF:/home/manuel/git/Carbon12/predire-in-grafana-app/src/utils/r_predittore.js
FN:28,(anonymous_0)
FN:39,(anonymous_1)
FN:47,(anonymous_2)
FN:49,(anonymous_3)
FN:56,(anonymous_4)
FN:66,(anonymous_5)
FN:76,(anonymous_6)
FN:91,(anonymous_7)
FN:107,(anonymous_8)
FN:117,(anonymous_9)
FN:128,(anonymous_10)
FN:139,(anonymous_11)
FNF:12
FNH:0
FNDA:0,(anonymous_0)
FNDA:0,(anonymous_1)
FNDA:0,(anonymous_2)
FNDA:0,(anonymous_3)
FNDA:0,(anonymous_4)
FNDA:0,(anonymous_5)
FNDA:0,(anonymous_6)
FNDA:0,(anonymous_7)
FNDA:0,(anonymous_8)
FNDA:0,(anonymous_9)
FNDA:0,(anonymous_10)
FNDA:0,(anonymous_11)
DA:13,3
DA:14,3
DA:29,0
DA:30,0
DA:40,0
DA:48,0
DA:49,0
DA:57,0
DA:58,0
DA:60,0
DA:67,0
DA:68,0
DA:70,0
DA:77,0
DA:78,0
DA:80,0
DA:92,0
DA:93,0
DA:94,0
DA:95,0
DA:96,0
DA:97,0
DA:101,0
DA:108,0
DA:109,0
DA:111,0
DA:118,0
DA:119,0
DA:121,0
DA:129,0
DA:130,0
DA:132,0
DA:140,0
DA:141,0
DA:143,0
DA:147,3
LF:36
LH:3
BRDA:30,0,0,0
BRDA:30,0,1,0
BRDA:40,1,0,0
BRDA:40,1,1,0
BRDA:48,2,0,0
BRDA:48,2,1,0
BRDA:57,3,0,0
BRDA:57,3,1,0
BRDA:67,4,0,0
BRDA:67,4,1,0
BRDA:77,5,0,0
BRDA:77,5,1,0
BRDA:92,6,0,0
BRDA:92,6,1,0
BRDA:96,7,0,0
BRDA:96,7,1,0
BRDA:108,8,0,0
BRDA:108,8,1,0
BRDA:118,9,0,0
BRDA:118,9,1,0
BRDA:129,10,0,0
BRDA:129,10,1,0
BRDA:140,11,0,0
BRDA:140,11,1,0
BRF:24
BRH:0
end_of_record
