{"/home/alessandro/Scrivania/Carbon12/addestramento/server.js": {"path":"/home/alessandro/Scrivania/Carbon12/addestramento/server.js","statementMap":{"0":{"start":{"line":12,"column":11},"end":{"line":12,"column":24}},"1":{"start":{"line":13,"column":19},"end":{"line":13,"column":40}},"2":{"start":{"line":14,"column":13},"end":{"line":14,"column":28}},"3":{"start":{"line":15,"column":13},"end":{"line":15,"column":28}},"4":{"start":{"line":16,"column":16},"end":{"line":16,"column":34}},"5":{"start":{"line":17,"column":14},"end":{"line":17,"column":30}},"6":{"start":{"line":18,"column":20},"end":{"line":18,"column":57}},"7":{"start":{"line":19,"column":20},"end":{"line":19,"column":57}},"8":{"start":{"line":20,"column":13},"end":{"line":20,"column":51}},"9":{"start":{"line":21,"column":12},"end":{"line":21,"column":39}},"10":{"start":{"line":24,"column":12},"end":{"line":24,"column":17}},"11":{"start":{"line":28,"column":12},"end":{"line":28,"column":14}},"12":{"start":{"line":29,"column":19},"end":{"line":29,"column":20}},"13":{"start":{"line":31,"column":0},"end":{"line":265,"column":2}},"14":{"start":{"line":33,"column":8},"end":{"line":33,"column":29}},"15":{"start":{"line":34,"column":8},"end":{"line":34,"column":39}},"16":{"start":{"line":35,"column":8},"end":{"line":35,"column":61}},"17":{"start":{"line":36,"column":8},"end":{"line":36,"column":43}},"18":{"start":{"line":37,"column":8},"end":{"line":37,"column":69}},"19":{"start":{"line":38,"column":8},"end":{"line":43,"column":9}},"20":{"start":{"line":39,"column":12},"end":{"line":39,"column":51}},"21":{"start":{"line":41,"column":12},"end":{"line":41,"column":66}},"22":{"start":{"line":42,"column":12},"end":{"line":42,"column":34}},"23":{"start":{"line":45,"column":8},"end":{"line":45,"column":88}},"24":{"start":{"line":53,"column":8},"end":{"line":53,"column":25}},"25":{"start":{"line":54,"column":8},"end":{"line":54,"column":33}},"26":{"start":{"line":58,"column":8},"end":{"line":61,"column":9}},"27":{"start":{"line":59,"column":12},"end":{"line":59,"column":49}},"28":{"start":{"line":60,"column":12},"end":{"line":60,"column":46}},"29":{"start":{"line":62,"column":8},"end":{"line":62,"column":34}},"30":{"start":{"line":63,"column":8},"end":{"line":63,"column":18}},"31":{"start":{"line":67,"column":8},"end":{"line":95,"column":9}},"32":{"start":{"line":68,"column":12},"end":{"line":70,"column":13}},"33":{"start":{"line":69,"column":16},"end":{"line":69,"column":69}},"34":{"start":{"line":73,"column":12},"end":{"line":78,"column":13}},"35":{"start":{"line":76,"column":16},"end":{"line":76,"column":53}},"36":{"start":{"line":77,"column":16},"end":{"line":77,"column":72}},"37":{"start":{"line":80,"column":35},"end":{"line":80,"column":66}},"38":{"start":{"line":81,"column":12},"end":{"line":86,"column":13}},"39":{"start":{"line":82,"column":34},"end":{"line":82,"column":64}},"40":{"start":{"line":84,"column":16},"end":{"line":84,"column":55}},"41":{"start":{"line":85,"column":16},"end":{"line":85,"column":91}},"42":{"start":{"line":88,"column":12},"end":{"line":91,"column":13}},"43":{"start":{"line":89,"column":16},"end":{"line":89,"column":50}},"44":{"start":{"line":90,"column":16},"end":{"line":90,"column":72}},"45":{"start":{"line":93,"column":12},"end":{"line":93,"column":50}},"46":{"start":{"line":94,"column":12},"end":{"line":94,"column":47}},"47":{"start":{"line":97,"column":8},"end":{"line":97,"column":35}},"48":{"start":{"line":98,"column":8},"end":{"line":98,"column":18}},"49":{"start":{"line":105,"column":24},"end":{"line":108,"column":9}},"50":{"start":{"line":110,"column":8},"end":{"line":116,"column":9}},"51":{"start":{"line":112,"column":22},"end":{"line":112,"column":31}},"52":{"start":{"line":113,"column":12},"end":{"line":113,"column":35}},"53":{"start":{"line":114,"column":12},"end":{"line":114,"column":45}},"54":{"start":{"line":115,"column":12},"end":{"line":115,"column":32}},"55":{"start":{"line":119,"column":8},"end":{"line":119,"column":34}},"56":{"start":{"line":121,"column":8},"end":{"line":121,"column":20}},"57":{"start":{"line":126,"column":33},"end":{"line":126,"column":50}},"58":{"start":{"line":127,"column":8},"end":{"line":127,"column":92}},"59":{"start":{"line":128,"column":8},"end":{"line":128,"column":90}},"60":{"start":{"line":129,"column":8},"end":{"line":129,"column":41}},"61":{"start":{"line":130,"column":8},"end":{"line":130,"column":54}},"62":{"start":{"line":131,"column":8},"end":{"line":131,"column":41}},"63":{"start":{"line":132,"column":8},"end":{"line":132,"column":57}},"64":{"start":{"line":133,"column":8},"end":{"line":133,"column":56}},"65":{"start":{"line":137,"column":21},"end":{"line":137,"column":50}},"66":{"start":{"line":138,"column":8},"end":{"line":198,"column":11}},"67":{"start":{"line":139,"column":12},"end":{"line":139,"column":35}},"68":{"start":{"line":140,"column":12},"end":{"line":140,"column":32}},"69":{"start":{"line":141,"column":12},"end":{"line":141,"column":45}},"70":{"start":{"line":143,"column":33},"end":{"line":143,"column":38}},"71":{"start":{"line":144,"column":12},"end":{"line":147,"column":13}},"72":{"start":{"line":145,"column":16},"end":{"line":145,"column":63}},"73":{"start":{"line":146,"column":16},"end":{"line":146,"column":38}},"74":{"start":{"line":148,"column":12},"end":{"line":150,"column":13}},"75":{"start":{"line":149,"column":16},"end":{"line":149,"column":46}},"76":{"start":{"line":151,"column":12},"end":{"line":153,"column":13}},"77":{"start":{"line":152,"column":16},"end":{"line":152,"column":42}},"78":{"start":{"line":154,"column":12},"end":{"line":154,"column":51}},"79":{"start":{"line":157,"column":34},"end":{"line":157,"column":54}},"80":{"start":{"line":159,"column":35},"end":{"line":159,"column":56}},"81":{"start":{"line":161,"column":30},"end":{"line":161,"column":59}},"82":{"start":{"line":162,"column":12},"end":{"line":162,"column":48}},"83":{"start":{"line":163,"column":12},"end":{"line":166,"column":13}},"84":{"start":{"line":164,"column":16},"end":{"line":164,"column":54}},"85":{"start":{"line":165,"column":16},"end":{"line":165,"column":33}},"86":{"start":{"line":167,"column":34},"end":{"line":167,"column":59}},"87":{"start":{"line":170,"column":25},"end":{"line":170,"column":48}},"88":{"start":{"line":171,"column":27},"end":{"line":171,"column":51}},"89":{"start":{"line":172,"column":35},"end":{"line":172,"column":62}},"90":{"start":{"line":174,"column":12},"end":{"line":174,"column":59}},"91":{"start":{"line":176,"column":12},"end":{"line":188,"column":13}},"92":{"start":{"line":177,"column":41},"end":{"line":179,"column":18}},"93":{"start":{"line":180,"column":31},"end":{"line":180,"column":66}},"94":{"start":{"line":183,"column":16},"end":{"line":183,"column":75}},"95":{"start":{"line":184,"column":16},"end":{"line":187,"column":17}},"96":{"start":{"line":185,"column":20},"end":{"line":185,"column":58}},"97":{"start":{"line":186,"column":20},"end":{"line":186,"column":37}},"98":{"start":{"line":190,"column":34},"end":{"line":190,"column":82}},"99":{"start":{"line":192,"column":12},"end":{"line":192,"column":51}},"100":{"start":{"line":194,"column":12},"end":{"line":194,"column":74}},"101":{"start":{"line":196,"column":12},"end":{"line":196,"column":67}},"102":{"start":{"line":197,"column":12},"end":{"line":197,"column":29}},"103":{"start":{"line":202,"column":21},"end":{"line":202,"column":57}},"104":{"start":{"line":203,"column":25},"end":{"line":203,"column":44}},"105":{"start":{"line":204,"column":25},"end":{"line":204,"column":43}},"106":{"start":{"line":206,"column":8},"end":{"line":206,"column":81}},"107":{"start":{"line":207,"column":8},"end":{"line":207,"column":48}},"108":{"start":{"line":209,"column":27},"end":{"line":209,"column":52}},"109":{"start":{"line":210,"column":8},"end":{"line":210,"column":29}},"110":{"start":{"line":214,"column":21},"end":{"line":214,"column":50}},"111":{"start":{"line":215,"column":8},"end":{"line":215,"column":31}},"112":{"start":{"line":216,"column":23},"end":{"line":216,"column":25}},"113":{"start":{"line":217,"column":8},"end":{"line":227,"column":11}},"114":{"start":{"line":218,"column":34},"end":{"line":218,"column":43}},"115":{"start":{"line":219,"column":30},"end":{"line":219,"column":59}},"116":{"start":{"line":220,"column":12},"end":{"line":224,"column":13}},"117":{"start":{"line":221,"column":16},"end":{"line":221,"column":53}},"118":{"start":{"line":222,"column":16},"end":{"line":222,"column":54}},"119":{"start":{"line":223,"column":16},"end":{"line":223,"column":55}},"120":{"start":{"line":225,"column":12},"end":{"line":225,"column":32}},"121":{"start":{"line":226,"column":12},"end":{"line":226,"column":24}},"122":{"start":{"line":229,"column":8},"end":{"line":231,"column":11}},"123":{"start":{"line":230,"column":12},"end":{"line":230,"column":49}},"124":{"start":{"line":233,"column":8},"end":{"line":233,"column":28}},"125":{"start":{"line":237,"column":8},"end":{"line":237,"column":39}},"126":{"start":{"line":239,"column":8},"end":{"line":242,"column":11}},"127":{"start":{"line":240,"column":12},"end":{"line":240,"column":56}},"128":{"start":{"line":241,"column":12},"end":{"line":241,"column":23}},"129":{"start":{"line":244,"column":8},"end":{"line":246,"column":11}},"130":{"start":{"line":245,"column":12},"end":{"line":245,"column":47}},"131":{"start":{"line":248,"column":8},"end":{"line":250,"column":11}},"132":{"start":{"line":249,"column":12},"end":{"line":249,"column":70}},"133":{"start":{"line":252,"column":8},"end":{"line":252,"column":67}},"134":{"start":{"line":254,"column":8},"end":{"line":256,"column":11}},"135":{"start":{"line":255,"column":12},"end":{"line":255,"column":49}},"136":{"start":{"line":260,"column":8},"end":{"line":260,"column":22}},"137":{"start":{"line":261,"column":8},"end":{"line":263,"column":11}},"138":{"start":{"line":262,"column":12},"end":{"line":262,"column":66}}},"fnMap":{"0":{"name":"(anonymous_0)","decl":{"start":{"line":32,"column":4},"end":{"line":32,"column":5}},"loc":{"start":{"line":32,"column":18},"end":{"line":46,"column":5}},"line":32},"1":{"name":"(anonymous_1)","decl":{"start":{"line":51,"column":4},"end":{"line":51,"column":5}},"loc":{"start":{"line":51,"column":26},"end":{"line":55,"column":5}},"line":51},"2":{"name":"(anonymous_2)","decl":{"start":{"line":57,"column":4},"end":{"line":57,"column":5}},"loc":{"start":{"line":57,"column":27},"end":{"line":64,"column":5}},"line":57},"3":{"name":"(anonymous_3)","decl":{"start":{"line":66,"column":4},"end":{"line":66,"column":5}},"loc":{"start":{"line":66,"column":50},"end":{"line":99,"column":5}},"line":66},"4":{"name":"(anonymous_4)","decl":{"start":{"line":82,"column":16},"end":{"line":82,"column":17}},"loc":{"start":{"line":82,"column":34},"end":{"line":82,"column":64}},"line":82},"5":{"name":"(anonymous_5)","decl":{"start":{"line":101,"column":4},"end":{"line":101,"column":5}},"loc":{"start":{"line":101,"column":35},"end":{"line":122,"column":5}},"line":101},"6":{"name":"(anonymous_6)","decl":{"start":{"line":124,"column":4},"end":{"line":124,"column":5}},"loc":{"start":{"line":124,"column":51},"end":{"line":134,"column":5}},"line":124},"7":{"name":"(anonymous_7)","decl":{"start":{"line":136,"column":4},"end":{"line":136,"column":5}},"loc":{"start":{"line":136,"column":25},"end":{"line":199,"column":5}},"line":136},"8":{"name":"(anonymous_8)","decl":{"start":{"line":138,"column":24},"end":{"line":138,"column":25}},"loc":{"start":{"line":138,"column":48},"end":{"line":198,"column":9}},"line":138},"9":{"name":"(anonymous_9)","decl":{"start":{"line":201,"column":4},"end":{"line":201,"column":5}},"loc":{"start":{"line":201,"column":33},"end":{"line":211,"column":5}},"line":201},"10":{"name":"(anonymous_10)","decl":{"start":{"line":213,"column":4},"end":{"line":213,"column":5}},"loc":{"start":{"line":213,"column":36},"end":{"line":234,"column":5}},"line":213},"11":{"name":"(anonymous_11)","decl":{"start":{"line":217,"column":24},"end":{"line":217,"column":25}},"loc":{"start":{"line":217,"column":42},"end":{"line":227,"column":9}},"line":217},"12":{"name":"(anonymous_12)","decl":{"start":{"line":229,"column":23},"end":{"line":229,"column":24}},"loc":{"start":{"line":229,"column":29},"end":{"line":231,"column":9}},"line":229},"13":{"name":"(anonymous_13)","decl":{"start":{"line":236,"column":4},"end":{"line":236,"column":5}},"loc":{"start":{"line":236,"column":13},"end":{"line":257,"column":5}},"line":236},"14":{"name":"(anonymous_14)","decl":{"start":{"line":239,"column":29},"end":{"line":239,"column":30}},"loc":{"start":{"line":239,"column":52},"end":{"line":242,"column":9}},"line":239},"15":{"name":"(anonymous_15)","decl":{"start":{"line":244,"column":40},"end":{"line":244,"column":41}},"loc":{"start":{"line":244,"column":63},"end":{"line":246,"column":9}},"line":244},"16":{"name":"(anonymous_16)","decl":{"start":{"line":248,"column":47},"end":{"line":248,"column":48}},"loc":{"start":{"line":248,"column":70},"end":{"line":250,"column":9}},"line":248},"17":{"name":"(anonymous_17)","decl":{"start":{"line":254,"column":37},"end":{"line":254,"column":38}},"loc":{"start":{"line":254,"column":60},"end":{"line":256,"column":9}},"line":254},"18":{"name":"(anonymous_18)","decl":{"start":{"line":259,"column":4},"end":{"line":259,"column":5}},"loc":{"start":{"line":259,"column":18},"end":{"line":264,"column":5}},"line":259},"19":{"name":"(anonymous_19)","decl":{"start":{"line":261,"column":43},"end":{"line":261,"column":44}},"loc":{"start":{"line":261,"column":49},"end":{"line":263,"column":9}},"line":261}},"branchMap":{"0":{"loc":{"start":{"line":58,"column":8},"end":{"line":61,"column":9}},"type":"if","locations":[{"start":{"line":58,"column":8},"end":{"line":61,"column":9}},{"start":{"line":58,"column":8},"end":{"line":61,"column":9}}],"line":58},"1":{"loc":{"start":{"line":67,"column":8},"end":{"line":95,"column":9}},"type":"if","locations":[{"start":{"line":67,"column":8},"end":{"line":95,"column":9}},{"start":{"line":67,"column":8},"end":{"line":95,"column":9}}],"line":67},"2":{"loc":{"start":{"line":68,"column":12},"end":{"line":70,"column":13}},"type":"if","locations":[{"start":{"line":68,"column":12},"end":{"line":70,"column":13}},{"start":{"line":68,"column":12},"end":{"line":70,"column":13}}],"line":68},"3":{"loc":{"start":{"line":73,"column":12},"end":{"line":78,"column":13}},"type":"if","locations":[{"start":{"line":73,"column":12},"end":{"line":78,"column":13}},{"start":{"line":73,"column":12},"end":{"line":78,"column":13}}],"line":73},"4":{"loc":{"start":{"line":81,"column":12},"end":{"line":86,"column":13}},"type":"if","locations":[{"start":{"line":81,"column":12},"end":{"line":86,"column":13}},{"start":{"line":81,"column":12},"end":{"line":86,"column":13}}],"line":81},"5":{"loc":{"start":{"line":81,"column":16},"end":{"line":83,"column":23}},"type":"binary-expr","locations":[{"start":{"line":81,"column":16},"end":{"line":81,"column":62}},{"start":{"line":81,"column":66},"end":{"line":83,"column":23}}],"line":81},"6":{"loc":{"start":{"line":88,"column":12},"end":{"line":91,"column":13}},"type":"if","locations":[{"start":{"line":88,"column":12},"end":{"line":91,"column":13}},{"start":{"line":88,"column":12},"end":{"line":91,"column":13}}],"line":88},"7":{"loc":{"start":{"line":110,"column":8},"end":{"line":116,"column":9}},"type":"if","locations":[{"start":{"line":110,"column":8},"end":{"line":116,"column":9}},{"start":{"line":110,"column":8},"end":{"line":116,"column":9}}],"line":110},"8":{"loc":{"start":{"line":144,"column":12},"end":{"line":147,"column":13}},"type":"if","locations":[{"start":{"line":144,"column":12},"end":{"line":147,"column":13}},{"start":{"line":144,"column":12},"end":{"line":147,"column":13}}],"line":144},"9":{"loc":{"start":{"line":144,"column":16},"end":{"line":144,"column":69}},"type":"binary-expr","locations":[{"start":{"line":144,"column":16},"end":{"line":144,"column":37}},{"start":{"line":144,"column":41},"end":{"line":144,"column":69}}],"line":144},"10":{"loc":{"start":{"line":148,"column":12},"end":{"line":150,"column":13}},"type":"if","locations":[{"start":{"line":148,"column":12},"end":{"line":150,"column":13}},{"start":{"line":148,"column":12},"end":{"line":150,"column":13}}],"line":148},"11":{"loc":{"start":{"line":151,"column":12},"end":{"line":153,"column":13}},"type":"if","locations":[{"start":{"line":151,"column":12},"end":{"line":153,"column":13}},{"start":{"line":151,"column":12},"end":{"line":153,"column":13}}],"line":151},"12":{"loc":{"start":{"line":163,"column":12},"end":{"line":166,"column":13}},"type":"if","locations":[{"start":{"line":163,"column":12},"end":{"line":166,"column":13}},{"start":{"line":163,"column":12},"end":{"line":166,"column":13}}],"line":163},"13":{"loc":{"start":{"line":176,"column":12},"end":{"line":188,"column":13}},"type":"if","locations":[{"start":{"line":176,"column":12},"end":{"line":188,"column":13}},{"start":{"line":176,"column":12},"end":{"line":188,"column":13}}],"line":176},"14":{"loc":{"start":{"line":184,"column":16},"end":{"line":187,"column":17}},"type":"if","locations":[{"start":{"line":184,"column":16},"end":{"line":187,"column":17}},{"start":{"line":184,"column":16},"end":{"line":187,"column":17}}],"line":184},"15":{"loc":{"start":{"line":220,"column":12},"end":{"line":224,"column":13}},"type":"if","locations":[{"start":{"line":220,"column":12},"end":{"line":224,"column":13}},{"start":{"line":220,"column":12},"end":{"line":224,"column":13}}],"line":220}},"s":{"0":3,"1":3,"2":3,"3":3,"4":3,"5":3,"6":3,"7":3,"8":3,"9":3,"10":3,"11":3,"12":3,"13":3,"14":3,"15":3,"16":3,"17":3,"18":3,"19":3,"20":3,"21":0,"22":0,"23":3,"24":0,"25":0,"26":1,"27":1,"28":1,"29":0,"30":0,"31":4,"32":3,"33":0,"34":3,"35":0,"36":0,"37":3,"38":3,"39":5,"40":1,"41":1,"42":2,"43":1,"44":1,"45":1,"46":1,"47":1,"48":1,"49":1,"50":1,"51":1,"52":1,"53":1,"54":1,"55":0,"56":0,"57":1,"58":1,"59":1,"60":1,"61":1,"62":1,"63":1,"64":1,"65":0,"66":0,"67":0,"68":0,"69":0,"70":0,"71":0,"72":0,"73":0,"74":0,"75":0,"76":0,"77":0,"78":0,"79":0,"80":0,"81":0,"82":0,"83":0,"84":0,"85":0,"86":0,"87":0,"88":0,"89":0,"90":0,"91":0,"92":0,"93":0,"94":0,"95":0,"96":0,"97":0,"98":0,"99":0,"100":0,"101":0,"102":0,"103":0,"104":0,"105":0,"106":0,"107":0,"108":0,"109":0,"110":0,"111":0,"112":0,"113":0,"114":0,"115":0,"116":0,"117":0,"118":0,"119":0,"120":0,"121":0,"122":0,"123":0,"124":0,"125":1,"126":1,"127":0,"128":0,"129":1,"130":0,"131":1,"132":0,"133":1,"134":1,"135":0,"136":1,"137":1,"138":0},"f":{"0":3,"1":0,"2":1,"3":4,"4":5,"5":1,"6":1,"7":0,"8":0,"9":0,"10":0,"11":0,"12":0,"13":1,"14":0,"15":0,"16":0,"17":0,"18":1,"19":0},"b":{"0":[1,0],"1":[3,1],"2":[0,3],"3":[0,3],"4":[1,2],"5":[3,3],"6":[1,1],"7":[1,0],"8":[0,0],"9":[0,0],"10":[0,0],"11":[0,0],"12":[0,0],"13":[0,0],"14":[0,0],"15":[0,0]},"_coverageSchema":"1a1c01bbd47fc00a2c39e90264f33305004495a9","hash":"2d6dd3f199f0e2a942abc7e99fc864144b9c7483"}
,"/home/alessandro/Scrivania/Carbon12/addestramento/fileManager/csv_reader.js": {"path":"/home/alessandro/Scrivania/Carbon12/addestramento/fileManager/csv_reader.js","statementMap":{"0":{"start":{"line":12,"column":11},"end":{"line":12,"column":24}},"1":{"start":{"line":13,"column":14},"end":{"line":13,"column":43}},"2":{"start":{"line":15,"column":0},"end":{"line":147,"column":2}},"3":{"start":{"line":22,"column":22},"end":{"line":22,"column":51}},"4":{"start":{"line":23,"column":26},"end":{"line":23,"column":33}},"5":{"start":{"line":25,"column":8},"end":{"line":32,"column":9}},"6":{"start":{"line":26,"column":12},"end":{"line":31,"column":14}},"7":{"start":{"line":35,"column":8},"end":{"line":35,"column":49}},"8":{"start":{"line":38,"column":8},"end":{"line":41,"column":9}},"9":{"start":{"line":40,"column":12},"end":{"line":40,"column":56}},"10":{"start":{"line":48,"column":30},"end":{"line":48,"column":53}},"11":{"start":{"line":49,"column":8},"end":{"line":51,"column":9}},"12":{"start":{"line":50,"column":12},"end":{"line":50,"column":24}},"13":{"start":{"line":52,"column":8},"end":{"line":52,"column":21}},"14":{"start":{"line":62,"column":8},"end":{"line":64,"column":9}},"15":{"start":{"line":63,"column":12},"end":{"line":63,"column":24}},"16":{"start":{"line":66,"column":20},"end":{"line":66,"column":22}},"17":{"start":{"line":67,"column":16},"end":{"line":67,"column":17}},"18":{"start":{"line":68,"column":8},"end":{"line":79,"column":11}},"19":{"start":{"line":69,"column":29},"end":{"line":69,"column":31}},"20":{"start":{"line":70,"column":20},"end":{"line":70,"column":21}},"21":{"start":{"line":71,"column":12},"end":{"line":77,"column":13}},"22":{"start":{"line":72,"column":16},"end":{"line":76,"column":17}},"23":{"start":{"line":75,"column":20},"end":{"line":75,"column":45}},"24":{"start":{"line":78,"column":12},"end":{"line":78,"column":32}},"25":{"start":{"line":80,"column":8},"end":{"line":80,"column":19}},"26":{"start":{"line":89,"column":28},"end":{"line":89,"column":30}},"27":{"start":{"line":90,"column":8},"end":{"line":94,"column":11}},"28":{"start":{"line":91,"column":12},"end":{"line":93,"column":13}},"29":{"start":{"line":92,"column":16},"end":{"line":92,"column":42}},"30":{"start":{"line":95,"column":20},"end":{"line":95,"column":45}},"31":{"start":{"line":98,"column":8},"end":{"line":107,"column":9}},"32":{"start":{"line":98,"column":21},"end":{"line":98,"column":22}},"33":{"start":{"line":100,"column":12},"end":{"line":106,"column":13}},"34":{"start":{"line":100,"column":25},"end":{"line":100,"column":26}},"35":{"start":{"line":101,"column":16},"end":{"line":105,"column":17}},"36":{"start":{"line":102,"column":20},"end":{"line":102,"column":34}},"37":{"start":{"line":104,"column":20},"end":{"line":104,"column":63}},"38":{"start":{"line":108,"column":8},"end":{"line":108,"column":19}},"39":{"start":{"line":117,"column":23},"end":{"line":117,"column":25}},"40":{"start":{"line":118,"column":8},"end":{"line":118,"column":29}},"41":{"start":{"line":119,"column":20},"end":{"line":119,"column":40}},"42":{"start":{"line":122,"column":8},"end":{"line":124,"column":9}},"43":{"start":{"line":122,"column":21},"end":{"line":122,"column":22}},"44":{"start":{"line":123,"column":12},"end":{"line":123,"column":38}},"45":{"start":{"line":125,"column":8},"end":{"line":125,"column":19}},"46":{"start":{"line":132,"column":20},"end":{"line":132,"column":22}},"47":{"start":{"line":133,"column":8},"end":{"line":137,"column":11}},"48":{"start":{"line":134,"column":12},"end":{"line":136,"column":13}},"49":{"start":{"line":135,"column":16},"end":{"line":135,"column":34}},"50":{"start":{"line":138,"column":8},"end":{"line":138,"column":19}},"51":{"start":{"line":145,"column":8},"end":{"line":145,"column":43}}},"fnMap":{"0":{"name":"(anonymous_0)","decl":{"start":{"line":21,"column":4},"end":{"line":21,"column":5}},"loc":{"start":{"line":21,"column":31},"end":{"line":42,"column":5}},"line":21},"1":{"name":"(anonymous_1)","decl":{"start":{"line":47,"column":4},"end":{"line":47,"column":5}},"loc":{"start":{"line":47,"column":21},"end":{"line":53,"column":5}},"line":47},"2":{"name":"(anonymous_2)","decl":{"start":{"line":61,"column":4},"end":{"line":61,"column":5}},"loc":{"start":{"line":61,"column":21},"end":{"line":81,"column":5}},"line":61},"3":{"name":"(anonymous_3)","decl":{"start":{"line":68,"column":29},"end":{"line":68,"column":30}},"loc":{"start":{"line":68,"column":38},"end":{"line":79,"column":9}},"line":68},"4":{"name":"(anonymous_4)","decl":{"start":{"line":87,"column":4},"end":{"line":87,"column":5}},"loc":{"start":{"line":87,"column":18},"end":{"line":109,"column":5}},"line":87},"5":{"name":"(anonymous_5)","decl":{"start":{"line":90,"column":29},"end":{"line":90,"column":30}},"loc":{"start":{"line":90,"column":42},"end":{"line":94,"column":9}},"line":90},"6":{"name":"(anonymous_6)","decl":{"start":{"line":115,"column":4},"end":{"line":115,"column":5}},"loc":{"start":{"line":115,"column":19},"end":{"line":126,"column":5}},"line":115},"7":{"name":"(anonymous_7)","decl":{"start":{"line":131,"column":4},"end":{"line":131,"column":5}},"loc":{"start":{"line":131,"column":20},"end":{"line":139,"column":5}},"line":131},"8":{"name":"(anonymous_8)","decl":{"start":{"line":133,"column":29},"end":{"line":133,"column":30}},"loc":{"start":{"line":133,"column":42},"end":{"line":137,"column":9}},"line":133},"9":{"name":"(anonymous_9)","decl":{"start":{"line":144,"column":4},"end":{"line":144,"column":5}},"loc":{"start":{"line":144,"column":18},"end":{"line":146,"column":5}},"line":144}},"branchMap":{"0":{"loc":{"start":{"line":25,"column":8},"end":{"line":32,"column":9}},"type":"if","locations":[{"start":{"line":25,"column":8},"end":{"line":32,"column":9}},{"start":{"line":25,"column":8},"end":{"line":32,"column":9}}],"line":25},"1":{"loc":{"start":{"line":38,"column":8},"end":{"line":41,"column":9}},"type":"if","locations":[{"start":{"line":38,"column":8},"end":{"line":41,"column":9}},{"start":{"line":38,"column":8},"end":{"line":41,"column":9}}],"line":38},"2":{"loc":{"start":{"line":49,"column":8},"end":{"line":51,"column":9}},"type":"if","locations":[{"start":{"line":49,"column":8},"end":{"line":51,"column":9}},{"start":{"line":49,"column":8},"end":{"line":51,"column":9}}],"line":49},"3":{"loc":{"start":{"line":49,"column":12},"end":{"line":49,"column":82}},"type":"binary-expr","locations":[{"start":{"line":49,"column":12},"end":{"line":49,"column":38}},{"start":{"line":49,"column":42},"end":{"line":49,"column":82}}],"line":49},"4":{"loc":{"start":{"line":62,"column":8},"end":{"line":64,"column":9}},"type":"if","locations":[{"start":{"line":62,"column":8},"end":{"line":64,"column":9}},{"start":{"line":62,"column":8},"end":{"line":64,"column":9}}],"line":62},"5":{"loc":{"start":{"line":72,"column":16},"end":{"line":76,"column":17}},"type":"if","locations":[{"start":{"line":72,"column":16},"end":{"line":76,"column":17}},{"start":{"line":72,"column":16},"end":{"line":76,"column":17}}],"line":72},"6":{"loc":{"start":{"line":91,"column":12},"end":{"line":93,"column":13}},"type":"if","locations":[{"start":{"line":91,"column":12},"end":{"line":93,"column":13}},{"start":{"line":91,"column":12},"end":{"line":93,"column":13}}],"line":91},"7":{"loc":{"start":{"line":91,"column":16},"end":{"line":91,"column":68}},"type":"binary-expr","locations":[{"start":{"line":91,"column":17},"end":{"line":91,"column":40}},{"start":{"line":91,"column":46},"end":{"line":91,"column":67}}],"line":91},"8":{"loc":{"start":{"line":101,"column":16},"end":{"line":105,"column":17}},"type":"if","locations":[{"start":{"line":101,"column":16},"end":{"line":105,"column":17}},{"start":{"line":101,"column":16},"end":{"line":105,"column":17}}],"line":101},"9":{"loc":{"start":{"line":134,"column":12},"end":{"line":136,"column":13}},"type":"if","locations":[{"start":{"line":134,"column":12},"end":{"line":136,"column":13}},{"start":{"line":134,"column":12},"end":{"line":136,"column":13}}],"line":134},"10":{"loc":{"start":{"line":134,"column":18},"end":{"line":134,"column":60}},"type":"binary-expr","locations":[{"start":{"line":134,"column":18},"end":{"line":134,"column":38}},{"start":{"line":134,"column":42},"end":{"line":134,"column":60}}],"line":134}},"s":{"0":4,"1":4,"2":4,"3":3,"4":3,"5":3,"6":3,"7":3,"8":3,"9":3,"10":1,"11":1,"12":0,"13":1,"14":3,"15":0,"16":3,"17":3,"18":3,"19":30,"20":30,"21":30,"22":120,"23":50,"24":30,"25":3,"26":2,"27":2,"28":8,"29":4,"30":2,"31":2,"32":2,"33":20,"34":20,"35":40,"36":0,"37":40,"38":2,"39":1,"40":1,"41":1,"42":1,"43":1,"44":10,"45":1,"46":3,"47":3,"48":12,"49":6,"50":3,"51":1},"f":{"0":3,"1":1,"2":3,"3":30,"4":2,"5":8,"6":1,"7":3,"8":12,"9":1},"b":{"0":[3,0],"1":[3,0],"2":[0,1],"3":[1,1],"4":[0,3],"5":[50,70],"6":[4,4],"7":[8,6],"8":[0,40],"9":[6,6],"10":[12,9]},"_coverageSchema":"1a1c01bbd47fc00a2c39e90264f33305004495a9","hash":"feccbcbb20040607743d4ddaf592b0be4e017276"}
,"/home/alessandro/Scrivania/Carbon12/addestramento/fileManager/r_predittore.js": {"path":"/home/alessandro/Scrivania/Carbon12/addestramento/fileManager/r_predittore.js","statementMap":{"0":{"start":{"line":13,"column":17},"end":{"line":13,"column":46}},"1":{"start":{"line":14,"column":20},"end":{"line":14,"column":95}},"2":{"start":{"line":29,"column":8},"end":{"line":29,"column":26}},"3":{"start":{"line":30,"column":8},"end":{"line":30,"column":53}},"4":{"start":{"line":40,"column":8},"end":{"line":40,"column":86}},"5":{"start":{"line":48,"column":8},"end":{"line":50,"column":42}},"6":{"start":{"line":49,"column":21},"end":{"line":49,"column":80}},"7":{"start":{"line":57,"column":8},"end":{"line":59,"column":9}},"8":{"start":{"line":58,"column":12},"end":{"line":58,"column":49}},"9":{"start":{"line":60,"column":8},"end":{"line":60,"column":18}},"10":{"start":{"line":67,"column":8},"end":{"line":69,"column":9}},"11":{"start":{"line":68,"column":12},"end":{"line":68,"column":58}},"12":{"start":{"line":70,"column":8},"end":{"line":70,"column":18}},"13":{"start":{"line":77,"column":8},"end":{"line":79,"column":9}},"14":{"start":{"line":78,"column":12},"end":{"line":78,"column":57}},"15":{"start":{"line":80,"column":8},"end":{"line":80,"column":18}},"16":{"start":{"line":92,"column":8},"end":{"line":100,"column":9}},"17":{"start":{"line":93,"column":12},"end":{"line":93,"column":30}},"18":{"start":{"line":94,"column":30},"end":{"line":94,"column":57}},"19":{"start":{"line":95,"column":12},"end":{"line":99,"column":13}},"20":{"start":{"line":96,"column":16},"end":{"line":98,"column":17}},"21":{"start":{"line":97,"column":20},"end":{"line":97,"column":57}},"22":{"start":{"line":101,"column":8},"end":{"line":101,"column":28}},"23":{"start":{"line":108,"column":8},"end":{"line":110,"column":9}},"24":{"start":{"line":109,"column":12},"end":{"line":109,"column":42}},"25":{"start":{"line":111,"column":8},"end":{"line":111,"column":18}},"26":{"start":{"line":118,"column":8},"end":{"line":120,"column":9}},"27":{"start":{"line":119,"column":12},"end":{"line":119,"column":59}},"28":{"start":{"line":121,"column":8},"end":{"line":121,"column":17}},"29":{"start":{"line":129,"column":8},"end":{"line":131,"column":9}},"30":{"start":{"line":130,"column":12},"end":{"line":130,"column":42}},"31":{"start":{"line":132,"column":8},"end":{"line":132,"column":18}},"32":{"start":{"line":140,"column":8},"end":{"line":142,"column":9}},"33":{"start":{"line":141,"column":12},"end":{"line":141,"column":50}},"34":{"start":{"line":143,"column":8},"end":{"line":143,"column":18}},"35":{"start":{"line":147,"column":0},"end":{"line":147,"column":29}}},"fnMap":{"0":{"name":"(anonymous_0)","decl":{"start":{"line":28,"column":4},"end":{"line":28,"column":5}},"loc":{"start":{"line":28,"column":22},"end":{"line":31,"column":5}},"line":28},"1":{"name":"(anonymous_1)","decl":{"start":{"line":39,"column":4},"end":{"line":39,"column":5}},"loc":{"start":{"line":39,"column":34},"end":{"line":41,"column":5}},"line":39},"2":{"name":"(anonymous_2)","decl":{"start":{"line":47,"column":4},"end":{"line":47,"column":5}},"loc":{"start":{"line":47,"column":15},"end":{"line":51,"column":5}},"line":47},"3":{"name":"(anonymous_3)","decl":{"start":{"line":49,"column":12},"end":{"line":49,"column":13}},"loc":{"start":{"line":49,"column":21},"end":{"line":49,"column":80}},"line":49},"4":{"name":"(anonymous_4)","decl":{"start":{"line":56,"column":4},"end":{"line":56,"column":5}},"loc":{"start":{"line":56,"column":15},"end":{"line":61,"column":5}},"line":56},"5":{"name":"(anonymous_5)","decl":{"start":{"line":66,"column":4},"end":{"line":66,"column":5}},"loc":{"start":{"line":66,"column":23},"end":{"line":71,"column":5}},"line":66},"6":{"name":"(anonymous_6)","decl":{"start":{"line":76,"column":4},"end":{"line":76,"column":5}},"loc":{"start":{"line":76,"column":22},"end":{"line":81,"column":5}},"line":76},"7":{"name":"(anonymous_7)","decl":{"start":{"line":91,"column":4},"end":{"line":91,"column":5}},"loc":{"start":{"line":91,"column":19},"end":{"line":102,"column":5}},"line":91},"8":{"name":"(anonymous_8)","decl":{"start":{"line":107,"column":4},"end":{"line":107,"column":5}},"loc":{"start":{"line":107,"column":15},"end":{"line":112,"column":5}},"line":107},"9":{"name":"(anonymous_9)","decl":{"start":{"line":117,"column":4},"end":{"line":117,"column":5}},"loc":{"start":{"line":117,"column":21},"end":{"line":122,"column":5}},"line":117},"10":{"name":"(anonymous_10)","decl":{"start":{"line":128,"column":4},"end":{"line":128,"column":5}},"loc":{"start":{"line":128,"column":15},"end":{"line":133,"column":5}},"line":128},"11":{"name":"(anonymous_11)","decl":{"start":{"line":139,"column":4},"end":{"line":139,"column":5}},"loc":{"start":{"line":139,"column":23},"end":{"line":144,"column":5}},"line":139}},"branchMap":{"0":{"loc":{"start":{"line":30,"column":27},"end":{"line":30,"column":52}},"type":"cond-expr","locations":[{"start":{"line":30,"column":43},"end":{"line":30,"column":47}},{"start":{"line":30,"column":50},"end":{"line":30,"column":52}}],"line":30},"1":{"loc":{"start":{"line":40,"column":15},"end":{"line":40,"column":85}},"type":"binary-expr","locations":[{"start":{"line":40,"column":15},"end":{"line":40,"column":49}},{"start":{"line":40,"column":53},"end":{"line":40,"column":85}}],"line":40},"2":{"loc":{"start":{"line":48,"column":15},"end":{"line":50,"column":41}},"type":"binary-expr","locations":[{"start":{"line":48,"column":15},"end":{"line":50,"column":9}},{"start":{"line":50,"column":13},"end":{"line":50,"column":41}}],"line":48},"3":{"loc":{"start":{"line":57,"column":8},"end":{"line":59,"column":9}},"type":"if","locations":[{"start":{"line":57,"column":8},"end":{"line":59,"column":9}},{"start":{"line":57,"column":8},"end":{"line":59,"column":9}}],"line":57},"4":{"loc":{"start":{"line":67,"column":8},"end":{"line":69,"column":9}},"type":"if","locations":[{"start":{"line":67,"column":8},"end":{"line":69,"column":9}},{"start":{"line":67,"column":8},"end":{"line":69,"column":9}}],"line":67},"5":{"loc":{"start":{"line":77,"column":8},"end":{"line":79,"column":9}},"type":"if","locations":[{"start":{"line":77,"column":8},"end":{"line":79,"column":9}},{"start":{"line":77,"column":8},"end":{"line":79,"column":9}}],"line":77},"6":{"loc":{"start":{"line":92,"column":8},"end":{"line":100,"column":9}},"type":"if","locations":[{"start":{"line":92,"column":8},"end":{"line":100,"column":9}},{"start":{"line":92,"column":8},"end":{"line":100,"column":9}}],"line":92},"7":{"loc":{"start":{"line":96,"column":16},"end":{"line":98,"column":17}},"type":"if","locations":[{"start":{"line":96,"column":16},"end":{"line":98,"column":17}},{"start":{"line":96,"column":16},"end":{"line":98,"column":17}}],"line":96},"8":{"loc":{"start":{"line":108,"column":8},"end":{"line":110,"column":9}},"type":"if","locations":[{"start":{"line":108,"column":8},"end":{"line":110,"column":9}},{"start":{"line":108,"column":8},"end":{"line":110,"column":9}}],"line":108},"9":{"loc":{"start":{"line":118,"column":8},"end":{"line":120,"column":9}},"type":"if","locations":[{"start":{"line":118,"column":8},"end":{"line":120,"column":9}},{"start":{"line":118,"column":8},"end":{"line":120,"column":9}}],"line":118},"10":{"loc":{"start":{"line":129,"column":8},"end":{"line":131,"column":9}},"type":"if","locations":[{"start":{"line":129,"column":8},"end":{"line":131,"column":9}},{"start":{"line":129,"column":8},"end":{"line":131,"column":9}}],"line":129},"11":{"loc":{"start":{"line":140,"column":8},"end":{"line":142,"column":9}},"type":"if","locations":[{"start":{"line":140,"column":8},"end":{"line":142,"column":9}},{"start":{"line":140,"column":8},"end":{"line":142,"column":9}}],"line":140}},"s":{"0":4,"1":4,"2":5,"3":5,"4":3,"5":4,"6":24,"7":5,"8":5,"9":0,"10":3,"11":3,"12":0,"13":3,"14":3,"15":0,"16":4,"17":4,"18":4,"19":4,"20":8,"21":8,"22":4,"23":3,"24":3,"25":0,"26":4,"27":0,"28":4,"29":1,"30":1,"31":0,"32":1,"33":1,"34":0,"35":4},"f":{"0":5,"1":3,"2":4,"3":24,"4":5,"5":3,"6":3,"7":4,"8":3,"9":4,"10":1,"11":1},"b":{"0":[5,0],"1":[3,3],"2":[4,4],"3":[5,0],"4":[3,0],"5":[3,0],"6":[4,0],"7":[8,0],"8":[3,0],"9":[0,4],"10":[1,0],"11":[1,0]},"_coverageSchema":"1a1c01bbd47fc00a2c39e90264f33305004495a9","hash":"60cbcfa8518f80860f4352d39aefe7b7ab365645"}
,"/home/alessandro/Scrivania/Carbon12/addestramento/fileManager/w_predittore.js": {"path":"/home/alessandro/Scrivania/Carbon12/addestramento/fileManager/w_predittore.js","statementMap":{"0":{"start":{"line":13,"column":17},"end":{"line":13,"column":46}},"1":{"start":{"line":28,"column":8},"end":{"line":28,"column":30}},"2":{"start":{"line":38,"column":26},"end":{"line":38,"column":58}},"3":{"start":{"line":39,"column":8},"end":{"line":39,"column":37}},"4":{"start":{"line":40,"column":8},"end":{"line":40,"column":50}},"5":{"start":{"line":41,"column":8},"end":{"line":41,"column":63}},"6":{"start":{"line":42,"column":8},"end":{"line":42,"column":61}},"7":{"start":{"line":50,"column":8},"end":{"line":50,"column":41}},"8":{"start":{"line":51,"column":20},"end":{"line":51,"column":21}},"9":{"start":{"line":52,"column":8},"end":{"line":55,"column":9}},"10":{"start":{"line":53,"column":27},"end":{"line":53,"column":43}},"11":{"start":{"line":54,"column":12},"end":{"line":54,"column":63}},"12":{"start":{"line":63,"column":8},"end":{"line":63,"column":39}},"13":{"start":{"line":71,"column":8},"end":{"line":71,"column":48}},"14":{"start":{"line":79,"column":8},"end":{"line":79,"column":39}},"15":{"start":{"line":87,"column":8},"end":{"line":87,"column":48}},"16":{"start":{"line":95,"column":8},"end":{"line":95,"column":57}},"17":{"start":{"line":99,"column":0},"end":{"line":99,"column":29}}},"fnMap":{"0":{"name":"(anonymous_0)","decl":{"start":{"line":27,"column":4},"end":{"line":27,"column":5}},"loc":{"start":{"line":27,"column":18},"end":{"line":29,"column":5}},"line":27},"1":{"name":"(anonymous_1)","decl":{"start":{"line":37,"column":4},"end":{"line":37,"column":5}},"loc":{"start":{"line":37,"column":50},"end":{"line":43,"column":5}},"line":37},"2":{"name":"(anonymous_2)","decl":{"start":{"line":49,"column":4},"end":{"line":49,"column":5}},"loc":{"start":{"line":49,"column":27},"end":{"line":56,"column":5}},"line":49},"3":{"name":"(anonymous_3)","decl":{"start":{"line":62,"column":4},"end":{"line":62,"column":5}},"loc":{"start":{"line":62,"column":20},"end":{"line":64,"column":5}},"line":62},"4":{"name":"(anonymous_4)","decl":{"start":{"line":70,"column":4},"end":{"line":70,"column":5}},"loc":{"start":{"line":70,"column":28},"end":{"line":72,"column":5}},"line":70},"5":{"name":"(anonymous_5)","decl":{"start":{"line":78,"column":4},"end":{"line":78,"column":5}},"loc":{"start":{"line":78,"column":20},"end":{"line":80,"column":5}},"line":78},"6":{"name":"(anonymous_6)","decl":{"start":{"line":86,"column":4},"end":{"line":86,"column":5}},"loc":{"start":{"line":86,"column":29},"end":{"line":88,"column":5}},"line":86},"7":{"name":"(anonymous_7)","decl":{"start":{"line":94,"column":4},"end":{"line":94,"column":5}},"loc":{"start":{"line":94,"column":11},"end":{"line":96,"column":5}},"line":94}},"branchMap":{"0":{"loc":{"start":{"line":38,"column":26},"end":{"line":38,"column":58}},"type":"cond-expr","locations":[{"start":{"line":38,"column":42},"end":{"line":38,"column":50}},{"start":{"line":38,"column":53},"end":{"line":38,"column":58}}],"line":38}},"s":{"0":3,"1":1,"2":1,"3":1,"4":1,"5":1,"6":1,"7":1,"8":1,"9":1,"10":2,"11":2,"12":1,"13":1,"14":1,"15":1,"16":1,"17":3},"f":{"0":1,"1":1,"2":1,"3":1,"4":1,"5":1,"6":1,"7":1},"b":{"0":[1,0]},"_coverageSchema":"1a1c01bbd47fc00a2c39e90264f33305004495a9","hash":"42d1827495b50f2ab5064f907065643734291ce9"}
,"/home/alessandro/Scrivania/Carbon12/addestramento/models/svm/kernels.js": {"path":"/home/alessandro/Scrivania/Carbon12/addestramento/models/svm/kernels.js","statementMap":{"0":{"start":{"line":14,"column":2},"end":{"line":21,"column":4}},"1":{"start":{"line":15,"column":12},"end":{"line":15,"column":13}},"2":{"start":{"line":16,"column":4},"end":{"line":18,"column":5}},"3":{"start":{"line":16,"column":17},"end":{"line":16,"column":18}},"4":{"start":{"line":17,"column":6},"end":{"line":17,"column":25}},"5":{"start":{"line":19,"column":4},"end":{"line":19,"column":14}},"6":{"start":{"line":20,"column":4},"end":{"line":20,"column":26}},"7":{"start":{"line":25,"column":2},"end":{"line":32,"column":4}},"8":{"start":{"line":26,"column":12},"end":{"line":26,"column":13}},"9":{"start":{"line":27,"column":4},"end":{"line":29,"column":5}},"10":{"start":{"line":27,"column":17},"end":{"line":27,"column":18}},"11":{"start":{"line":28,"column":6},"end":{"line":28,"column":25}},"12":{"start":{"line":30,"column":4},"end":{"line":30,"column":14}},"13":{"start":{"line":31,"column":4},"end":{"line":31,"column":24}},"14":{"start":{"line":36,"column":2},"end":{"line":42,"column":4}},"15":{"start":{"line":37,"column":12},"end":{"line":37,"column":13}},"16":{"start":{"line":38,"column":4},"end":{"line":40,"column":5}},"17":{"start":{"line":38,"column":17},"end":{"line":38,"column":18}},"18":{"start":{"line":39,"column":6},"end":{"line":39,"column":45}},"19":{"start":{"line":41,"column":4},"end":{"line":41,"column":48}},"20":{"start":{"line":46,"column":10},"end":{"line":46,"column":11}},"21":{"start":{"line":47,"column":2},"end":{"line":49,"column":3}},"22":{"start":{"line":47,"column":15},"end":{"line":47,"column":16}},"23":{"start":{"line":48,"column":4},"end":{"line":48,"column":23}},"24":{"start":{"line":50,"column":2},"end":{"line":50,"column":11}},"25":{"start":{"line":53,"column":0},"end":{"line":58,"column":2}}},"fnMap":{"0":{"name":"makePolyKernel","decl":{"start":{"line":13,"column":9},"end":{"line":13,"column":23}},"loc":{"start":{"line":13,"column":30},"end":{"line":22,"column":1}},"line":13},"1":{"name":"(anonymous_1)","decl":{"start":{"line":14,"column":9},"end":{"line":14,"column":10}},"loc":{"start":{"line":14,"column":26},"end":{"line":21,"column":3}},"line":14},"2":{"name":"makeSigmoidKernel","decl":{"start":{"line":24,"column":9},"end":{"line":24,"column":26}},"loc":{"start":{"line":24,"column":30},"end":{"line":33,"column":1}},"line":24},"3":{"name":"(anonymous_3)","decl":{"start":{"line":25,"column":9},"end":{"line":25,"column":10}},"loc":{"start":{"line":25,"column":26},"end":{"line":32,"column":3}},"line":25},"4":{"name":"makeRbfKernel","decl":{"start":{"line":35,"column":9},"end":{"line":35,"column":22}},"loc":{"start":{"line":35,"column":30},"end":{"line":43,"column":1}},"line":35},"5":{"name":"(anonymous_5)","decl":{"start":{"line":36,"column":9},"end":{"line":36,"column":10}},"loc":{"start":{"line":36,"column":26},"end":{"line":42,"column":3}},"line":36},"6":{"name":"linearKernel","decl":{"start":{"line":45,"column":9},"end":{"line":45,"column":21}},"loc":{"start":{"line":45,"column":30},"end":{"line":51,"column":1}},"line":45}},"branchMap":{},"s":{"0":0,"1":0,"2":0,"3":0,"4":0,"5":0,"6":0,"7":0,"8":0,"9":0,"10":0,"11":0,"12":0,"13":0,"14":0,"15":0,"16":0,"17":0,"18":0,"19":0,"20":2044,"21":2044,"22":2044,"23":4088,"24":2044,"25":3},"f":{"0":0,"1":0,"2":0,"3":0,"4":0,"5":0,"6":2044},"b":{},"_coverageSchema":"1a1c01bbd47fc00a2c39e90264f33305004495a9","hash":"30e1ab0c97ebab8a921adb01063d780aeecd8cf0"}
,"/home/alessandro/Scrivania/Carbon12/addestramento/models/svm/svm.js": {"path":"/home/alessandro/Scrivania/Carbon12/addestramento/models/svm/svm.js","statementMap":{"0":{"start":{"line":12,"column":14},"end":{"line":12,"column":39}},"1":{"start":{"line":13,"column":16},"end":{"line":13,"column":39}},"2":{"start":{"line":16,"column":21},"end":{"line":16,"column":41}},"3":{"start":{"line":17,"column":23},"end":{"line":17,"column":45}},"4":{"start":{"line":18,"column":22},"end":{"line":18,"column":43}},"5":{"start":{"line":19,"column":26},"end":{"line":19,"column":51}},"6":{"start":{"line":21,"column":13},"end":{"line":21,"column":14}},"7":{"start":{"line":22,"column":12},"end":{"line":24,"column":1}},"8":{"start":{"line":23,"column":4},"end":{"line":23,"column":27}},"9":{"start":{"line":26,"column":0},"end":{"line":910,"column":2}},"10":{"start":{"line":28,"column":8},"end":{"line":28,"column":31}},"11":{"start":{"line":32,"column":24},"end":{"line":79,"column":9}},"12":{"start":{"line":80,"column":8},"end":{"line":102,"column":9}},"13":{"start":{"line":81,"column":12},"end":{"line":81,"column":56}},"14":{"start":{"line":82,"column":15},"end":{"line":102,"column":9}},"15":{"start":{"line":83,"column":12},"end":{"line":83,"column":54}},"16":{"start":{"line":84,"column":12},"end":{"line":91,"column":14}},"17":{"start":{"line":92,"column":15},"end":{"line":102,"column":9}},"18":{"start":{"line":93,"column":12},"end":{"line":93,"column":53}},"19":{"start":{"line":94,"column":12},"end":{"line":101,"column":14}},"20":{"start":{"line":103,"column":8},"end":{"line":103,"column":23}},"21":{"start":{"line":107,"column":8},"end":{"line":107,"column":25}},"22":{"start":{"line":108,"column":8},"end":{"line":108,"column":29}},"23":{"start":{"line":111,"column":8},"end":{"line":111,"column":42}},"24":{"start":{"line":112,"column":24},"end":{"line":112,"column":36}},"25":{"start":{"line":113,"column":18},"end":{"line":113,"column":34}},"26":{"start":{"line":114,"column":20},"end":{"line":114,"column":39}},"27":{"start":{"line":115,"column":25},"end":{"line":115,"column":46}},"28":{"start":{"line":116,"column":24},"end":{"line":116,"column":48}},"29":{"start":{"line":117,"column":26},"end":{"line":117,"column":49}},"30":{"start":{"line":118,"column":21},"end":{"line":118,"column":42}},"31":{"start":{"line":119,"column":19},"end":{"line":119,"column":36}},"32":{"start":{"line":121,"column":8},"end":{"line":121,"column":19}},"33":{"start":{"line":122,"column":8},"end":{"line":122,"column":23}},"34":{"start":{"line":123,"column":8},"end":{"line":123,"column":33}},"35":{"start":{"line":124,"column":8},"end":{"line":124,"column":31}},"36":{"start":{"line":125,"column":8},"end":{"line":125,"column":35}},"37":{"start":{"line":126,"column":8},"end":{"line":126,"column":24}},"38":{"start":{"line":129,"column":21},"end":{"line":129,"column":33}},"39":{"start":{"line":130,"column":8},"end":{"line":130,"column":35}},"40":{"start":{"line":131,"column":25},"end":{"line":131,"column":33}},"41":{"start":{"line":132,"column":8},"end":{"line":134,"column":9}},"42":{"start":{"line":133,"column":12},"end":{"line":133,"column":55}},"43":{"start":{"line":133,"column":40},"end":{"line":133,"column":55}},"44":{"start":{"line":135,"column":8},"end":{"line":171,"column":9}},"45":{"start":{"line":136,"column":12},"end":{"line":170,"column":13}},"46":{"start":{"line":138,"column":16},"end":{"line":141,"column":17}},"47":{"start":{"line":139,"column":20},"end":{"line":139,"column":47}},"48":{"start":{"line":140,"column":20},"end":{"line":140,"column":42}},"49":{"start":{"line":142,"column":16},"end":{"line":147,"column":17}},"50":{"start":{"line":143,"column":37},"end":{"line":143,"column":60}},"51":{"start":{"line":144,"column":20},"end":{"line":144,"column":45}},"52":{"start":{"line":145,"column":20},"end":{"line":145,"column":44}},"53":{"start":{"line":146,"column":20},"end":{"line":146,"column":53}},"54":{"start":{"line":148,"column":16},"end":{"line":157,"column":17}},"55":{"start":{"line":149,"column":35},"end":{"line":149,"column":54}},"56":{"start":{"line":150,"column":20},"end":{"line":150,"column":41}},"57":{"start":{"line":151,"column":36},"end":{"line":151,"column":58}},"58":{"start":{"line":152,"column":20},"end":{"line":153,"column":38}},"59":{"start":{"line":153,"column":22},"end":{"line":153,"column":36}},"60":{"start":{"line":154,"column":20},"end":{"line":154,"column":47}},"61":{"start":{"line":155,"column":20},"end":{"line":155,"column":45}},"62":{"start":{"line":156,"column":20},"end":{"line":156,"column":63}},"63":{"start":{"line":158,"column":16},"end":{"line":165,"column":17}},"64":{"start":{"line":159,"column":36},"end":{"line":159,"column":58}},"65":{"start":{"line":160,"column":20},"end":{"line":161,"column":38}},"66":{"start":{"line":161,"column":22},"end":{"line":161,"column":36}},"67":{"start":{"line":162,"column":20},"end":{"line":162,"column":47}},"68":{"start":{"line":163,"column":20},"end":{"line":163,"column":45}},"69":{"start":{"line":164,"column":20},"end":{"line":164,"column":58}},"70":{"start":{"line":168,"column":16},"end":{"line":168,"column":43}},"71":{"start":{"line":169,"column":16},"end":{"line":169,"column":40}},"72":{"start":{"line":174,"column":8},"end":{"line":174,"column":29}},"73":{"start":{"line":176,"column":8},"end":{"line":176,"column":34}},"74":{"start":{"line":177,"column":8},"end":{"line":177,"column":37}},"75":{"start":{"line":178,"column":8},"end":{"line":178,"column":47}},"76":{"start":{"line":179,"column":8},"end":{"line":179,"column":21}},"77":{"start":{"line":180,"column":8},"end":{"line":180,"column":27}},"78":{"start":{"line":182,"column":8},"end":{"line":182,"column":39}},"79":{"start":{"line":184,"column":8},"end":{"line":188,"column":9}},"80":{"start":{"line":185,"column":12},"end":{"line":185,"column":49}},"81":{"start":{"line":186,"column":12},"end":{"line":186,"column":73}},"82":{"start":{"line":187,"column":12},"end":{"line":187,"column":71}},"83":{"start":{"line":192,"column":8},"end":{"line":200,"column":9}},"84":{"start":{"line":193,"column":12},"end":{"line":193,"column":51}},"85":{"start":{"line":194,"column":12},"end":{"line":199,"column":13}},"86":{"start":{"line":194,"column":25},"end":{"line":194,"column":26}},"87":{"start":{"line":195,"column":16},"end":{"line":195,"column":58}},"88":{"start":{"line":196,"column":16},"end":{"line":198,"column":17}},"89":{"start":{"line":196,"column":29},"end":{"line":196,"column":30}},"90":{"start":{"line":197,"column":20},"end":{"line":197,"column":77}},"91":{"start":{"line":202,"column":8},"end":{"line":202,"column":50}},"92":{"start":{"line":203,"column":8},"end":{"line":225,"column":9}},"93":{"start":{"line":205,"column":12},"end":{"line":205,"column":26}},"94":{"start":{"line":206,"column":12},"end":{"line":206,"column":28}},"95":{"start":{"line":208,"column":12},"end":{"line":213,"column":13}},"96":{"start":{"line":209,"column":16},"end":{"line":209,"column":40}},"97":{"start":{"line":211,"column":16},"end":{"line":211,"column":35}},"98":{"start":{"line":212,"column":16},"end":{"line":212,"column":29}},"99":{"start":{"line":217,"column":12},"end":{"line":217,"column":23}},"100":{"start":{"line":220,"column":12},"end":{"line":223,"column":13}},"101":{"start":{"line":221,"column":16},"end":{"line":221,"column":39}},"102":{"start":{"line":222,"column":16},"end":{"line":222,"column":27}},"103":{"start":{"line":224,"column":12},"end":{"line":224,"column":25}},"104":{"start":{"line":226,"column":8},"end":{"line":226,"column":46}},"105":{"start":{"line":230,"column":8},"end":{"line":232,"column":9}},"106":{"start":{"line":231,"column":12},"end":{"line":231,"column":35}},"107":{"start":{"line":236,"column":24},"end":{"line":236,"column":26}},"108":{"start":{"line":237,"column":32},"end":{"line":237,"column":52}},"109":{"start":{"line":238,"column":31},"end":{"line":238,"column":50}},"110":{"start":{"line":239,"column":8},"end":{"line":260,"column":28}},"111":{"start":{"line":240,"column":12},"end":{"line":259,"column":13}},"112":{"start":{"line":241,"column":28},"end":{"line":241,"column":29}},"113":{"start":{"line":242,"column":16},"end":{"line":245,"column":17}},"114":{"start":{"line":243,"column":20},"end":{"line":243,"column":43}},"115":{"start":{"line":244,"column":20},"end":{"line":244,"column":28}},"116":{"start":{"line":246,"column":26},"end":{"line":246,"column":43}},"117":{"start":{"line":247,"column":16},"end":{"line":247,"column":32}},"118":{"start":{"line":248,"column":16},"end":{"line":248,"column":23}},"119":{"start":{"line":249,"column":16},"end":{"line":251,"column":17}},"120":{"start":{"line":250,"column":20},"end":{"line":250,"column":104}},"121":{"start":{"line":250,"column":33},"end":{"line":250,"column":34}},"122":{"start":{"line":250,"column":63},"end":{"line":250,"column":102}},"123":{"start":{"line":253,"column":16},"end":{"line":253,"column":45}},"124":{"start":{"line":254,"column":16},"end":{"line":254,"column":29}},"125":{"start":{"line":255,"column":16},"end":{"line":255,"column":23}},"126":{"start":{"line":256,"column":16},"end":{"line":258,"column":17}},"127":{"start":{"line":257,"column":20},"end":{"line":257,"column":104}},"128":{"start":{"line":257,"column":33},"end":{"line":257,"column":34}},"129":{"start":{"line":257,"column":63},"end":{"line":257,"column":102}},"130":{"start":{"line":264,"column":21},"end":{"line":264,"column":30}},"131":{"start":{"line":265,"column":23},"end":{"line":265,"column":34}},"132":{"start":{"line":266,"column":18},"end":{"line":266,"column":24}},"133":{"start":{"line":267,"column":27},"end":{"line":267,"column":28}},"134":{"start":{"line":268,"column":8},"end":{"line":316,"column":9}},"135":{"start":{"line":268,"column":21},"end":{"line":268,"column":22}},"136":{"start":{"line":269,"column":23},"end":{"line":269,"column":58}},"137":{"start":{"line":270,"column":12},"end":{"line":315,"column":13}},"138":{"start":{"line":273,"column":24},"end":{"line":273,"column":25}},"139":{"start":{"line":274,"column":16},"end":{"line":274,"column":66}},"140":{"start":{"line":274,"column":32},"end":{"line":274,"column":66}},"141":{"start":{"line":275,"column":27},"end":{"line":275,"column":62}},"142":{"start":{"line":278,"column":27},"end":{"line":278,"column":40}},"143":{"start":{"line":279,"column":27},"end":{"line":279,"column":40}},"144":{"start":{"line":280,"column":24},"end":{"line":280,"column":25}},"145":{"start":{"line":281,"column":24},"end":{"line":281,"column":25}},"146":{"start":{"line":282,"column":16},"end":{"line":288,"column":17}},"147":{"start":{"line":283,"column":20},"end":{"line":283,"column":49}},"148":{"start":{"line":284,"column":20},"end":{"line":284,"column":45}},"149":{"start":{"line":286,"column":20},"end":{"line":286,"column":45}},"150":{"start":{"line":287,"column":20},"end":{"line":287,"column":49}},"151":{"start":{"line":290,"column":16},"end":{"line":290,"column":53}},"152":{"start":{"line":290,"column":44},"end":{"line":290,"column":53}},"153":{"start":{"line":292,"column":28},"end":{"line":292,"column":107}},"154":{"start":{"line":293,"column":16},"end":{"line":293,"column":39}},"155":{"start":{"line":293,"column":30},"end":{"line":293,"column":39}},"156":{"start":{"line":297,"column":28},"end":{"line":297,"column":60}},"157":{"start":{"line":298,"column":16},"end":{"line":298,"column":41}},"158":{"start":{"line":298,"column":31},"end":{"line":298,"column":41}},"159":{"start":{"line":299,"column":16},"end":{"line":299,"column":41}},"160":{"start":{"line":299,"column":31},"end":{"line":299,"column":41}},"161":{"start":{"line":300,"column":16},"end":{"line":300,"column":58}},"162":{"start":{"line":300,"column":49},"end":{"line":300,"column":58}},"163":{"start":{"line":301,"column":16},"end":{"line":301,"column":38}},"164":{"start":{"line":302,"column":30},"end":{"line":302,"column":71}},"165":{"start":{"line":303,"column":16},"end":{"line":303,"column":38}},"166":{"start":{"line":306,"column":27},"end":{"line":307,"column":72}},"167":{"start":{"line":308,"column":27},"end":{"line":309,"column":72}},"168":{"start":{"line":310,"column":16},"end":{"line":310,"column":41}},"169":{"start":{"line":311,"column":16},"end":{"line":311,"column":56}},"170":{"start":{"line":311,"column":44},"end":{"line":311,"column":56}},"171":{"start":{"line":312,"column":16},"end":{"line":312,"column":56}},"172":{"start":{"line":312,"column":44},"end":{"line":312,"column":56}},"173":{"start":{"line":314,"column":16},"end":{"line":314,"column":31}},"174":{"start":{"line":317,"column":8},"end":{"line":317,"column":45}},"175":{"start":{"line":317,"column":30},"end":{"line":317,"column":43}},"176":{"start":{"line":319,"column":8},"end":{"line":320,"column":29}},"177":{"start":{"line":319,"column":32},"end":{"line":319,"column":46}},"178":{"start":{"line":320,"column":13},"end":{"line":320,"column":29}},"179":{"start":{"line":322,"column":8},"end":{"line":322,"column":20}},"180":{"start":{"line":328,"column":8},"end":{"line":363,"column":9}},"181":{"start":{"line":330,"column":12},"end":{"line":330,"column":39}},"182":{"start":{"line":332,"column":12},"end":{"line":339,"column":13}},"183":{"start":{"line":332,"column":25},"end":{"line":332,"column":26}},"184":{"start":{"line":333,"column":16},"end":{"line":333,"column":22}},"185":{"start":{"line":334,"column":16},"end":{"line":336,"column":17}},"186":{"start":{"line":334,"column":29},"end":{"line":334,"column":30}},"187":{"start":{"line":335,"column":20},"end":{"line":335,"column":74}},"188":{"start":{"line":337,"column":16},"end":{"line":337,"column":30}},"189":{"start":{"line":338,"column":16},"end":{"line":338,"column":34}},"190":{"start":{"line":347,"column":28},"end":{"line":347,"column":30}},"191":{"start":{"line":348,"column":30},"end":{"line":348,"column":32}},"192":{"start":{"line":349,"column":29},"end":{"line":349,"column":31}},"193":{"start":{"line":350,"column":12},"end":{"line":356,"column":13}},"194":{"start":{"line":350,"column":25},"end":{"line":350,"column":26}},"195":{"start":{"line":351,"column":16},"end":{"line":355,"column":17}},"196":{"start":{"line":352,"column":20},"end":{"line":352,"column":47}},"197":{"start":{"line":353,"column":20},"end":{"line":353,"column":51}},"198":{"start":{"line":354,"column":20},"end":{"line":354,"column":49}},"199":{"start":{"line":359,"column":12},"end":{"line":359,"column":32}},"200":{"start":{"line":360,"column":12},"end":{"line":360,"column":36}},"201":{"start":{"line":361,"column":12},"end":{"line":361,"column":34}},"202":{"start":{"line":362,"column":12},"end":{"line":362,"column":38}},"203":{"start":{"line":368,"column":8},"end":{"line":368,"column":34}},"204":{"start":{"line":369,"column":8},"end":{"line":369,"column":37}},"205":{"start":{"line":373,"column":24},"end":{"line":373,"column":42}},"206":{"start":{"line":374,"column":18},"end":{"line":374,"column":19}},"207":{"start":{"line":375,"column":8},"end":{"line":379,"column":9}},"208":{"start":{"line":375,"column":21},"end":{"line":375,"column":22}},"209":{"start":{"line":376,"column":12},"end":{"line":378,"column":13}},"210":{"start":{"line":377,"column":16},"end":{"line":377,"column":43}},"211":{"start":{"line":380,"column":8},"end":{"line":380,"column":19}},"212":{"start":{"line":384,"column":24},"end":{"line":384,"column":42}},"213":{"start":{"line":385,"column":18},"end":{"line":385,"column":19}},"214":{"start":{"line":386,"column":8},"end":{"line":390,"column":9}},"215":{"start":{"line":386,"column":21},"end":{"line":386,"column":22}},"216":{"start":{"line":387,"column":12},"end":{"line":389,"column":13}},"217":{"start":{"line":388,"column":16},"end":{"line":388,"column":33}},"218":{"start":{"line":391,"column":8},"end":{"line":391,"column":19}},"219":{"start":{"line":395,"column":22},"end":{"line":395,"column":24}},"220":{"start":{"line":396,"column":20},"end":{"line":396,"column":21}},"221":{"start":{"line":397,"column":19},"end":{"line":397,"column":21}},"222":{"start":{"line":398,"column":23},"end":{"line":398,"column":25}},"223":{"start":{"line":399,"column":20},"end":{"line":403,"column":9}},"224":{"start":{"line":404,"column":20},"end":{"line":404,"column":24}},"225":{"start":{"line":405,"column":8},"end":{"line":408,"column":9}},"226":{"start":{"line":405,"column":21},"end":{"line":405,"column":22}},"227":{"start":{"line":406,"column":12},"end":{"line":406,"column":50}},"228":{"start":{"line":407,"column":12},"end":{"line":407,"column":54}},"229":{"start":{"line":407,"column":39},"end":{"line":407,"column":52}},"230":{"start":{"line":409,"column":8},"end":{"line":409,"column":23}},"231":{"start":{"line":410,"column":8},"end":{"line":424,"column":9}},"232":{"start":{"line":410,"column":21},"end":{"line":410,"column":22}},"233":{"start":{"line":411,"column":12},"end":{"line":411,"column":43}},"234":{"start":{"line":412,"column":12},"end":{"line":420,"column":13}},"235":{"start":{"line":413,"column":16},"end":{"line":413,"column":39}},"236":{"start":{"line":414,"column":16},"end":{"line":414,"column":36}},"237":{"start":{"line":415,"column":16},"end":{"line":415,"column":40}},"238":{"start":{"line":417,"column":16},"end":{"line":417,"column":33}},"239":{"start":{"line":418,"column":16},"end":{"line":418,"column":30}},"240":{"start":{"line":419,"column":16},"end":{"line":419,"column":35}},"241":{"start":{"line":421,"column":12},"end":{"line":421,"column":75}},"242":{"start":{"line":422,"column":12},"end":{"line":422,"column":29}},"243":{"start":{"line":423,"column":12},"end":{"line":423,"column":33}},"244":{"start":{"line":426,"column":8},"end":{"line":434,"column":9}},"245":{"start":{"line":427,"column":12},"end":{"line":427,"column":49}},"246":{"start":{"line":428,"column":12},"end":{"line":428,"column":46}},"247":{"start":{"line":429,"column":12},"end":{"line":429,"column":50}},"248":{"start":{"line":431,"column":12},"end":{"line":431,"column":48}},"249":{"start":{"line":432,"column":12},"end":{"line":432,"column":45}},"250":{"start":{"line":433,"column":12},"end":{"line":433,"column":56}},"251":{"start":{"line":435,"column":8},"end":{"line":435,"column":62}},"252":{"start":{"line":436,"column":8},"end":{"line":436,"column":24}},"253":{"start":{"line":437,"column":8},"end":{"line":437,"column":32}},"254":{"start":{"line":438,"column":8},"end":{"line":438,"column":19}},"255":{"start":{"line":446,"column":16},"end":{"line":446,"column":17}},"256":{"start":{"line":447,"column":8},"end":{"line":447,"column":60}},"257":{"start":{"line":447,"column":29},"end":{"line":447,"column":40}},"258":{"start":{"line":447,"column":48},"end":{"line":447,"column":60}},"259":{"start":{"line":451,"column":8},"end":{"line":462,"column":9}},"260":{"start":{"line":455,"column":12},"end":{"line":457,"column":13}},"261":{"start":{"line":455,"column":25},"end":{"line":455,"column":26}},"262":{"start":{"line":456,"column":16},"end":{"line":456,"column":41}},"263":{"start":{"line":459,"column":12},"end":{"line":461,"column":13}},"264":{"start":{"line":459,"column":25},"end":{"line":459,"column":26}},"265":{"start":{"line":460,"column":16},"end":{"line":460,"column":86}},"266":{"start":{"line":464,"column":8},"end":{"line":464,"column":17}},"267":{"start":{"line":468,"column":8},"end":{"line":468,"column":50}},"268":{"start":{"line":472,"column":8},"end":{"line":472,"column":59}},"269":{"start":{"line":478,"column":18},"end":{"line":478,"column":29}},"270":{"start":{"line":479,"column":24},"end":{"line":479,"column":36}},"271":{"start":{"line":480,"column":8},"end":{"line":482,"column":9}},"272":{"start":{"line":480,"column":21},"end":{"line":480,"column":22}},"273":{"start":{"line":481,"column":12},"end":{"line":481,"column":49}},"274":{"start":{"line":483,"column":8},"end":{"line":483,"column":23}},"275":{"start":{"line":488,"column":8},"end":{"line":490,"column":9}},"276":{"start":{"line":489,"column":12},"end":{"line":489,"column":44}},"277":{"start":{"line":491,"column":8},"end":{"line":491,"column":55}},"278":{"start":{"line":501,"column":18},"end":{"line":501,"column":37}},"279":{"start":{"line":502,"column":18},"end":{"line":502,"column":30}},"280":{"start":{"line":503,"column":8},"end":{"line":509,"column":9}},"281":{"start":{"line":503,"column":21},"end":{"line":503,"column":22}},"282":{"start":{"line":504,"column":20},"end":{"line":504,"column":23}},"283":{"start":{"line":505,"column":12},"end":{"line":507,"column":13}},"284":{"start":{"line":505,"column":25},"end":{"line":505,"column":26}},"285":{"start":{"line":506,"column":16},"end":{"line":506,"column":70}},"286":{"start":{"line":508,"column":12},"end":{"line":508,"column":21}},"287":{"start":{"line":511,"column":8},"end":{"line":511,"column":32}},"288":{"start":{"line":515,"column":8},"end":{"line":518,"column":9}},"289":{"start":{"line":516,"column":12},"end":{"line":516,"column":96}},"290":{"start":{"line":517,"column":12},"end":{"line":517,"column":22}},"291":{"start":{"line":520,"column":21},"end":{"line":520,"column":23}},"292":{"start":{"line":521,"column":8},"end":{"line":521,"column":53}},"293":{"start":{"line":522,"column":8},"end":{"line":522,"column":24}},"294":{"start":{"line":523,"column":8},"end":{"line":523,"column":59}},"295":{"start":{"line":524,"column":8},"end":{"line":524,"column":24}},"296":{"start":{"line":525,"column":8},"end":{"line":525,"column":79}},"297":{"start":{"line":526,"column":8},"end":{"line":526,"column":24}},"298":{"start":{"line":528,"column":8},"end":{"line":528,"column":42}},"299":{"start":{"line":529,"column":8},"end":{"line":533,"column":9}},"300":{"start":{"line":531,"column":12},"end":{"line":531,"column":92}},"301":{"start":{"line":532,"column":12},"end":{"line":532,"column":28}},"302":{"start":{"line":534,"column":8},"end":{"line":540,"column":9}},"303":{"start":{"line":536,"column":12},"end":{"line":536,"column":42}},"304":{"start":{"line":537,"column":12},"end":{"line":537,"column":34}},"305":{"start":{"line":538,"column":12},"end":{"line":538,"column":38}},"306":{"start":{"line":539,"column":12},"end":{"line":539,"column":36}},"307":{"start":{"line":541,"column":8},"end":{"line":548,"column":9}},"308":{"start":{"line":543,"column":12},"end":{"line":543,"column":44}},"309":{"start":{"line":544,"column":12},"end":{"line":544,"column":38}},"310":{"start":{"line":545,"column":12},"end":{"line":545,"column":34}},"311":{"start":{"line":546,"column":12},"end":{"line":546,"column":38}},"312":{"start":{"line":547,"column":12},"end":{"line":547,"column":36}},"313":{"start":{"line":549,"column":8},"end":{"line":549,"column":20}},"314":{"start":{"line":553,"column":8},"end":{"line":553,"column":24}},"315":{"start":{"line":554,"column":8},"end":{"line":554,"column":24}},"316":{"start":{"line":555,"column":8},"end":{"line":555,"column":24}},"317":{"start":{"line":557,"column":8},"end":{"line":557,"column":42}},"318":{"start":{"line":558,"column":8},"end":{"line":584,"column":9}},"319":{"start":{"line":560,"column":12},"end":{"line":560,"column":28}},"320":{"start":{"line":561,"column":12},"end":{"line":561,"column":30}},"321":{"start":{"line":562,"column":12},"end":{"line":562,"column":39}},"322":{"start":{"line":563,"column":15},"end":{"line":584,"column":9}},"323":{"start":{"line":565,"column":12},"end":{"line":565,"column":42}},"324":{"start":{"line":566,"column":12},"end":{"line":566,"column":55}},"325":{"start":{"line":569,"column":12},"end":{"line":569,"column":34}},"326":{"start":{"line":570,"column":12},"end":{"line":570,"column":38}},"327":{"start":{"line":571,"column":12},"end":{"line":571,"column":36}},"328":{"start":{"line":572,"column":15},"end":{"line":584,"column":9}},"329":{"start":{"line":574,"column":12},"end":{"line":574,"column":38}},"330":{"start":{"line":575,"column":12},"end":{"line":575,"column":44}},"331":{"start":{"line":576,"column":12},"end":{"line":576,"column":70}},"332":{"start":{"line":579,"column":12},"end":{"line":579,"column":34}},"333":{"start":{"line":580,"column":12},"end":{"line":580,"column":38}},"334":{"start":{"line":581,"column":12},"end":{"line":581,"column":36}},"335":{"start":{"line":583,"column":12},"end":{"line":583,"column":78}},"336":{"start":{"line":591,"column":8},"end":{"line":591,"column":30}},"337":{"start":{"line":591,"column":21},"end":{"line":591,"column":30}},"338":{"start":{"line":593,"column":22},"end":{"line":593,"column":35}},"339":{"start":{"line":594,"column":22},"end":{"line":594,"column":35}},"340":{"start":{"line":595,"column":19},"end":{"line":595,"column":33}},"341":{"start":{"line":596,"column":19},"end":{"line":596,"column":33}},"342":{"start":{"line":597,"column":19},"end":{"line":597,"column":31}},"343":{"start":{"line":598,"column":19},"end":{"line":598,"column":31}},"344":{"start":{"line":599,"column":18},"end":{"line":599,"column":25}},"345":{"start":{"line":601,"column":18},"end":{"line":601,"column":24}},"346":{"start":{"line":603,"column":8},"end":{"line":609,"column":9}},"347":{"start":{"line":604,"column":12},"end":{"line":604,"column":47}},"348":{"start":{"line":605,"column":12},"end":{"line":605,"column":43}},"349":{"start":{"line":607,"column":12},"end":{"line":607,"column":43}},"350":{"start":{"line":608,"column":12},"end":{"line":608,"column":47}},"351":{"start":{"line":611,"column":8},"end":{"line":611,"column":30}},"352":{"start":{"line":611,"column":21},"end":{"line":611,"column":30}},"353":{"start":{"line":613,"column":20},"end":{"line":613,"column":43}},"354":{"start":{"line":614,"column":20},"end":{"line":614,"column":43}},"355":{"start":{"line":615,"column":20},"end":{"line":615,"column":43}},"356":{"start":{"line":616,"column":20},"end":{"line":616,"column":39}},"357":{"start":{"line":620,"column":8},"end":{"line":635,"column":9}},"358":{"start":{"line":621,"column":12},"end":{"line":621,"column":46}},"359":{"start":{"line":622,"column":12},"end":{"line":623,"column":36}},"360":{"start":{"line":622,"column":24},"end":{"line":622,"column":31}},"361":{"start":{"line":623,"column":17},"end":{"line":623,"column":36}},"362":{"start":{"line":623,"column":29},"end":{"line":623,"column":36}},"363":{"start":{"line":626,"column":23},"end":{"line":626,"column":113}},"364":{"start":{"line":627,"column":23},"end":{"line":627,"column":113}},"365":{"start":{"line":628,"column":23},"end":{"line":628,"column":46}},"366":{"start":{"line":629,"column":23},"end":{"line":629,"column":46}},"367":{"start":{"line":630,"column":25},"end":{"line":630,"column":162}},"368":{"start":{"line":631,"column":25},"end":{"line":631,"column":162}},"369":{"start":{"line":633,"column":12},"end":{"line":633,"column":117}},"370":{"start":{"line":633,"column":42},"end":{"line":633,"column":49}},"371":{"start":{"line":633,"column":57},"end":{"line":633,"column":117}},"372":{"start":{"line":633,"column":87},"end":{"line":633,"column":94}},"373":{"start":{"line":633,"column":104},"end":{"line":633,"column":115}},"374":{"start":{"line":637,"column":8},"end":{"line":637,"column":84}},"375":{"start":{"line":637,"column":73},"end":{"line":637,"column":82}},"376":{"start":{"line":639,"column":8},"end":{"line":639,"column":38}},"377":{"start":{"line":643,"column":19},"end":{"line":643,"column":122}},"378":{"start":{"line":644,"column":19},"end":{"line":644,"column":122}},"379":{"start":{"line":645,"column":8},"end":{"line":645,"column":33}},"380":{"start":{"line":646,"column":8},"end":{"line":646,"column":42}},"381":{"start":{"line":646,"column":30},"end":{"line":646,"column":42}},"382":{"start":{"line":647,"column":8},"end":{"line":647,"column":42}},"383":{"start":{"line":647,"column":30},"end":{"line":647,"column":42}},"384":{"start":{"line":649,"column":8},"end":{"line":662,"column":9}},"385":{"start":{"line":652,"column":22},"end":{"line":652,"column":41}},"386":{"start":{"line":653,"column":12},"end":{"line":653,"column":34}},"387":{"start":{"line":654,"column":12},"end":{"line":661,"column":13}},"388":{"start":{"line":654,"column":25},"end":{"line":654,"column":26}},"389":{"start":{"line":655,"column":24},"end":{"line":655,"column":27}},"390":{"start":{"line":656,"column":16},"end":{"line":658,"column":17}},"391":{"start":{"line":656,"column":29},"end":{"line":656,"column":30}},"392":{"start":{"line":657,"column":20},"end":{"line":657,"column":74}},"393":{"start":{"line":659,"column":16},"end":{"line":659,"column":30}},"394":{"start":{"line":660,"column":16},"end":{"line":660,"column":34}},"395":{"start":{"line":667,"column":8},"end":{"line":667,"column":27}},"396":{"start":{"line":669,"column":8},"end":{"line":669,"column":27}},"397":{"start":{"line":671,"column":8},"end":{"line":671,"column":17}},"398":{"start":{"line":675,"column":24},"end":{"line":675,"column":26}},"399":{"start":{"line":676,"column":8},"end":{"line":678,"column":9}},"400":{"start":{"line":676,"column":21},"end":{"line":676,"column":22}},"401":{"start":{"line":677,"column":12},"end":{"line":677,"column":69}},"402":{"start":{"line":677,"column":51},"end":{"line":677,"column":67}},"403":{"start":{"line":679,"column":8},"end":{"line":679,"column":23}},"404":{"start":{"line":683,"column":8},"end":{"line":683,"column":47}},"405":{"start":{"line":687,"column":8},"end":{"line":687,"column":61}},"406":{"start":{"line":691,"column":20},"end":{"line":691,"column":21}},"407":{"start":{"line":692,"column":19},"end":{"line":692,"column":31}},"408":{"start":{"line":694,"column":18},"end":{"line":694,"column":20}},"409":{"start":{"line":695,"column":8},"end":{"line":697,"column":9}},"410":{"start":{"line":695,"column":21},"end":{"line":695,"column":22}},"411":{"start":{"line":696,"column":12},"end":{"line":696,"column":33}},"412":{"start":{"line":698,"column":8},"end":{"line":718,"column":9}},"413":{"start":{"line":699,"column":22},"end":{"line":699,"column":26}},"414":{"start":{"line":700,"column":12},"end":{"line":707,"column":13}},"415":{"start":{"line":700,"column":25},"end":{"line":700,"column":26}},"416":{"start":{"line":701,"column":16},"end":{"line":706,"column":17}},"417":{"start":{"line":702,"column":20},"end":{"line":705,"column":21}},"418":{"start":{"line":703,"column":24},"end":{"line":703,"column":34}},"419":{"start":{"line":704,"column":24},"end":{"line":704,"column":35}},"420":{"start":{"line":709,"column":22},"end":{"line":709,"column":26}},"421":{"start":{"line":710,"column":12},"end":{"line":717,"column":13}},"422":{"start":{"line":710,"column":25},"end":{"line":710,"column":26}},"423":{"start":{"line":711,"column":16},"end":{"line":716,"column":17}},"424":{"start":{"line":712,"column":20},"end":{"line":715,"column":21}},"425":{"start":{"line":713,"column":24},"end":{"line":713,"column":34}},"426":{"start":{"line":714,"column":24},"end":{"line":714,"column":35}},"427":{"start":{"line":720,"column":8},"end":{"line":720,"column":21}},"428":{"start":{"line":730,"column":19},"end":{"line":730,"column":33}},"429":{"start":{"line":731,"column":22},"end":{"line":731,"column":35}},"430":{"start":{"line":732,"column":19},"end":{"line":732,"column":31}},"431":{"start":{"line":733,"column":19},"end":{"line":733,"column":26}},"432":{"start":{"line":735,"column":8},"end":{"line":770,"column":9}},"433":{"start":{"line":736,"column":28},"end":{"line":736,"column":51}},"434":{"start":{"line":737,"column":12},"end":{"line":743,"column":13}},"435":{"start":{"line":738,"column":30},"end":{"line":738,"column":53}},"436":{"start":{"line":739,"column":16},"end":{"line":739,"column":38}},"437":{"start":{"line":740,"column":16},"end":{"line":742,"column":17}},"438":{"start":{"line":741,"column":20},"end":{"line":741,"column":29}},"439":{"start":{"line":745,"column":26},"end":{"line":745,"column":27}},"440":{"start":{"line":746,"column":23},"end":{"line":746,"column":60}},"441":{"start":{"line":747,"column":12},"end":{"line":756,"column":13}},"442":{"start":{"line":747,"column":25},"end":{"line":747,"column":29}},"443":{"start":{"line":748,"column":16},"end":{"line":751,"column":17}},"444":{"start":{"line":749,"column":20},"end":{"line":749,"column":27}},"445":{"start":{"line":750,"column":20},"end":{"line":750,"column":29}},"446":{"start":{"line":752,"column":16},"end":{"line":752,"column":43}},"447":{"start":{"line":753,"column":16},"end":{"line":753,"column":62}},"448":{"start":{"line":753,"column":51},"end":{"line":753,"column":60}},"449":{"start":{"line":755,"column":16},"end":{"line":755,"column":26}},"450":{"start":{"line":758,"column":12},"end":{"line":758,"column":24}},"451":{"start":{"line":759,"column":12},"end":{"line":759,"column":59}},"452":{"start":{"line":760,"column":12},"end":{"line":769,"column":13}},"453":{"start":{"line":760,"column":25},"end":{"line":760,"column":29}},"454":{"start":{"line":761,"column":16},"end":{"line":764,"column":17}},"455":{"start":{"line":762,"column":20},"end":{"line":762,"column":27}},"456":{"start":{"line":763,"column":20},"end":{"line":763,"column":29}},"457":{"start":{"line":765,"column":16},"end":{"line":765,"column":34}},"458":{"start":{"line":767,"column":16},"end":{"line":767,"column":62}},"459":{"start":{"line":767,"column":51},"end":{"line":767,"column":60}},"460":{"start":{"line":768,"column":16},"end":{"line":768,"column":26}},"461":{"start":{"line":771,"column":8},"end":{"line":771,"column":17}},"462":{"start":{"line":775,"column":8},"end":{"line":775,"column":60}},"463":{"start":{"line":776,"column":8},"end":{"line":776,"column":22}},"464":{"start":{"line":778,"column":8},"end":{"line":778,"column":35}},"465":{"start":{"line":778,"column":26},"end":{"line":778,"column":35}},"466":{"start":{"line":779,"column":25},"end":{"line":779,"column":26}},"467":{"start":{"line":780,"column":25},"end":{"line":780,"column":26}},"468":{"start":{"line":781,"column":8},"end":{"line":781,"column":22}},"469":{"start":{"line":782,"column":8},"end":{"line":782,"column":34}},"470":{"start":{"line":784,"column":8},"end":{"line":799,"column":9}},"471":{"start":{"line":785,"column":12},"end":{"line":785,"column":27}},"472":{"start":{"line":786,"column":12},"end":{"line":796,"column":13}},"473":{"start":{"line":787,"column":16},"end":{"line":789,"column":17}},"474":{"start":{"line":787,"column":29},"end":{"line":787,"column":30}},"475":{"start":{"line":788,"column":20},"end":{"line":788,"column":71}},"476":{"start":{"line":791,"column":16},"end":{"line":795,"column":17}},"477":{"start":{"line":791,"column":29},"end":{"line":791,"column":30}},"478":{"start":{"line":792,"column":20},"end":{"line":794,"column":21}},"479":{"start":{"line":793,"column":24},"end":{"line":793,"column":75}},"480":{"start":{"line":797,"column":12},"end":{"line":797,"column":100}},"481":{"start":{"line":797,"column":36},"end":{"line":797,"column":51}},"482":{"start":{"line":797,"column":59},"end":{"line":797,"column":100}},"483":{"start":{"line":797,"column":83},"end":{"line":797,"column":98}},"484":{"start":{"line":798,"column":12},"end":{"line":798,"column":24}},"485":{"start":{"line":813,"column":8},"end":{"line":813,"column":35}},"486":{"start":{"line":819,"column":18},"end":{"line":819,"column":46}},"487":{"start":{"line":820,"column":20},"end":{"line":820,"column":21}},"488":{"start":{"line":821,"column":8},"end":{"line":826,"column":9}},"489":{"start":{"line":821,"column":21},"end":{"line":821,"column":22}},"490":{"start":{"line":822,"column":12},"end":{"line":822,"column":59}},"491":{"start":{"line":823,"column":12},"end":{"line":825,"column":13}},"492":{"start":{"line":824,"column":16},"end":{"line":824,"column":28}},"493":{"start":{"line":827,"column":8},"end":{"line":827,"column":19}},"494":{"start":{"line":834,"column":8},"end":{"line":834,"column":30}},"495":{"start":{"line":835,"column":8},"end":{"line":835,"column":31}},"496":{"start":{"line":839,"column":8},"end":{"line":839,"column":44}},"497":{"start":{"line":840,"column":8},"end":{"line":840,"column":26}},"498":{"start":{"line":841,"column":8},"end":{"line":841,"column":27}},"499":{"start":{"line":842,"column":8},"end":{"line":842,"column":28}},"500":{"start":{"line":846,"column":16},"end":{"line":846,"column":23}},"501":{"start":{"line":847,"column":8},"end":{"line":849,"column":9}},"502":{"start":{"line":847,"column":21},"end":{"line":847,"column":22}},"503":{"start":{"line":848,"column":12},"end":{"line":848,"column":67}},"504":{"start":{"line":850,"column":8},"end":{"line":850,"column":17}},"505":{"start":{"line":854,"column":8},"end":{"line":854,"column":53}},"506":{"start":{"line":857,"column":22},"end":{"line":857,"column":55}},"507":{"start":{"line":858,"column":23},"end":{"line":858,"column":57}},"508":{"start":{"line":859,"column":21},"end":{"line":859,"column":53}},"509":{"start":{"line":860,"column":19},"end":{"line":860,"column":35}},"510":{"start":{"line":863,"column":8},"end":{"line":885,"column":9}},"511":{"start":{"line":863,"column":21},"end":{"line":863,"column":22}},"512":{"start":{"line":864,"column":12},"end":{"line":864,"column":78}},"513":{"start":{"line":866,"column":12},"end":{"line":877,"column":13
[...]
:{"line":389,"column":13}},"type":"if","locations":[{"start":{"line":387,"column":12},"end":{"line":389,"column":13}},{"start":{"line":387,"column":12},"end":{"line":389,"column":13}}],"line":387},"58":{"loc":{"start":{"line":407,"column":12},"end":{"line":407,"column":54}},"type":"if","locations":[{"start":{"line":407,"column":12},"end":{"line":407,"column":54}},{"start":{"line":407,"column":12},"end":{"line":407,"column":54}}],"line":407},"59":{"loc":{"start":{"line":412,"column":12},"end":{"line":420,"column":13}},"type":"if","locations":[{"start":{"line":412,"column":12},"end":{"line":420,"column":13}},{"start":{"line":412,"column":12},"end":{"line":420,"column":13}}],"line":412},"60":{"loc":{"start":{"line":426,"column":8},"end":{"line":434,"column":9}},"type":"if","locations":[{"start":{"line":426,"column":8},"end":{"line":434,"column":9}},{"start":{"line":426,"column":8},"end":{"line":434,"column":9}}],"line":426},"61":{"loc":{"start":{"line":447,"column":8},"end":{"line":447,"column":60}},"type":"if","locations":[{"start":{"line":447,"column":8},"end":{"line":447,"column":60}},{"start":{"line":447,"column":8},"end":{"line":447,"column":60}}],"line":447},"62":{"loc":{"start":{"line":451,"column":8},"end":{"line":462,"column":9}},"type":"if","locations":[{"start":{"line":451,"column":8},"end":{"line":462,"column":9}},{"start":{"line":451,"column":8},"end":{"line":462,"column":9}}],"line":451},"63":{"loc":{"start":{"line":468,"column":15},"end":{"line":468,"column":49}},"type":"cond-expr","locations":[{"start":{"line":468,"column":43},"end":{"line":468,"column":44}},{"start":{"line":468,"column":47},"end":{"line":468,"column":49}}],"line":468},"64":{"loc":{"start":{"line":488,"column":8},"end":{"line":490,"column":9}},"type":"if","locations":[{"start":{"line":488,"column":8},"end":{"line":490,"column":9}},{"start":{"line":488,"column":8},"end":{"line":490,"column":9}}],"line":488},"65":{"loc":{"start":{"line":515,"column":8},"end":{"line":518,"column":9}},"type":"if","locations":[{"start":{"line":515,"column":8},"end":{"line":518,"column":9}},{"start":{"line":515,"column":8},"end":{"line":518,"column":9}}],"line":515},"66":{"loc":{"start":{"line":529,"column":8},"end":{"line":533,"column":9}},"type":"if","locations":[{"start":{"line":529,"column":8},"end":{"line":533,"column":9}},{"start":{"line":529,"column":8},"end":{"line":533,"column":9}}],"line":529},"67":{"loc":{"start":{"line":534,"column":8},"end":{"line":540,"column":9}},"type":"if","locations":[{"start":{"line":534,"column":8},"end":{"line":540,"column":9}},{"start":{"line":534,"column":8},"end":{"line":540,"column":9}}],"line":534},"68":{"loc":{"start":{"line":541,"column":8},"end":{"line":548,"column":9}},"type":"if","locations":[{"start":{"line":541,"column":8},"end":{"line":548,"column":9}},{"start":{"line":541,"column":8},"end":{"line":548,"column":9}}],"line":541},"69":{"loc":{"start":{"line":558,"column":8},"end":{"line":584,"column":9}},"type":"if","locations":[{"start":{"line":558,"column":8},"end":{"line":584,"column":9}},{"start":{"line":558,"column":8},"end":{"line":584,"column":9}}],"line":558},"70":{"loc":{"start":{"line":563,"column":15},"end":{"line":584,"column":9}},"type":"if","locations":[{"start":{"line":563,"column":15},"end":{"line":584,"column":9}},{"start":{"line":563,"column":15},"end":{"line":584,"column":9}}],"line":563},"71":{"loc":{"start":{"line":572,"column":15},"end":{"line":584,"column":9}},"type":"if","locations":[{"start":{"line":572,"column":15},"end":{"line":584,"column":9}},{"start":{"line":572,"column":15},"end":{"line":584,"column":9}}],"line":572},"72":{"loc":{"start":{"line":591,"column":8},"end":{"line":591,"column":30}},"type":"if","locations":[{"start":{"line":591,"column":8},"end":{"line":591,"column":30}},{"start":{"line":591,"column":8},"end":{"line":591,"column":30}}],"line":591},"73":{"loc":{"start":{"line":603,"column":8},"end":{"line":609,"column":9}},"type":"if","locations":[{"start":{"line":603,"column":8},"end":{"line":609,"column":9}},{"start":{"line":603,"column":8},"end":{"line":609,"column":9}}],"line":603},"74":{"loc":{"start":{"line":611,"column":8},"end":{"line":611,"column":30}},"type":"if","locations":[{"start":{"line":611,"column":8},"end":{"line":611,"column":30}},{"start":{"line":611,"column":8},"end":{"line":611,"column":30}}],"line":611},"75":{"loc":{"start":{"line":620,"column":8},"end":{"line":635,"column":9}},"type":"if","locations":[{"start":{"line":620,"column":8},"end":{"line":635,"column":9}},{"start":{"line":620,"column":8},"end":{"line":635,"column":9}}],"line":620},"76":{"loc":{"start":{"line":622,"column":12},"end":{"line":623,"column":36}},"type":"if","locations":[{"start":{"line":622,"column":12},"end":{"line":623,"column":36}},{"start":{"line":622,"column":12},"end":{"line":623,"column":36}}],"line":622},"77":{"loc":{"start":{"line":623,"column":17},"end":{"line":623,"column":36}},"type":"if","locations":[{"start":{"line":623,"column":17},"end":{"line":623,"column":36}},{"start":{"line":623,"column":17},"end":{"line":623,"column":36}}],"line":623},"78":{"loc":{"start":{"line":633,"column":12},"end":{"line":633,"column":117}},"type":"if","locations":[{"start":{"line":633,"column":12},"end":{"line":633,"column":117}},{"start":{"line":633,"column":12},"end":{"line":633,"column":117}}],"line":633},"79":{"loc":{"start":{"line":633,"column":57},"end":{"line":633,"column":117}},"type":"if","locations":[{"start":{"line":633,"column":57},"end":{"line":633,"column":117}},{"start":{"line":633,"column":57},"end":{"line":633,"column":117}}],"line":633},"80":{"loc":{"start":{"line":637,"column":8},"end":{"line":637,"column":84}},"type":"if","locations":[{"start":{"line":637,"column":8},"end":{"line":637,"column":84}},{"start":{"line":637,"column":8},"end":{"line":637,"column":84}}],"line":637},"81":{"loc":{"start":{"line":646,"column":8},"end":{"line":646,"column":42}},"type":"if","locations":[{"start":{"line":646,"column":8},"end":{"line":646,"column":42}},{"start":{"line":646,"column":8},"end":{"line":646,"column":42}}],"line":646},"82":{"loc":{"start":{"line":646,"column":12},"end":{"line":646,"column":28}},"type":"binary-expr","locations":[{"start":{"line":646,"column":12},"end":{"line":646,"column":18}},{"start":{"line":646,"column":22},"end":{"line":646,"column":28}}],"line":646},"83":{"loc":{"start":{"line":647,"column":8},"end":{"line":647,"column":42}},"type":"if","locations":[{"start":{"line":647,"column":8},"end":{"line":647,"column":42}},{"start":{"line":647,"column":8},"end":{"line":647,"column":42}}],"line":647},"84":{"loc":{"start":{"line":647,"column":12},"end":{"line":647,"column":28}},"type":"binary-expr","locations":[{"start":{"line":647,"column":12},"end":{"line":647,"column":18}},{"start":{"line":647,"column":22},"end":{"line":647,"column":28}}],"line":647},"85":{"loc":{"start":{"line":649,"column":8},"end":{"line":662,"column":9}},"type":"if","locations":[{"start":{"line":649,"column":8},"end":{"line":662,"column":9}},{"start":{"line":649,"column":8},"end":{"line":662,"column":9}}],"line":649},"86":{"loc":{"start":{"line":677,"column":12},"end":{"line":677,"column":69}},"type":"if","locations":[{"start":{"line":677,"column":12},"end":{"line":677,"column":69}},{"start":{"line":677,"column":12},"end":{"line":677,"column":69}}],"line":677},"87":{"loc":{"start":{"line":683,"column":15},"end":{"line":683,"column":46}},"type":"binary-expr","locations":[{"start":{"line":683,"column":15},"end":{"line":683,"column":26}},{"start":{"line":683,"column":30},"end":{"line":683,"column":46}}],"line":683},"88":{"loc":{"start":{"line":698,"column":8},"end":{"line":718,"column":9}},"type":"if","locations":[{"start":{"line":698,"column":8},"end":{"line":718,"column":9}},{"start":{"line":698,"column":8},"end":{"line":718,"column":9}}],"line":698},"89":{"loc":{"start":{"line":701,"column":16},"end":{"line":706,"column":17}},"type":"if","locations":[{"start":{"line":701,"column":16},"end":{"line":706,"column":17}},{"start":{"line":701,"column":16},"end":{"line":706,"column":17}}],"line":701},"90":{"loc":{"start":{"line":702,"column":20},"end":{"line":705,"column":21}},"type":"if","locations":[{"start":{"line":702,"column":20},"end":{"line":705,"column":21}},{"start":{"line":702,"column":20},"end":{"line":705,"column":21}}],"line":702},"91":{"loc":{"start":{"line":711,"column":16},"end":{"line":716,"column":17}},"type":"if","locations":[{"start":{"line":711,"column":16},"end":{"line":716,"column":17}},{"start":{"line":711,"column":16},"end":{"line":716,"column":17}}],"line":711},"92":{"loc":{"start":{"line":712,"column":20},"end":{"line":715,"column":21}},"type":"if","locations":[{"start":{"line":712,"column":20},"end":{"line":715,"column":21}},{"start":{"line":712,"column":20},"end":{"line":715,"column":21}}],"line":712},"93":{"loc":{"start":{"line":735,"column":8},"end":{"line":770,"column":9}},"type":"if","locations":[{"start":{"line":735,"column":8},"end":{"line":770,"column":9}},{"start":{"line":735,"column":8},"end":{"line":770,"column":9}}],"line":735},"94":{"loc":{"start":{"line":735,"column":12},"end":{"line":735,"column":78}},"type":"binary-expr","locations":[{"start":{"line":735,"column":13},"end":{"line":735,"column":27}},{"start":{"line":735,"column":31},"end":{"line":735,"column":45}},{"start":{"line":735,"column":51},"end":{"line":735,"column":64}},{"start":{"line":735,"column":68},"end":{"line":735,"column":77}}],"line":735},"95":{"loc":{"start":{"line":737,"column":12},"end":{"line":743,"column":13}},"type":"if","locations":[{"start":{"line":737,"column":12},"end":{"line":743,"column":13}},{"start":{"line":737,"column":12},"end":{"line":743,"column":13}}],"line":737},"96":{"loc":{"start":{"line":740,"column":16},"end":{"line":742,"column":17}},"type":"if","locations":[{"start":{"line":740,"column":16},"end":{"line":742,"column":17}},{"start":{"line":740,"column":16},"end":{"line":742,"column":17}}],"line":740},"97":{"loc":{"start":{"line":748,"column":16},"end":{"line":751,"column":17}},"type":"if","locations":[{"start":{"line":748,"column":16},"end":{"line":751,"column":17}},{"start":{"line":748,"column":16},"end":{"line":751,"column":17}}],"line":748},"98":{"loc":{"start":{"line":753,"column":16},"end":{"line":753,"column":62}},"type":"if","locations":[{"start":{"line":753,"column":16},"end":{"line":753,"column":62}},{"start":{"line":753,"column":16},"end":{"line":753,"column":62}}],"line":753},"99":{"loc":{"start":{"line":761,"column":16},"end":{"line":764,"column":17}},"type":"if","locations":[{"start":{"line":761,"column":16},"end":{"line":764,"column":17}},{"start":{"line":761,"column":16},"end":{"line":764,"column":17}}],"line":761},"100":{"loc":{"start":{"line":767,"column":16},"end":{"line":767,"column":62}},"type":"if","locations":[{"start":{"line":767,"column":16},"end":{"line":767,"column":62}},{"start":{"line":767,"column":16},"end":{"line":767,"column":62}}],"line":767},"101":{"loc":{"start":{"line":778,"column":8},"end":{"line":778,"column":35}},"type":"if","locations":[{"start":{"line":778,"column":8},"end":{"line":778,"column":35}},{"start":{"line":778,"column":8},"end":{"line":778,"column":35}}],"line":778},"102":{"loc":{"start":{"line":784,"column":15},"end":{"line":784,"column":73}},"type":"binary-expr","locations":[{"start":{"line":784,"column":16},"end":{"line":784,"column":30}},{"start":{"line":784,"column":34},"end":{"line":784,"column":44}},{"start":{"line":784,"column":49},"end":{"line":784,"column":73}}],"line":784},"103":{"loc":{"start":{"line":786,"column":12},"end":{"line":796,"column":13}},"type":"if","locations":[{"start":{"line":786,"column":12},"end":{"line":796,"column":13}},{"start":{"line":786,"column":12},"end":{"line":796,"column":13}}],"line":786},"104":{"loc":{"start":{"line":792,"column":20},"end":{"line":794,"column":21}},"type":"if","locations":[{"start":{"line":792,"column":20},"end":{"line":794,"column":21}},{"start":{"line":792,"column":20},"end":{"line":794,"column":21}}],"line":792},"105":{"loc":{"start":{"line":797,"column":12},"end":{"line":797,"column":100}},"type":"if","locations":[{"start":{"line":797,"column":12},"end":{"line":797,"column":100}},{"start":{"line":797,"column":12},"end":{"line":797,"column":100}}],"line":797},"106":{"loc":{"start":{"line":797,"column":59},"end":{"line":797,"column":100}},"type":"if","locations":[{"start":{"line":797,"column":59},"end":{"line":797,"column":100}},{"start":{"line":797,"column":59},"end":{"line":797,"column":100}}],"line":797},"107":{"loc":{"start":{"line":823,"column":12},"end":{"line":825,"column":13}},"type":"if","locations":[{"start":{"line":823,"column":12},"end":{"line":825,"column":13}},{"start":{"line":823,"column":12},"end":{"line":825,"column":13}}],"line":823},"108":{"loc":{"start":{"line":866,"column":12},"end":{"line":877,"column":13}},"type":"if","locations":[{"start":{"line":866,"column":12},"end":{"line":877,"column":13}},{"start":{"line":866,"column":12},"end":{"line":877,"column":13}}],"line":866},"109":{"loc":{"start":{"line":870,"column":16},"end":{"line":876,"column":17}},"type":"if","locations":[{"start":{"line":870,"column":16},"end":{"line":876,"column":17}},{"start":{"line":870,"column":16},"end":{"line":876,"column":17}}],"line":870},"110":{"loc":{"start":{"line":879,"column":12},"end":{"line":884,"column":13}},"type":"if","locations":[{"start":{"line":879,"column":12},"end":{"line":884,"column":13}},{"start":{"line":879,"column":12},"end":{"line":884,"column":13}}],"line":879},"111":{"loc":{"start":{"line":903,"column":12},"end":{"line":906,"column":13}},"type":"if","locations":[{"start":{"line":903,"column":12},"end":{"line":906,"column":13}},{"start":{"line":903,"column":12},"end":{"line":906,"column":13}}],"line":903},"112":{"loc":{"start":{"line":908,"column":8},"end":{"line":908,"column":40}},"type":"if","locations":[{"start":{"line":908,"column":8},"end":{"line":908,"column":40}},{"start":{"line":908,"column":8},"end":{"line":908,"column":40}}],"line":908}},"s":{"0":3,"1":3,"2":3,"3":3,"4":3,"5":3,"6":3,"7":3,"8":1,"9":3,"10":0,"11":0,"12":0,"13":0,"14":0,"15":0,"16":0,"17":0,"18":0,"19":0,"20":0,"21":1,"22":1,"23":1,"24":1,"25":1,"26":1,"27":1,"28":1,"29":1,"30":1,"31":1,"32":1,"33":1,"34":1,"35":1,"36":1,"37":1,"38":1,"39":1,"40":1,"41":1,"42":0,"43":0,"44":1,"45":0,"46":0,"47":0,"48":0,"49":0,"50":0,"51":0,"52":0,"53":0,"54":0,"55":0,"56":0,"57":0,"58":0,"59":0,"60":0,"61":0,"62":0,"63":0,"64":0,"65":0,"66":0,"67":0,"68":0,"69":0,"70":0,"71":0,"72":1,"73":1,"74":1,"75":1,"76":1,"77":1,"78":1,"79":1,"80":0,"81":0,"82":0,"83":1,"84":0,"85":0,"86":0,"87":0,"88":0,"89":0,"90":0,"91":1,"92":1,"93":0,"94":0,"95":0,"96":0,"97":0,"98":0,"99":1,"100":1,"101":0,"102":0,"103":1,"104":1,"105":0,"106":0,"107":0,"108":0,"109":0,"110":0,"111":0,"112":0,"113":0,"114":0,"115":0,"116":0,"117":0,"118":0,"119":0,"120":0,"121":0,"122":0,"123":0,"124":0,"125":0,"126":0,"127":0,"128":0,"129":0,"130":0,"131":0,"132":0,"133":0,"134":0,"135":0,"136":0,"137":0,"138":0,"139":0,"140":0,"141":0,"142":0,"143":0,"144":0,"145":0,"146":0,"147":0,"148":0,"149":0,"150":0,"151":0,"152":0,"153":0,"154":0,"155":0,"156":0,"157":0,"158":0,"159":0,"160":0,"161":0,"162":0,"163":0,"164":0,"165":0,"166":0,"167":0,"168":0,"169":0,"170":0,"171":0,"172":0,"173":0,"174":0,"175":0,"176":0,"177":0,"178":0,"179":0,"180":1,"181":1,"182":1,"183":1,"184":2,"185":2,"186":2,"187":20,"188":2,"189":2,"190":0,"191":0,"192":0,"193":0,"194":0,"195":0,"196":0,"197":0,"198":0,"199":0,"200":0,"201":0,"202":0,"203":1,"204":1,"205":0,"206":0,"207":0,"208":0,"209":0,"210":0,"211":0,"212":0,"213":0,"214":0,"215":0,"216":0,"217":0,"218":0,"219":0,"220":0,"221":0,"222":0,"223":0,"224":0,"225":0,"226":0,"227":0,"228":0,"229":0,"230":0,"231":0,"232":0,"233":0,"234":0,"235":0,"236":0,"237":0,"238":0,"239":0,"240":0,"241":0,"242":0,"243":0,"244":0,"245":0,"246":0,"247":0,"248":0,"249":0,"250":0,"251":0,"252":0,"253":0,"254":0,"255":190,"256":190,"257":0,"258":190,"259":190,"260":0,"261":0,"262":0,"263":190,"264":190,"265":1900,"266":190,"267":0,"268":0,"269":0,"270":0,"271":0,"272":0,"273":0,"274":0,"275":144,"276":0,"277":144,"278":0,"279":0,"280":0,"281":0,"282":0,"283":0,"284":0,"285":0,"286":0,"287":0,"288":1,"289":0,"290":0,"291":1,"292":1,"293":1,"294":1,"295":1,"296":1,"297":1,"298":1,"299":1,"300":1,"301":1,"302":1,"303":0,"304":0,"305":0,"306":0,"307":1,"308":0,"309":0,"310":0,"311":0,"312":0,"313":1,"314":0,"315":0,"316":0,"317":0,"318":0,"319":0,"320":0,"321":0,"322":0,"323":0,"324":0,"325":0,"326":0,"327":0,"328":0,"329":0,"330":0,"331":0,"332":0,"333":0,"334":0,"335":0,"336":100,"337":10,"338":90,"339":90,"340":90,"341":90,"342":90,"343":90,"344":90,"345":90,"346":90,"347":42,"348":42,"349":48,"350":48,"351":90,"352":42,"353":48,"354":48,"355":48,"356":48,"357":48,"358":48,"359":48,"360":0,"361":48,"362":0,"363":0,"364":0,"365":0,"366":0,"367":0,"368":0,"369":0,"370":0,"371":0,"372":0,"373":0,"374":48,"375":48,"376":0,"377":0,"378":0,"379":0,"380":0,"381":0,"382":0,"383":0,"384":0,"385":0,"386":0,"387":0,"388":0,"389":0,"390":0,"391":0,"392":0,"393":0,"394":0,"395":0,"396":0,"397":0,"398":10,"399":10,"400":10,"401":100,"402":0,"403":10,"404":100,"405":190,"406":0,"407":0,"408":0,"409":0,"410":0,"411":0,"412":0,"413":0,"414":0,"415":0,"416":0,"417":0,"418":0,"419":0,"420":0,"421":0,"422":0,"423":0,"424":0,"425":0,"426":0,"427":0,"428":10,"429":10,"430":10,"431":10,"432":10,"433":10,"434":10,"435":0,"436":0,"437":0,"438":0,"439":10,"440":10,"441":10,"442":10,"443":0,"444":0,"445":0,"446":0,"447":0,"448":0,"449":0,"450":10,"451":10,"452":10,"453":10,"454":107,"455":7,"456":7,"457":100,"458":100,"459":0,"460":100,"461":10,"462":1,"463":1,"464":1,"465":0,"466":1,"467":1,"468":1,"469":1,"470":1,"471":1,"472":1,"473":1,"474":1,"475":10,"476":0,"477":0,"478":0,"479":0,"480":1,"481":1,"482":0,"483":0,"484":1,"485":1,"486":0,"487":0,"488":0,"489":0,"490":0,"491":0,"492":0,"493":0,"494":0,"495":0,"496":0,"497":0,"498":0,"499":0,"500":0,"501":0,"502":0,"503":0,"504":0,"505":0,"506":0,"507":0,"508":0,"509":0,"510":0,"511":0,"512":0,"513":0,"514":0,"515":0,"516":0,"517":0,"518":0,"519":0,"520":0,"521":0,"522":0,"523":0,"524":0,"525":0,"526":0,"527":0,"528":0,"529":0,"530":0,"531":0,"532":0,"533":0,"534":0,"535":0,"536":0,"537":0,"538":0,"539":0,"540":0,"541":0,"542":0,"543":0,"544":3},"f":{"0":1,"1":0,"2":0,"3":1,"4":0,"5":0,"6":0,"7":0,"8":1,"9":1,"10":0,"11":0,"12":0,"13":190,"14":0,"15":0,"16":0,"17":144,"18":0,"19":1,"20":0,"21":100,"22":10,"23":100,"24":190,"25":0,"26":10,"27":1,"28":0,"29":0,"30":0,"31":0,"32":0,"33":0},"b":{"0":[0,0],"1":[0,0],"2":[0,0],"3":[1,1],"4":[1,1],"5":[1,1],"6":[1,1],"7":[1,1],"8":[1,1],"9":[1,1],"10":[1,1],"11":[0,0],"12":[0,1],"13":[0,0],"14":[0,0],"15":[0,0],"16":[0,0],"17":[0,0],"18":[0,0],"19":[0,0],"20":[0,0],"21":[0,0],"22":[0,0],"23":[0,0],"24":[0,1],"25":[0,0],"26":[0,0],"27":[0,0],"28":[0,1],"29":[1,1],"30":[0,1],"31":[0,0],"32":[0,1],"33":[0,0],"34":[0,0],"35":[0,0],"36":[0,0,0],"37":[0,0],"38":[0,0],"39":[0,0],"40":[0,0,0,0],"41":[0,0],"42":[0,0],"43":[0,0],"44":[0,0],"45":[0,0],"46":[0,0],"47":[0,0],"48":[0,0],"49":[0,0],"50":[0,0],"51":[0,0],"52":[0,0],"53":[1,0],"54":[1,0,0],"55":[0,0],"56":[0,0],"57":[0,0],"58":[0,0],"59":[0,0],"60":[0,0],"61":[0,190],"62":[0,190],"63":[0,0],"64":[0,144],"65":[0,1],"66":[1,0],"67":[0,1],"68":[0,1],"69":[0,0],"70":[0,0],"71":[0,0],"72":[10,90],"73":[42,48],"74":[42,48],"75":[48,0],"76":[0,48],"77":[0,48],"78":[0,0],"79":[0,0],"80":[48,0],"81":[0,0],"82":[0,0],"83":[0,0],"84":[0,0],"85":[0,0],"86":[0,100],"87":[100,0],"88":[0,0],"89":[0,0],"90":[0,0],"91":[0,0],"92":[0,0],"93":[10,0],"94":[10,10,0,0],"95":[0,10],"96":[0,0],"97":[0,0],"98":[0,0],"99":[7,100],"100":[0,100],"101":[0,1],"102":[2,2,1],"103":[1,0],"104":[0,0],"105":[1,0],"106":[0,0],"107":[0,0],"108":[0,0],"109":[0,0],"110":[0,0],"111":[0,0],"112":[0,0]},"_coverageSchema":"1a1c01bbd47fc00a2c39e90264f33305004495a9","hash":"97420c8b59de279095c4aa482aa0143bbfba6349"}
}
