{"/home/alessandro/Scrivania/Carbon12/addestramento/server.js": {"path":"/home/alessandro/Scrivania/Carbon12/addestramento/server.js","statementMap":{"0":{"start":{"line":12,"column":11},"end":{"line":12,"column":24}},"1":{"start":{"line":13,"column":19},"end":{"line":13,"column":40}},"2":{"start":{"line":14,"column":13},"end":{"line":14,"column":28}},"3":{"start":{"line":15,"column":13},"end":{"line":15,"column":28}},"4":{"start":{"line":16,"column":16},"end":{"line":16,"column":34}},"5":{"start":{"line":17,"column":14},"end":{"line":17,"column":30}},"6":{"start":{"line":18,"column":20},"end":{"line":18,"column":57}},"7":{"start":{"line":19,"column":20},"end":{"line":19,"column":57}},"8":{"start":{"line":20,"column":13},"end":{"line":20,"column":51}},"9":{"start":{"line":28,"column":12},"end":{"line":28,"column":14}},"10":{"start":{"line":29,"column":19},"end":{"line":29,"column":20}},"11":{"start":{"line":31,"column":0},"end":{"line":252,"column":2}},"12":{"start":{"line":33,"column":8},"end":{"line":33,"column":29}},"13":{"start":{"line":34,"column":8},"end":{"line":34,"column":39}},"14":{"start":{"line":35,"column":8},"end":{"line":35,"column":61}},"15":{"start":{"line":36,"column":8},"end":{"line":36,"column":43}},"16":{"start":{"line":37,"column":8},"end":{"line":37,"column":69}},"17":{"start":{"line":38,"column":8},"end":{"line":43,"column":9}},"18":{"start":{"line":39,"column":12},"end":{"line":39,"column":51}},"19":{"start":{"line":41,"column":12},"end":{"line":41,"column":66}},"20":{"start":{"line":42,"column":12},"end":{"line":42,"column":34}},"21":{"start":{"line":45,"column":8},"end":{"line":45,"column":88}},"22":{"start":{"line":53,"column":8},"end":{"line":53,"column":25}},"23":{"start":{"line":54,"column":8},"end":{"line":54,"column":33}},"24":{"start":{"line":58,"column":8},"end":{"line":64,"column":9}},"25":{"start":{"line":59,"column":12},"end":{"line":59,"column":38}},"26":{"start":{"line":61,"column":12},"end":{"line":61,"column":49}},"27":{"start":{"line":62,"column":12},"end":{"line":62,"column":47}},"28":{"start":{"line":63,"column":12},"end":{"line":63,"column":25}},"29":{"start":{"line":65,"column":8},"end":{"line":65,"column":20}},"30":{"start":{"line":69,"column":8},"end":{"line":101,"column":9}},"31":{"start":{"line":70,"column":12},"end":{"line":72,"column":13}},"32":{"start":{"line":71,"column":16},"end":{"line":71,"column":69}},"33":{"start":{"line":75,"column":12},"end":{"line":81,"column":13}},"34":{"start":{"line":78,"column":16},"end":{"line":78,"column":53}},"35":{"start":{"line":79,"column":16},"end":{"line":79,"column":73}},"36":{"start":{"line":80,"column":16},"end":{"line":80,"column":29}},"37":{"start":{"line":83,"column":35},"end":{"line":83,"column":66}},"38":{"start":{"line":84,"column":12},"end":{"line":90,"column":13}},"39":{"start":{"line":85,"column":34},"end":{"line":85,"column":64}},"40":{"start":{"line":87,"column":16},"end":{"line":87,"column":55}},"41":{"start":{"line":88,"column":16},"end":{"line":88,"column":92}},"42":{"start":{"line":89,"column":16},"end":{"line":89,"column":29}},"43":{"start":{"line":92,"column":12},"end":{"line":96,"column":13}},"44":{"start":{"line":93,"column":16},"end":{"line":93,"column":50}},"45":{"start":{"line":94,"column":16},"end":{"line":94,"column":73}},"46":{"start":{"line":95,"column":16},"end":{"line":95,"column":29}},"47":{"start":{"line":98,"column":12},"end":{"line":98,"column":50}},"48":{"start":{"line":99,"column":12},"end":{"line":99,"column":48}},"49":{"start":{"line":100,"column":12},"end":{"line":100,"column":25}},"50":{"start":{"line":103,"column":8},"end":{"line":103,"column":20}},"51":{"start":{"line":107,"column":21},"end":{"line":107,"column":50}},"52":{"start":{"line":108,"column":8},"end":{"line":185,"column":11}},"53":{"start":{"line":109,"column":12},"end":{"line":109,"column":35}},"54":{"start":{"line":110,"column":12},"end":{"line":110,"column":32}},"55":{"start":{"line":111,"column":12},"end":{"line":111,"column":45}},"56":{"start":{"line":113,"column":33},"end":{"line":113,"column":38}},"57":{"start":{"line":114,"column":12},"end":{"line":117,"column":13}},"58":{"start":{"line":115,"column":16},"end":{"line":115,"column":63}},"59":{"start":{"line":116,"column":16},"end":{"line":116,"column":38}},"60":{"start":{"line":118,"column":12},"end":{"line":120,"column":13}},"61":{"start":{"line":119,"column":16},"end":{"line":119,"column":46}},"62":{"start":{"line":121,"column":12},"end":{"line":123,"column":13}},"63":{"start":{"line":122,"column":16},"end":{"line":122,"column":42}},"64":{"start":{"line":124,"column":12},"end":{"line":124,"column":51}},"65":{"start":{"line":127,"column":34},"end":{"line":127,"column":54}},"66":{"start":{"line":129,"column":35},"end":{"line":129,"column":56}},"67":{"start":{"line":131,"column":30},"end":{"line":131,"column":59}},"68":{"start":{"line":132,"column":12},"end":{"line":135,"column":13}},"69":{"start":{"line":133,"column":16},"end":{"line":133,"column":54}},"70":{"start":{"line":134,"column":16},"end":{"line":134,"column":33}},"71":{"start":{"line":136,"column":34},"end":{"line":136,"column":59}},"72":{"start":{"line":139,"column":25},"end":{"line":139,"column":48}},"73":{"start":{"line":140,"column":27},"end":{"line":140,"column":51}},"74":{"start":{"line":141,"column":35},"end":{"line":141,"column":62}},"75":{"start":{"line":143,"column":12},"end":{"line":143,"column":59}},"76":{"start":{"line":145,"column":12},"end":{"line":157,"column":13}},"77":{"start":{"line":146,"column":41},"end":{"line":148,"column":18}},"78":{"start":{"line":149,"column":31},"end":{"line":149,"column":66}},"79":{"start":{"line":152,"column":16},"end":{"line":155,"column":17}},"80":{"start":{"line":153,"column":20},"end":{"line":153,"column":58}},"81":{"start":{"line":154,"column":20},"end":{"line":154,"column":37}},"82":{"start":{"line":156,"column":16},"end":{"line":156,"column":43}},"83":{"start":{"line":162,"column":12},"end":{"line":168,"column":13}},"84":{"start":{"line":164,"column":16},"end":{"line":164,"column":39}},"85":{"start":{"line":167,"column":16},"end":{"line":167,"column":42}},"86":{"start":{"line":170,"column":34},"end":{"line":170,"column":36}},"87":{"start":{"line":171,"column":12},"end":{"line":171,"column":51}},"88":{"start":{"line":174,"column":37},"end":{"line":174,"column":54}},"89":{"start":{"line":175,"column":12},"end":{"line":175,"column":96}},"90":{"start":{"line":176,"column":12},"end":{"line":176,"column":94}},"91":{"start":{"line":177,"column":12},"end":{"line":177,"column":45}},"92":{"start":{"line":178,"column":12},"end":{"line":178,"column":58}},"93":{"start":{"line":179,"column":12},"end":{"line":179,"column":45}},"94":{"start":{"line":180,"column":12},"end":{"line":180,"column":61}},"95":{"start":{"line":181,"column":12},"end":{"line":181,"column":70}},"96":{"start":{"line":183,"column":12},"end":{"line":183,"column":67}},"97":{"start":{"line":184,"column":12},"end":{"line":184,"column":29}},"98":{"start":{"line":189,"column":21},"end":{"line":189,"column":57}},"99":{"start":{"line":190,"column":25},"end":{"line":190,"column":44}},"100":{"start":{"line":191,"column":25},"end":{"line":191,"column":43}},"101":{"start":{"line":193,"column":8},"end":{"line":193,"column":81}},"102":{"start":{"line":194,"column":8},"end":{"line":194,"column":48}},"103":{"start":{"line":196,"column":27},"end":{"line":196,"column":52}},"104":{"start":{"line":197,"column":8},"end":{"line":197,"column":29}},"105":{"start":{"line":201,"column":21},"end":{"line":201,"column":50}},"106":{"start":{"line":202,"column":8},"end":{"line":202,"column":31}},"107":{"start":{"line":203,"column":21},"end":{"line":203,"column":23}},"108":{"start":{"line":204,"column":8},"end":{"line":214,"column":11}},"109":{"start":{"line":205,"column":34},"end":{"line":205,"column":43}},"110":{"start":{"line":206,"column":30},"end":{"line":206,"column":59}},"111":{"start":{"line":207,"column":12},"end":{"line":211,"column":13}},"112":{"start":{"line":208,"column":16},"end":{"line":208,"column":53}},"113":{"start":{"line":209,"column":16},"end":{"line":209,"column":54}},"114":{"start":{"line":210,"column":16},"end":{"line":210,"column":55}},"115":{"start":{"line":212,"column":12},"end":{"line":212,"column":32}},"116":{"start":{"line":213,"column":12},"end":{"line":213,"column":24}},"117":{"start":{"line":216,"column":8},"end":{"line":218,"column":11}},"118":{"start":{"line":217,"column":12},"end":{"line":217,"column":49}},"119":{"start":{"line":220,"column":8},"end":{"line":220,"column":28}},"120":{"start":{"line":224,"column":8},"end":{"line":224,"column":39}},"121":{"start":{"line":226,"column":8},"end":{"line":229,"column":11}},"122":{"start":{"line":227,"column":12},"end":{"line":227,"column":56}},"123":{"start":{"line":228,"column":12},"end":{"line":228,"column":23}},"124":{"start":{"line":231,"column":8},"end":{"line":233,"column":11}},"125":{"start":{"line":232,"column":12},"end":{"line":232,"column":47}},"126":{"start":{"line":235,"column":8},"end":{"line":237,"column":11}},"127":{"start":{"line":236,"column":12},"end":{"line":236,"column":70}},"128":{"start":{"line":239,"column":8},"end":{"line":239,"column":67}},"129":{"start":{"line":241,"column":8},"end":{"line":243,"column":11}},"130":{"start":{"line":242,"column":12},"end":{"line":242,"column":49}},"131":{"start":{"line":247,"column":8},"end":{"line":247,"column":22}},"132":{"start":{"line":248,"column":8},"end":{"line":250,"column":11}},"133":{"start":{"line":249,"column":12},"end":{"line":249,"column":66}}},"fnMap":{"0":{"name":"(anonymous_0)","decl":{"start":{"line":32,"column":4},"end":{"line":32,"column":5}},"loc":{"start":{"line":32,"column":18},"end":{"line":46,"column":5}},"line":32},"1":{"name":"(anonymous_1)","decl":{"start":{"line":51,"column":4},"end":{"line":51,"column":5}},"loc":{"start":{"line":51,"column":26},"end":{"line":55,"column":5}},"line":51},"2":{"name":"(anonymous_2)","decl":{"start":{"line":57,"column":4},"end":{"line":57,"column":5}},"loc":{"start":{"line":57,"column":27},"end":{"line":66,"column":5}},"line":57},"3":{"name":"(anonymous_3)","decl":{"start":{"line":68,"column":4},"end":{"line":68,"column":5}},"loc":{"start":{"line":68,"column":50},"end":{"line":104,"column":5}},"line":68},"4":{"name":"(anonymous_4)","decl":{"start":{"line":85,"column":16},"end":{"line":85,"column":17}},"loc":{"start":{"line":85,"column":34},"end":{"line":85,"column":64}},"line":85},"5":{"name":"(anonymous_5)","decl":{"start":{"line":106,"column":4},"end":{"line":106,"column":5}},"loc":{"start":{"line":106,"column":25},"end":{"line":186,"column":5}},"line":106},"6":{"name":"(anonymous_6)","decl":{"start":{"line":108,"column":24},"end":{"line":108,"column":25}},"loc":{"start":{"line":108,"column":48},"end":{"line":185,"column":9}},"line":108},"7":{"name":"(anonymous_7)","decl":{"start":{"line":188,"column":4},"end":{"line":188,"column":5}},"loc":{"start":{"line":188,"column":33},"end":{"line":198,"column":5}},"line":188},"8":{"name":"(anonymous_8)","decl":{"start":{"line":200,"column":4},"end":{"line":200,"column":5}},"loc":{"start":{"line":200,"column":36},"end":{"line":221,"column":5}},"line":200},"9":{"name":"(anonymous_9)","decl":{"start":{"line":204,"column":24},"end":{"line":204,"column":25}},"loc":{"start":{"line":204,"column":42},"end":{"line":214,"column":9}},"line":204},"10":{"name":"(anonymous_10)","decl":{"start":{"line":216,"column":23},"end":{"line":216,"column":24}},"loc":{"start":{"line":216,"column":29},"end":{"line":218,"column":9}},"line":216},"11":{"name":"(anonymous_11)","decl":{"start":{"line":223,"column":4},"end":{"line":223,"column":5}},"loc":{"start":{"line":223,"column":13},"end":{"line":244,"column":5}},"line":223},"12":{"name":"(anonymous_12)","decl":{"start":{"line":226,"column":29},"end":{"line":226,"column":30}},"loc":{"start":{"line":226,"column":52},"end":{"line":229,"column":9}},"line":226},"13":{"name":"(anonymous_13)","decl":{"start":{"line":231,"column":40},"end":{"line":231,"column":41}},"loc":{"start":{"line":231,"column":63},"end":{"line":233,"column":9}},"line":231},"14":{"name":"(anonymous_14)","decl":{"start":{"line":235,"column":47},"end":{"line":235,"column":48}},"loc":{"start":{"line":235,"column":70},"end":{"line":237,"column":9}},"line":235},"15":{"name":"(anonymous_15)","decl":{"start":{"line":241,"column":37},"end":{"line":241,"column":38}},"loc":{"start":{"line":241,"column":60},"end":{"line":243,"column":9}},"line":241},"16":{"name":"(anonymous_16)","decl":{"start":{"line":246,"column":4},"end":{"line":246,"column":5}},"loc":{"start":{"line":246,"column":18},"end":{"line":251,"column":5}},"line":246},"17":{"name":"(anonymous_17)","decl":{"start":{"line":248,"column":43},"end":{"line":248,"column":44}},"loc":{"start":{"line":248,"column":49},"end":{"line":250,"column":9}},"line":248}},"branchMap":{"0":{"loc":{"start":{"line":58,"column":8},"end":{"line":64,"column":9}},"type":"if","locations":[{"start":{"line":58,"column":8},"end":{"line":64,"column":9}},{"start":{"line":58,"column":8},"end":{"line":64,"column":9}}],"line":58},"1":{"loc":{"start":{"line":69,"column":8},"end":{"line":101,"column":9}},"type":"if","locations":[{"start":{"line":69,"column":8},"end":{"line":101,"column":9}},{"start":{"line":69,"column":8},"end":{"line":101,"column":9}}],"line":69},"2":{"loc":{"start":{"line":70,"column":12},"end":{"line":72,"column":13}},"type":"if","locations":[{"start":{"line":70,"column":12},"end":{"line":72,"column":13}},{"start":{"line":70,"column":12},"end":{"line":72,"column":13}}],"line":70},"3":{"loc":{"start":{"line":75,"column":12},"end":{"line":81,"column":13}},"type":"if","locations":[{"start":{"line":75,"column":12},"end":{"line":81,"column":13}},{"start":{"line":75,"column":12},"end":{"line":81,"column":13}}],"line":75},"4":{"loc":{"start":{"line":84,"column":12},"end":{"line":90,"column":13}},"type":"if","locations":[{"start":{"line":84,"column":12},"end":{"line":90,"column":13}},{"start":{"line":84,"column":12},"end":{"line":90,"column":13}}],"line":84},"5":{"loc":{"start":{"line":84,"column":16},"end":{"line":86,"column":23}},"type":"binary-expr","locations":[{"start":{"line":84,"column":16},"end":{"line":84,"column":62}},{"start":{"line":84,"column":66},"end":{"line":86,"column":23}}],"line":84},"6":{"loc":{"start":{"line":92,"column":12},"end":{"line":96,"column":13}},"type":"if","locations":[{"start":{"line":92,"column":12},"end":{"line":96,"column":13}},{"start":{"line":92,"column":12},"end":{"line":96,"column":13}}],"line":92},"7":{"loc":{"start":{"line":114,"column":12},"end":{"line":117,"column":13}},"type":"if","locations":[{"start":{"line":114,"column":12},"end":{"line":117,"column":13}},{"start":{"line":114,"column":12},"end":{"line":117,"column":13}}],"line":114},"8":{"loc":{"start":{"line":114,"column":16},"end":{"line":114,"column":69}},"type":"binary-expr","locations":[{"start":{"line":114,"column":16},"end":{"line":114,"column":37}},{"start":{"line":114,"column":41},"end":{"line":114,"column":69}}],"line":114},"9":{"loc":{"start":{"line":118,"column":12},"end":{"line":120,"column":13}},"type":"if","locations":[{"start":{"line":118,"column":12},"end":{"line":120,"column":13}},{"start":{"line":118,"column":12},"end":{"line":120,"column":13}}],"line":118},"10":{"loc":{"start":{"line":121,"column":12},"end":{"line":123,"column":13}},"type":"if","locations":[{"start":{"line":121,"column":12},"end":{"line":123,"column":13}},{"start":{"line":121,"column":12},"end":{"line":123,"column":13}}],"line":121},"11":{"loc":{"start":{"line":132,"column":12},"end":{"line":135,"column":13}},"type":"if","locations":[{"start":{"line":132,"column":12},"end":{"line":135,"column":13}},{"start":{"line":132,"column":12},"end":{"line":135,"column":13}}],"line":132},"12":{"loc":{"start":{"line":145,"column":12},"end":{"line":157,"column":13}},"type":"if","locations":[{"start":{"line":145,"column":12},"end":{"line":157,"column":13}},{"start":{"line":145,"column":12},"end":{"line":157,"column":13}}],"line":145},"13":{"loc":{"start":{"line":152,"column":16},"end":{"line":155,"column":17}},"type":"if","locations":[{"start":{"line":152,"column":16},"end":{"line":155,"column":17}},{"start":{"line":152,"column":16},"end":{"line":155,"column":17}}],"line":152},"14":{"loc":{"start":{"line":162,"column":12},"end":{"line":168,"column":13}},"type":"if","locations":[{"start":{"line":162,"column":12},"end":{"line":168,"column":13}},{"start":{"line":162,"column":12},"end":{"line":168,"column":13}}],"line":162},"15":{"loc":{"start":{"line":207,"column":12},"end":{"line":211,"column":13}},"type":"if","locations":[{"start":{"line":207,"column":12},"end":{"line":211,"column":13}},{"start":{"line":207,"column":12},"end":{"line":211,"column":13}}],"line":207}},"s":{"0":1,"1":1,"2":1,"3":1,"4":1,"5":1,"6":1,"7":1,"8":1,"9":1,"10":1,"11":1,"12":1,"13":1,"14":1,"15":1,"16":1,"17":1,"18":1,"19":0,"20":0,"21":1,"22":0,"23":0,"24":0,"25":0,"26":0,"27":0,"28":0,"29":0,"30":0,"31":0,"32":0,"33":0,"34":0,"35":0,"36":0,"37":0,"38":0,"39":0,"40":0,"41":0,"42":0,"43":0,"44":0,"45":0,"46":0,"47":0,"48":0,"49":0,"50":0,"51":0,"52":0,"53":0,"54":0,"55":0,"56":0,"57":0,"58":0,"59":0,"60":0,"61":0,"62":0,"63":0,"64":0,"65":0,"66":0,"67":0,"68":0,"69":0,"70":0,"71":0,"72":0,"73":0,"74":0,"75":0,"76":0,"77":0,"78":0,"79":0,"80":0,"81":0,"82":0,"83":0,"84":0,"85":0,"86":0,"87":0,"88":0,"89":0,"90":0,"91":0,"92":0,"93":0,"94":0,"95":0,"96":0,"97":0,"98":0,"99":0,"100":0,"101":0,"102":0,"103":0,"104":0,"105":0,"106":0,"107":0,"108":0,"109":0,"110":0,"111":0,"112":0,"113":0,"114":0,"115":0,"116":0,"117":0,"118":0,"119":0,"120":1,"121":1,"122":1,"123":1,"124":1,"125":0,"126":1,"127":0,"128":1,"129":1,"130":0,"131":1,"132":1,"133":1},"f":{"0":1,"1":0,"2":0,"3":0,"4":0,"5":0,"6":0,"7":0,"8":0,"9":0,"10":0,"11":1,"12":1,"13":0,"14":0,"15":0,"16":1,"17":1},"b":{"0":[0,0],"1":[0,0],"2":[0,0],"3":[0,0],"4":[0,0],"5":[0,0],"6":[0,0],"7":[0,0],"8":[0,0],"9":[0,0],"10":[0,0],"11":[0,0],"12":[0,0],"13":[0,0],"14":[0,0],"15":[0,0]},"_coverageSchema":"1a1c01bbd47fc00a2c39e90264f33305004495a9","hash":"71a2ebaba66507db8baeb0f985b96d741214aadc"}
,"/home/alessandro/Scrivania/Carbon12/addestramento/fileManager/csv_reader.js": {"path":"/home/alessandro/Scrivania/Carbon12/addestramento/fileManager/csv_reader.js","statementMap":{"0":{"start":{"line":12,"column":11},"end":{"line":12,"column":24}},"1":{"start":{"line":13,"column":14},"end":{"line":13,"column":43}},"2":{"start":{"line":15,"column":0},"end":{"line":147,"column":2}},"3":{"start":{"line":22,"column":22},"end":{"line":22,"column":51}},"4":{"start":{"line":23,"column":26},"end":{"line":23,"column":33}},"5":{"start":{"line":25,"column":8},"end":{"line":32,"column":9}},"6":{"start":{"line":26,"column":12},"end":{"line":31,"column":14}},"7":{"start":{"line":35,"column":8},"end":{"line":35,"column":49}},"8":{"start":{"line":38,"column":8},"end":{"line":41,"column":9}},"9":{"start":{"line":40,"column":12},"end":{"line":40,"column":56}},"10":{"start":{"line":48,"column":30},"end":{"line":48,"column":53}},"11":{"start":{"line":49,"column":8},"end":{"line":51,"column":9}},"12":{"start":{"line":50,"column":12},"end":{"line":50,"column":24}},"13":{"start":{"line":52,"column":8},"end":{"line":52,"column":21}},"14":{"start":{"line":62,"column":8},"end":{"line":64,"column":9}},"15":{"start":{"line":63,"column":12},"end":{"line":63,"column":24}},"16":{"start":{"line":66,"column":20},"end":{"line":66,"column":22}},"17":{"start":{"line":67,"column":16},"end":{"line":67,"column":17}},"18":{"start":{"line":68,"column":8},"end":{"line":79,"column":11}},"19":{"start":{"line":69,"column":29},"end":{"line":69,"column":31}},"20":{"start":{"line":70,"column":20},"end":{"line":70,"column":21}},"21":{"start":{"line":71,"column":12},"end":{"line":77,"column":13}},"22":{"start":{"line":72,"column":16},"end":{"line":76,"column":17}},"23":{"start":{"line":75,"column":20},"end":{"line":75,"column":45}},"24":{"start":{"line":78,"column":12},"end":{"line":78,"column":32}},"25":{"start":{"line":80,"column":8},"end":{"line":80,"column":19}},"26":{"start":{"line":89,"column":28},"end":{"line":89,"column":30}},"27":{"start":{"line":90,"column":8},"end":{"line":94,"column":11}},"28":{"start":{"line":91,"column":12},"end":{"line":93,"column":13}},"29":{"start":{"line":92,"column":16},"end":{"line":92,"column":42}},"30":{"start":{"line":95,"column":20},"end":{"line":95,"column":45}},"31":{"start":{"line":98,"column":8},"end":{"line":107,"column":9}},"32":{"start":{"line":98,"column":21},"end":{"line":98,"column":22}},"33":{"start":{"line":100,"column":12},"end":{"line":106,"column":13}},"34":{"start":{"line":100,"column":25},"end":{"line":100,"column":26}},"35":{"start":{"line":101,"column":16},"end":{"line":105,"column":17}},"36":{"start":{"line":102,"column":20},"end":{"line":102,"column":34}},"37":{"start":{"line":104,"column":20},"end":{"line":104,"column":54}},"38":{"start":{"line":108,"column":8},"end":{"line":108,"column":19}},"39":{"start":{"line":117,"column":23},"end":{"line":117,"column":25}},"40":{"start":{"line":118,"column":8},"end":{"line":118,"column":29}},"41":{"start":{"line":119,"column":20},"end":{"line":119,"column":40}},"42":{"start":{"line":122,"column":8},"end":{"line":124,"column":9}},"43":{"start":{"line":122,"column":21},"end":{"line":122,"column":22}},"44":{"start":{"line":123,"column":12},"end":{"line":123,"column":38}},"45":{"start":{"line":125,"column":8},"end":{"line":125,"column":19}},"46":{"start":{"line":132,"column":20},"end":{"line":132,"column":22}},"47":{"start":{"line":133,"column":8},"end":{"line":137,"column":11}},"48":{"start":{"line":134,"column":12},"end":{"line":136,"column":13}},"49":{"start":{"line":135,"column":16},"end":{"line":135,"column":34}},"50":{"start":{"line":138,"column":8},"end":{"line":138,"column":19}},"51":{"start":{"line":145,"column":8},"end":{"line":145,"column":43}}},"fnMap":{"0":{"name":"(anonymous_0)","decl":{"start":{"line":21,"column":4},"end":{"line":21,"column":5}},"loc":{"start":{"line":21,"column":31},"end":{"line":42,"column":5}},"line":21},"1":{"name":"(anonymous_1)","decl":{"start":{"line":47,"column":4},"end":{"line":47,"column":5}},"loc":{"start":{"line":47,"column":21},"end":{"line":53,"column":5}},"line":47},"2":{"name":"(anonymous_2)","decl":{"start":{"line":61,"column":4},"end":{"line":61,"column":5}},"loc":{"start":{"line":61,"column":21},"end":{"line":81,"column":5}},"line":61},"3":{"name":"(anonymous_3)","decl":{"start":{"line":68,"column":29},"end":{"line":68,"column":30}},"loc":{"start":{"line":68,"column":38},"end":{"line":79,"column":9}},"line":68},"4":{"name":"(anonymous_4)","decl":{"start":{"line":87,"column":4},"end":{"line":87,"column":5}},"loc":{"start":{"line":87,"column":18},"end":{"line":109,"column":5}},"line":87},"5":{"name":"(anonymous_5)","decl":{"start":{"line":90,"column":29},"end":{"line":90,"column":30}},"loc":{"start":{"line":90,"column":42},"end":{"line":94,"column":9}},"line":90},"6":{"name":"(anonymous_6)","decl":{"start":{"line":115,"column":4},"end":{"line":115,"column":5}},"loc":{"start":{"line":115,"column":19},"end":{"line":126,"column":5}},"line":115},"7":{"name":"(anonymous_7)","decl":{"start":{"line":131,"column":4},"end":{"line":131,"column":5}},"loc":{"start":{"line":131,"column":20},"end":{"line":139,"column":5}},"line":131},"8":{"name":"(anonymous_8)","decl":{"start":{"line":133,"column":29},"end":{"line":133,"column":30}},"loc":{"start":{"line":133,"column":42},"end":{"line":137,"column":9}},"line":133},"9":{"name":"(anonymous_9)","decl":{"start":{"line":144,"column":4},"end":{"line":144,"column":5}},"loc":{"start":{"line":144,"column":18},"end":{"line":146,"column":5}},"line":144}},"branchMap":{"0":{"loc":{"start":{"line":25,"column":8},"end":{"line":32,"column":9}},"type":"if","locations":[{"start":{"line":25,"column":8},"end":{"line":32,"column":9}},{"start":{"line":25,"column":8},"end":{"line":32,"column":9}}],"line":25},"1":{"loc":{"start":{"line":38,"column":8},"end":{"line":41,"column":9}},"type":"if","locations":[{"start":{"line":38,"column":8},"end":{"line":41,"column":9}},{"start":{"line":38,"column":8},"end":{"line":41,"column":9}}],"line":38},"2":{"loc":{"start":{"line":49,"column":8},"end":{"line":51,"column":9}},"type":"if","locations":[{"start":{"line":49,"column":8},"end":{"line":51,"column":9}},{"start":{"line":49,"column":8},"end":{"line":51,"column":9}}],"line":49},"3":{"loc":{"start":{"line":49,"column":12},"end":{"line":49,"column":82}},"type":"binary-expr","locations":[{"start":{"line":49,"column":12},"end":{"line":49,"column":38}},{"start":{"line":49,"column":42},"end":{"line":49,"column":82}}],"line":49},"4":{"loc":{"start":{"line":62,"column":8},"end":{"line":64,"column":9}},"type":"if","locations":[{"start":{"line":62,"column":8},"end":{"line":64,"column":9}},{"start":{"line":62,"column":8},"end":{"line":64,"column":9}}],"line":62},"5":{"loc":{"start":{"line":72,"column":16},"end":{"line":76,"column":17}},"type":"if","locations":[{"start":{"line":72,"column":16},"end":{"line":76,"column":17}},{"start":{"line":72,"column":16},"end":{"line":76,"column":17}}],"line":72},"6":{"loc":{"start":{"line":91,"column":12},"end":{"line":93,"column":13}},"type":"if","locations":[{"start":{"line":91,"column":12},"end":{"line":93,"column":13}},{"start":{"line":91,"column":12},"end":{"line":93,"column":13}}],"line":91},"7":{"loc":{"start":{"line":91,"column":16},"end":{"line":91,"column":68}},"type":"binary-expr","locations":[{"start":{"line":91,"column":17},"end":{"line":91,"column":40}},{"start":{"line":91,"column":46},"end":{"line":91,"column":67}}],"line":91},"8":{"loc":{"start":{"line":101,"column":16},"end":{"line":105,"column":17}},"type":"if","locations":[{"start":{"line":101,"column":16},"end":{"line":105,"column":17}},{"start":{"line":101,"column":16},"end":{"line":105,"column":17}}],"line":101},"9":{"loc":{"start":{"line":134,"column":12},"end":{"line":136,"column":13}},"type":"if","locations":[{"start":{"line":134,"column":12},"end":{"line":136,"column":13}},{"start":{"line":134,"column":12},"end":{"line":136,"column":13}}],"line":134},"10":{"loc":{"start":{"line":134,"column":18},"end":{"line":134,"column":60}},"type":"binary-expr","locations":[{"start":{"line":134,"column":18},"end":{"line":134,"column":38}},{"start":{"line":134,"column":42},"end":{"line":134,"column":60}}],"line":134}},"s":{"0":3,"1":3,"2":3,"3":2,"4":2,"5":2,"6":2,"7":2,"8":2,"9":2,"10":0,"11":0,"12":0,"13":0,"14":2,"15":0,"16":2,"17":2,"18":2,"19":20,"20":20,"21":20,"22":80,"23":30,"24":20,"25":2,"26":1,"27":1,"28":4,"29":2,"30":1,"31":1,"32":1,"33":10,"34":10,"35":20,"36":0,"37":20,"38":1,"39":1,"40":1,"41":1,"42":1,"43":1,"44":10,"45":1,"46":1,"47":1,"48":4,"49":2,"50":1,"51":0},"f":{"0":2,"1":0,"2":2,"3":20,"4":1,"5":4,"6":1,"7":1,"8":4,"9":0},"b":{"0":[2,0],"1":[2,0],"2":[0,0],"3":[0,0],"4":[0,2],"5":[30,50],"6":[2,2],"7":[4,3],"8":[0,20],"9":[2,2],"10":[4,3]},"_coverageSchema":"1a1c01bbd47fc00a2c39e90264f33305004495a9","hash":"aafea21601528d27cfba76cd40e3b83bdb8cc08c"}
,"/home/alessandro/Scrivania/Carbon12/addestramento/fileManager/r_predittore.js": {"path":"/home/alessandro/Scrivania/Carbon12/addestramento/fileManager/r_predittore.js","statementMap":{"0":{"start":{"line":13,"column":17},"end":{"line":13,"column":46}},"1":{"start":{"line":14,"column":20},"end":{"line":14,"column":95}},"2":{"start":{"line":29,"column":8},"end":{"line":29,"column":26}},"3":{"start":{"line":30,"column":8},"end":{"line":30,"column":53}},"4":{"start":{"line":40,"column":8},"end":{"line":40,"column":86}},"5":{"start":{"line":48,"column":8},"end":{"line":50,"column":42}},"6":{"start":{"line":49,"column":21},"end":{"line":49,"column":80}},"7":{"start":{"line":57,"column":8},"end":{"line":59,"column":9}},"8":{"start":{"line":58,"column":12},"end":{"line":58,"column":49}},"9":{"start":{"line":60,"column":8},"end":{"line":60,"column":18}},"10":{"start":{"line":67,"column":8},"end":{"line":69,"column":9}},"11":{"start":{"line":68,"column":12},"end":{"line":68,"column":58}},"12":{"start":{"line":70,"column":8},"end":{"line":70,"column":18}},"13":{"start":{"line":77,"column":8},"end":{"line":79,"column":9}},"14":{"start":{"line":78,"column":12},"end":{"line":78,"column":57}},"15":{"start":{"line":80,"column":8},"end":{"line":80,"column":18}},"16":{"start":{"line":92,"column":8},"end":{"line":100,"column":9}},"17":{"start":{"line":93,"column":12},"end":{"line":93,"column":30}},"18":{"start":{"line":94,"column":30},"end":{"line":94,"column":57}},"19":{"start":{"line":95,"column":12},"end":{"line":99,"column":13}},"20":{"start":{"line":96,"column":16},"end":{"line":98,"column":17}},"21":{"start":{"line":97,"column":20},"end":{"line":97,"column":57}},"22":{"start":{"line":101,"column":8},"end":{"line":101,"column":28}},"23":{"start":{"line":108,"column":8},"end":{"line":110,"column":9}},"24":{"start":{"line":109,"column":12},"end":{"line":109,"column":42}},"25":{"start":{"line":111,"column":8},"end":{"line":111,"column":18}},"26":{"start":{"line":118,"column":8},"end":{"line":120,"column":9}},"27":{"start":{"line":119,"column":12},"end":{"line":119,"column":59}},"28":{"start":{"line":121,"column":8},"end":{"line":121,"column":17}},"29":{"start":{"line":129,"column":8},"end":{"line":131,"column":9}},"30":{"start":{"line":130,"column":12},"end":{"line":130,"column":42}},"31":{"start":{"line":132,"column":8},"end":{"line":132,"column":18}},"32":{"start":{"line":140,"column":8},"end":{"line":142,"column":9}},"33":{"start":{"line":141,"column":12},"end":{"line":141,"column":50}},"34":{"start":{"line":143,"column":8},"end":{"line":143,"column":18}},"35":{"start":{"line":147,"column":0},"end":{"line":147,"column":29}}},"fnMap":{"0":{"name":"(anonymous_0)","decl":{"start":{"line":28,"column":4},"end":{"line":28,"column":5}},"loc":{"start":{"line":28,"column":22},"end":{"line":31,"column":5}},"line":28},"1":{"name":"(anonymous_1)","decl":{"start":{"line":39,"column":4},"end":{"line":39,"column":5}},"loc":{"start":{"line":39,"column":34},"end":{"line":41,"column":5}},"line":39},"2":{"name":"(anonymous_2)","decl":{"start":{"line":47,"column":4},"end":{"line":47,"column":5}},"loc":{"start":{"line":47,"column":15},"end":{"line":51,"column":5}},"line":47},"3":{"name":"(anonymous_3)","decl":{"start":{"line":49,"column":12},"end":{"line":49,"column":13}},"loc":{"start":{"line":49,"column":21},"end":{"line":49,"column":80}},"line":49},"4":{"name":"(anonymous_4)","decl":{"start":{"line":56,"column":4},"end":{"line":56,"column":5}},"loc":{"start":{"line":56,"column":15},"end":{"line":61,"column":5}},"line":56},"5":{"name":"(anonymous_5)","decl":{"start":{"line":66,"column":4},"end":{"line":66,"column":5}},"loc":{"start":{"line":66,"column":23},"end":{"line":71,"column":5}},"line":66},"6":{"name":"(anonymous_6)","decl":{"start":{"line":76,"column":4},"end":{"line":76,"column":5}},"loc":{"start":{"line":76,"column":22},"end":{"line":81,"column":5}},"line":76},"7":{"name":"(anonymous_7)","decl":{"start":{"line":91,"column":4},"end":{"line":91,"column":5}},"loc":{"start":{"line":91,"column":19},"end":{"line":102,"column":5}},"line":91},"8":{"name":"(anonymous_8)","decl":{"start":{"line":107,"column":4},"end":{"line":107,"column":5}},"loc":{"start":{"line":107,"column":15},"end":{"line":112,"column":5}},"line":107},"9":{"name":"(anonymous_9)","decl":{"start":{"line":117,"column":4},"end":{"line":117,"column":5}},"loc":{"start":{"line":117,"column":21},"end":{"line":122,"column":5}},"line":117},"10":{"name":"(anonymous_10)","decl":{"start":{"line":128,"column":4},"end":{"line":128,"column":5}},"loc":{"start":{"line":128,"column":15},"end":{"line":133,"column":5}},"line":128},"11":{"name":"(anonymous_11)","decl":{"start":{"line":139,"column":4},"end":{"line":139,"column":5}},"loc":{"start":{"line":139,"column":23},"end":{"line":144,"column":5}},"line":139}},"branchMap":{"0":{"loc":{"start":{"line":30,"column":27},"end":{"line":30,"column":52}},"type":"cond-expr","locations":[{"start":{"line":30,"column":43},"end":{"line":30,"column":47}},{"start":{"line":30,"column":50},"end":{"line":30,"column":52}}],"line":30},"1":{"loc":{"start":{"line":40,"column":15},"end":{"line":40,"column":85}},"type":"binary-expr","locations":[{"start":{"line":40,"column":15},"end":{"line":40,"column":49}},{"start":{"line":40,"column":53},"end":{"line":40,"column":85}}],"line":40},"2":{"loc":{"start":{"line":48,"column":15},"end":{"line":50,"column":41}},"type":"binary-expr","locations":[{"start":{"line":48,"column":15},"end":{"line":50,"column":9}},{"start":{"line":50,"column":13},"end":{"line":50,"column":41}}],"line":48},"3":{"loc":{"start":{"line":57,"column":8},"end":{"line":59,"column":9}},"type":"if","locations":[{"start":{"line":57,"column":8},"end":{"line":59,"column":9}},{"start":{"line":57,"column":8},"end":{"line":59,"column":9}}],"line":57},"4":{"loc":{"start":{"line":67,"column":8},"end":{"line":69,"column":9}},"type":"if","locations":[{"start":{"line":67,"column":8},"end":{"line":69,"column":9}},{"start":{"line":67,"column":8},"end":{"line":69,"column":9}}],"line":67},"5":{"loc":{"start":{"line":77,"column":8},"end":{"line":79,"column":9}},"type":"if","locations":[{"start":{"line":77,"column":8},"end":{"line":79,"column":9}},{"start":{"line":77,"column":8},"end":{"line":79,"column":9}}],"line":77},"6":{"loc":{"start":{"line":92,"column":8},"end":{"line":100,"column":9}},"type":"if","locations":[{"start":{"line":92,"column":8},"end":{"line":100,"column":9}},{"start":{"line":92,"column":8},"end":{"line":100,"column":9}}],"line":92},"7":{"loc":{"start":{"line":96,"column":16},"end":{"line":98,"column":17}},"type":"if","locations":[{"start":{"line":96,"column":16},"end":{"line":98,"column":17}},{"start":{"line":96,"column":16},"end":{"line":98,"column":17}}],"line":96},"8":{"loc":{"start":{"line":108,"column":8},"end":{"line":110,"column":9}},"type":"if","locations":[{"start":{"line":108,"column":8},"end":{"line":110,"column":9}},{"start":{"line":108,"column":8},"end":{"line":110,"column":9}}],"line":108},"9":{"loc":{"start":{"line":118,"column":8},"end":{"line":120,"column":9}},"type":"if","locations":[{"start":{"line":118,"column":8},"end":{"line":120,"column":9}},{"start":{"line":118,"column":8},"end":{"line":120,"column":9}}],"line":118},"10":{"loc":{"start":{"line":129,"column":8},"end":{"line":131,"column":9}},"type":"if","locations":[{"start":{"line":129,"column":8},"end":{"line":131,"column":9}},{"start":{"line":129,"column":8},"end":{"line":131,"column":9}}],"line":129},"11":{"loc":{"start":{"line":140,"column":8},"end":{"line":142,"column":9}},"type":"if","locations":[{"start":{"line":140,"column":8},"end":{"line":142,"column":9}},{"start":{"line":140,"column":8},"end":{"line":142,"column":9}}],"line":140}},"s":{"0":2,"1":2,"2":1,"3":1,"4":0,"5":0,"6":0,"7":1,"8":1,"9":0,"10":0,"11":0,"12":0,"13":0,"14":0,"15":0,"16":1,"17":1,"18":1,"19":1,"20":2,"21":2,"22":1,"23":1,"24":1,"25":0,"26":1,"27":0,"28":1,"29":1,"30":1,"31":0,"32":1,"33":1,"34":0,"35":2},"f":{"0":1,"1":0,"2":0,"3":0,"4":1,"5":0,"6":0,"7":1,"8":1,"9":1,"10":1,"11":1},"b":{"0":[1,0],"1":[0,0],"2":[0,0],"3":[1,0],"4":[0,0],"5":[0,0],"6":[1,0],"7":[2,0],"8":[1,0],"9":[0,1],"10":[1,0],"11":[1,0]},"_coverageSchema":"1a1c01bbd47fc00a2c39e90264f33305004495a9","hash":"60cbcfa8518f80860f4352d39aefe7b7ab365645"}
,"/home/alessandro/Scrivania/Carbon12/addestramento/fileManager/w_predittore.js": {"path":"/home/alessandro/Scrivania/Carbon12/addestramento/fileManager/w_predittore.js","statementMap":{"0":{"start":{"line":13,"column":17},"end":{"line":13,"column":46}},"1":{"start":{"line":28,"column":8},"end":{"line":28,"column":30}},"2":{"start":{"line":38,"column":26},"end":{"line":38,"column":58}},"3":{"start":{"line":39,"column":8},"end":{"line":39,"column":37}},"4":{"start":{"line":40,"column":8},"end":{"line":40,"column":50}},"5":{"start":{"line":41,"column":8},"end":{"line":41,"column":63}},"6":{"start":{"line":42,"column":8},"end":{"line":42,"column":61}},"7":{"start":{"line":50,"column":8},"end":{"line":50,"column":41}},"8":{"start":{"line":51,"column":20},"end":{"line":51,"column":21}},"9":{"start":{"line":52,"column":8},"end":{"line":55,"column":9}},"10":{"start":{"line":53,"column":27},"end":{"line":53,"column":43}},"11":{"start":{"line":54,"column":12},"end":{"line":54,"column":63}},"12":{"start":{"line":63,"column":8},"end":{"line":63,"column":39}},"13":{"start":{"line":71,"column":8},"end":{"line":71,"column":48}},"14":{"start":{"line":79,"column":8},"end":{"line":79,"column":39}},"15":{"start":{"line":87,"column":8},"end":{"line":87,"column":48}},"16":{"start":{"line":95,"column":8},"end":{"line":95,"column":57}},"17":{"start":{"line":99,"column":0},"end":{"line":99,"column":29}}},"fnMap":{"0":{"name":"(anonymous_0)","decl":{"start":{"line":27,"column":4},"end":{"line":27,"column":5}},"loc":{"start":{"line":27,"column":18},"end":{"line":29,"column":5}},"line":27},"1":{"name":"(anonymous_1)","decl":{"start":{"line":37,"column":4},"end":{"line":37,"column":5}},"loc":{"start":{"line":37,"column":50},"end":{"line":43,"column":5}},"line":37},"2":{"name":"(anonymous_2)","decl":{"start":{"line":49,"column":4},"end":{"line":49,"column":5}},"loc":{"start":{"line":49,"column":27},"end":{"line":56,"column":5}},"line":49},"3":{"name":"(anonymous_3)","decl":{"start":{"line":62,"column":4},"end":{"line":62,"column":5}},"loc":{"start":{"line":62,"column":20},"end":{"line":64,"column":5}},"line":62},"4":{"name":"(anonymous_4)","decl":{"start":{"line":70,"column":4},"end":{"line":70,"column":5}},"loc":{"start":{"line":70,"column":28},"end":{"line":72,"column":5}},"line":70},"5":{"name":"(anonymous_5)","decl":{"start":{"line":78,"column":4},"end":{"line":78,"column":5}},"loc":{"start":{"line":78,"column":20},"end":{"line":80,"column":5}},"line":78},"6":{"name":"(anonymous_6)","decl":{"start":{"line":86,"column":4},"end":{"line":86,"column":5}},"loc":{"start":{"line":86,"column":29},"end":{"line":88,"column":5}},"line":86},"7":{"name":"(anonymous_7)","decl":{"start":{"line":94,"column":4},"end":{"line":94,"column":5}},"loc":{"start":{"line":94,"column":11},"end":{"line":96,"column":5}},"line":94}},"branchMap":{"0":{"loc":{"start":{"line":38,"column":26},"end":{"line":38,"column":58}},"type":"cond-expr","locations":[{"start":{"line":38,"column":42},"end":{"line":38,"column":50}},{"start":{"line":38,"column":53},"end":{"line":38,"column":58}}],"line":38}},"s":{"0":1,"1":0,"2":0,"3":0,"4":0,"5":0,"6":0,"7":0,"8":0,"9":0,"10":0,"11":0,"12":0,"13":0,"14":0,"15":0,"16":0,"17":1},"f":{"0":0,"1":0,"2":0,"3":0,"4":0,"5":0,"6":0,"7":0},"b":{"0":[0,0]},"_coverageSchema":"1a1c01bbd47fc00a2c39e90264f33305004495a9","hash":"42d1827495b50f2ab5064f907065643734291ce9"}
}
