TN:
SF:server.js
FN:32,(anonymous_0)
FN:51,(anonymous_1)
FN:57,(anonymous_2)
FN:66,(anonymous_3)
FN:82,(anonymous_4)
FN:101,(anonymous_5)
FN:124,(anonymous_6)
FN:136,(anonymous_7)
FN:138,(anonymous_8)
FN:201,(anonymous_9)
FN:213,(anonymous_10)
FN:217,(anonymous_11)
FN:229,(anonymous_12)
FN:236,(anonymous_13)
FN:239,(anonymous_14)
FN:244,(anonymous_15)
FN:248,(anonymous_16)
FN:254,(anonymous_17)
FN:259,(anonymous_18)
FN:261,(anonymous_19)
FNF:20
FNH:8
FNDA:3,(anonymous_0)
FNDA:0,(anonymous_1)
FNDA:1,(anonymous_2)
FNDA:4,(anonymous_3)
FNDA:5,(anonymous_4)
FNDA:1,(anonymous_5)
FNDA:1,(anonymous_6)
FNDA:0,(anonymous_7)
FNDA:0,(anonymous_8)
FNDA:0,(anonymous_9)
FNDA:0,(anonymous_10)
FNDA:0,(anonymous_11)
FNDA:0,(anonymous_12)
FNDA:1,(anonymous_13)
FNDA:0,(anonymous_14)
FNDA:0,(anonymous_15)
FNDA:0,(anonymous_16)
FNDA:0,(anonymous_17)
FNDA:1,(anonymous_18)
FNDA:0,(anonymous_19)
DA:12,3
DA:13,3
DA:14,3
DA:15,3
DA:16,3
DA:17,3
DA:18,3
DA:19,3
DA:20,3
DA:21,3
DA:24,3
DA:28,3
DA:29,3
DA:31,3
DA:33,3
DA:34,3
DA:35,3
DA:36,3
DA:37,3
DA:38,3
DA:39,3
DA:41,0
DA:42,0
DA:45,3
DA:53,0
DA:54,0
DA:58,1
DA:59,1
DA:60,1
DA:62,0
DA:63,0
DA:67,4
DA:68,3
DA:69,0
DA:73,3
DA:76,0
DA:77,0
DA:80,3
DA:81,3
DA:82,5
DA:84,1
DA:85,1
DA:88,2
DA:89,1
DA:90,1
DA:93,1
DA:94,1
DA:97,1
DA:98,1
DA:105,1
DA:110,1
DA:112,1
DA:113,1
DA:114,1
DA:115,1
DA:119,0
DA:121,0
DA:126,1
DA:127,1
DA:128,1
DA:129,1
DA:130,1
DA:131,1
DA:132,1
DA:133,1
DA:137,0
DA:138,0
DA:139,0
DA:140,0
DA:141,0
DA:143,0
DA:144,0
DA:145,0
DA:146,0
DA:148,0
DA:149,0
DA:151,0
DA:152,0
DA:154,0
DA:157,0
DA:159,0
DA:161,0
DA:162,0
DA:163,0
DA:164,0
DA:165,0
DA:167,0
DA:170,0
DA:171,0
DA:172,0
DA:174,0
DA:176,0
DA:177,0
DA:180,0
DA:183,0
DA:184,0
DA:185,0
DA:186,0
DA:190,0
DA:192,0
DA:194,0
DA:196,0
DA:197,0
DA:202,0
DA:203,0
DA:204,0
DA:206,0
DA:207,0
DA:209,0
DA:210,0
DA:214,0
DA:215,0
DA:216,0
DA:217,0
DA:218,0
DA:219,0
DA:220,0
DA:221,0
DA:222,0
DA:223,0
DA:225,0
DA:226,0
DA:229,0
DA:230,0
DA:233,0
DA:237,1
DA:239,1
DA:240,0
DA:241,0
DA:244,1
DA:245,0
DA:248,1
DA:249,0
DA:252,1
DA:254,1
DA:255,0
DA:260,1
DA:261,1
DA:262,0
LF:139
LH:62
BRDA:58,0,0,1
BRDA:58,0,1,0
BRDA:67,1,0,3
BRDA:67,1,1,1
BRDA:68,2,0,0
BRDA:68,2,1,3
BRDA:73,3,0,0
BRDA:73,3,1,3
BRDA:81,4,0,1
BRDA:81,4,1,2
BRDA:81,5,0,3
BRDA:81,5,1,3
BRDA:88,6,0,1
BRDA:88,6,1,1
BRDA:110,7,0,1
BRDA:110,7,1,0
BRDA:144,8,0,0
BRDA:144,8,1,0
BRDA:144,9,0,0
BRDA:144,9,1,0
BRDA:148,10,0,0
BRDA:148,10,1,0
BRDA:151,11,0,0
BRDA:151,11,1,0
BRDA:163,12,0,0
BRDA:163,12,1,0
BRDA:176,13,0,0
BRDA:176,13,1,0
BRDA:184,14,0,0
BRDA:184,14,1,0
BRDA:220,15,0,0
BRDA:220,15,1,0
BRF:32
BRH:12
end_of_record
TN:
SF:fileManager/csv_reader.js
FN:21,(anonymous_0)
FN:47,(anonymous_1)
FN:61,(anonymous_2)
FN:68,(anonymous_3)
FN:87,(anonymous_4)
FN:90,(anonymous_5)
FN:115,(anonymous_6)
FN:131,(anonymous_7)
FN:133,(anonymous_8)
FN:144,(anonymous_9)
FNF:10
FNH:10
FNDA:3,(anonymous_0)
FNDA:1,(anonymous_1)
FNDA:3,(anonymous_2)
FNDA:30,(anonymous_3)
FNDA:2,(anonymous_4)
FNDA:8,(anonymous_5)
FNDA:1,(anonymous_6)
FNDA:3,(anonymous_7)
FNDA:12,(anonymous_8)
FNDA:1,(anonymous_9)
DA:12,4
DA:13,4
DA:15,4
DA:22,3
DA:23,3
DA:25,3
DA:26,3
DA:35,3
DA:38,3
DA:40,3
DA:48,1
DA:49,1
DA:50,0
DA:52,1
DA:62,3
DA:63,0
DA:66,3
DA:67,3
DA:68,3
DA:69,30
DA:70,30
DA:71,30
DA:72,120
DA:75,50
DA:78,30
DA:80,3
DA:89,2
DA:90,2
DA:91,8
DA:92,4
DA:95,2
DA:98,2
DA:100,20
DA:101,40
DA:102,0
DA:104,40
DA:108,2
DA:117,1
DA:118,1
DA:119,1
DA:122,1
DA:123,10
DA:125,1
DA:132,3
DA:133,3
DA:134,12
DA:135,6
DA:138,3
DA:145,1
LF:49
LH:46
BRDA:25,0,0,3
BRDA:25,0,1,0
BRDA:38,1,0,3
BRDA:38,1,1,0
BRDA:49,2,0,0
BRDA:49,2,1,1
BRDA:49,3,0,1
BRDA:49,3,1,1
BRDA:62,4,0,0
BRDA:62,4,1,3
BRDA:72,5,0,50
BRDA:72,5,1,70
BRDA:91,6,0,4
BRDA:91,6,1,4
BRDA:91,7,0,8
BRDA:91,7,1,6
BRDA:101,8,0,0
BRDA:101,8,1,40
BRDA:134,9,0,6
BRDA:134,9,1,6
BRDA:134,10,0,12
BRDA:134,10,1,9
BRF:22
BRH:17
end_of_record
TN:
SF:fileManager/r_predittore.js
FN:28,(anonymous_0)
FN:39,(anonymous_1)
FN:47,(anonymous_2)
FN:49,(anonymous_3)
FN:56,(anonymous_4)
FN:66,(anonymous_5)
FN:76,(anonymous_6)
FN:91,(anonymous_7)
FN:107,(anonymous_8)
FN:117,(anonymous_9)
FN:128,(anonymous_10)
FN:139,(anonymous_11)
FNF:12
FNH:12
FNDA:5,(anonymous_0)
FNDA:3,(anonymous_1)
FNDA:4,(anonymous_2)
FNDA:24,(anonymous_3)
FNDA:5,(anonymous_4)
FNDA:3,(anonymous_5)
FNDA:3,(anonymous_6)
FNDA:4,(anonymous_7)
FNDA:3,(anonymous_8)
FNDA:4,(anonymous_9)
FNDA:1,(anonymous_10)
FNDA:1,(anonymous_11)
DA:13,4
DA:14,4
DA:29,5
DA:30,5
DA:40,3
DA:48,4
DA:49,24
DA:57,5
DA:58,5
DA:60,0
DA:67,3
DA:68,3
DA:70,0
DA:77,3
DA:78,3
DA:80,0
DA:92,4
DA:93,4
DA:94,4
DA:95,4
DA:96,8
DA:97,8
DA:101,4
DA:108,3
DA:109,3
DA:111,0
DA:118,4
DA:119,0
DA:121,4
DA:129,1
DA:130,1
DA:132,0
DA:140,1
DA:141,1
DA:143,0
DA:147,4
LF:36
LH:29
BRDA:30,0,0,5
BRDA:30,0,1,0
BRDA:40,1,0,3
BRDA:40,1,1,3
BRDA:48,2,0,4
BRDA:48,2,1,4
BRDA:57,3,0,5
BRDA:57,3,1,0
BRDA:67,4,0,3
BRDA:67,4,1,0
BRDA:77,5,0,3
BRDA:77,5,1,0
BRDA:92,6,0,4
BRDA:92,6,1,0
BRDA:96,7,0,8
BRDA:96,7,1,0
BRDA:108,8,0,3
BRDA:108,8,1,0
BRDA:118,9,0,0
BRDA:118,9,1,4
BRDA:129,10,0,1
BRDA:129,10,1,0
BRDA:140,11,0,1
BRDA:140,11,1,0
BRF:24
BRH:14
end_of_record
TN:
SF:fileManager/w_predittore.js
FN:27,(anonymous_0)
FN:37,(anonymous_1)
FN:49,(anonymous_2)
FN:62,(anonymous_3)
FN:70,(anonymous_4)
FN:78,(anonymous_5)
FN:86,(anonymous_6)
FN:94,(anonymous_7)
FNF:8
FNH:8
FNDA:1,(anonymous_0)
FNDA:1,(anonymous_1)
FNDA:1,(anonymous_2)
FNDA:1,(anonymous_3)
FNDA:1,(anonymous_4)
FNDA:1,(anonymous_5)
FNDA:1,(anonymous_6)
FNDA:1,(anonymous_7)
DA:13,3
DA:28,1
DA:38,1
DA:39,1
DA:40,1
DA:41,1
DA:42,1
DA:50,1
DA:51,1
DA:52,1
DA:53,2
DA:54,2
DA:63,1
DA:71,1
DA:79,1
DA:87,1
DA:95,1
DA:99,3
LF:18
LH:18
BRDA:38,0,0,1
BRDA:38,0,1,0
BRF:2
BRH:1
end_of_record
TN:
SF:models/svm/kernels.js
FN:13,makePolyKernel
FN:14,(anonymous_1)
FN:24,makeSigmoidKernel
FN:25,(anonymous_3)
FN:35,makeRbfKernel
FN:36,(anonymous_5)
FN:45,linearKernel
FNF:7
FNH:1
FNDA:0,makePolyKernel
FNDA:0,(anonymous_1)
FNDA:0,makeSigmoidKernel
FNDA:0,(anonymous_3)
FNDA:0,makeRbfKernel
FNDA:0,(anonymous_5)
FNDA:2044,linearKernel
DA:14,0
DA:15,0
DA:16,0
DA:17,0
DA:19,0
DA:20,0
DA:25,0
DA:26,0
DA:27,0
DA:28,0
DA:30,0
DA:31,0
DA:36,0
DA:37,0
DA:38,0
DA:39,0
DA:41,0
DA:46,2044
DA:47,2044
DA:48,4088
DA:50,2044
DA:53,3
LF:22
LH:5
BRF:0
BRH:0
end_of_record
TN:
SF:models/svm/svm.js
FN:22,(anonymous_0)
FN:27,(anonymous_1)
FN:31,(anonymous_2)
FN:106,(anonymous_3)
FN:229,(anonymous_4)
FN:235,(anonymous_5)
FN:239,(anonymous_6)
FN:263,(anonymous_7)
FN:325,(anonymous_8)
FN:366,(anonymous_9)
FN:372,(anonymous_10)
FN:383,(anonymous_11)
FN:394,(anonymous_12)
FN:444,(anonymous_13)
FN:467,(anonymous_14)
FN:471,(anonymous_15)
FN:476,(anonymous_16)
FN:487,(anonymous_17)
FN:498,(anonymous_18)
FN:514,(anonymous_19)
FN:552,(anonymous_20)
FN:589,(anonymous_21)
FN:674,(anonymous_22)
FN:682,(anonymous_23)
FN:686,(anonymous_24)
FN:690,(anonymous_25)
FN:723,(anonymous_26)
FN:774,(anonymous_27)
FN:818,(anonymous_28)
FN:833,(anonymous_29)
FN:838,(anonymous_30)
FN:845,(anonymous_31)
FN:853,(anonymous_32)
FN:897,(anonymous_33)
FNF:34
FNH:13
FNDA:1,(anonymous_0)
FNDA:0,(anonymous_1)
FNDA:0,(anonymous_2)
FNDA:1,(anonymous_3)
FNDA:0,(anonymous_4)
FNDA:0,(anonymous_5)
FNDA:0,(anonymous_6)
FNDA:0,(anonymous_7)
FNDA:1,(anonymous_8)
FNDA:1,(anonymous_9)
FNDA:0,(anonymous_10)
FNDA:0,(anonymous_11)
FNDA:0,(anonymous_12)
FNDA:190,(anonymous_13)
FNDA:0,(anonymous_14)
FNDA:0,(anonymous_15)
FNDA:0,(anonymous_16)
FNDA:144,(anonymous_17)
FNDA:0,(anonymous_18)
FNDA:1,(anonymous_19)
FNDA:0,(anonymous_20)
FNDA:100,(anonymous_21)
FNDA:10,(anonymous_22)
FNDA:100,(anonymous_23)
FNDA:190,(anonymous_24)
FNDA:0,(anonymous_25)
FNDA:10,(anonymous_26)
FNDA:1,(anonymous_27)
FNDA:0,(anonymous_28)
FNDA:0,(anonymous_29)
FNDA:0,(anonymous_30)
FNDA:0,(anonymous_31)
FNDA:0,(anonymous_32)
FNDA:0,(anonymous_33)
DA:12,3
DA:13,3
DA:16,3
DA:17,3
DA:18,3
DA:19,3
DA:21,3
DA:22,3
DA:23,1
DA:26,3
DA:28,0
DA:32,0
DA:80,0
DA:81,0
DA:82,0
DA:83,0
DA:84,0
DA:92,0
DA:93,0
DA:94,0
DA:103,0
DA:107,1
DA:108,1
DA:111,1
DA:112,1
DA:113,1
DA:114,1
DA:115,1
DA:116,1
DA:117,1
DA:118,1
DA:119,1
DA:121,1
DA:122,1
DA:123,1
DA:124,1
DA:125,1
DA:126,1
DA:129,1
DA:130,1
DA:131,1
DA:132,1
DA:133,0
DA:135,1
DA:136,0
DA:138,0
DA:139,0
DA:140,0
DA:142,0
DA:143,0
DA:144,0
DA:145,0
DA:146,0
DA:148,0
DA:149,0
DA:150,0
DA:151,0
DA:152,0
DA:153,0
DA:154,0
DA:155,0
DA:156,0
DA:158,0
DA:159,0
DA:160,0
DA:161,0
DA:162,0
DA:163,0
DA:164,0
DA:168,0
DA:169,0
DA:174,1
DA:176,1
DA:177,1
DA:178,1
DA:179,1
DA:180,1
DA:182,1
DA:184,1
DA:185,0
DA:186,0
DA:187,0
DA:192,1
DA:193,0
DA:194,0
DA:195,0
DA:196,0
DA:197,0
DA:202,1
DA:203,1
DA:205,0
DA:206,0
DA:208,0
DA:209,0
DA:211,0
DA:212,0
DA:217,1
DA:220,1
DA:221,0
DA:222,0
DA:224,1
DA:226,1
DA:230,0
DA:231,0
DA:236,0
DA:237,0
DA:238,0
DA:239,0
DA:240,0
DA:241,0
DA:242,0
DA:243,0
DA:244,0
DA:246,0
DA:247,0
DA:248,0
DA:249,0
DA:250,0
DA:253,0
DA:254,0
DA:255,0
DA:256,0
DA:257,0
DA:264,0
DA:265,0
DA:266,0
DA:267,0
DA:268,0
DA:269,0
DA:270,0
DA:273,0
DA:274,0
DA:275,0
DA:278,0
DA:279,0
DA:280,0
DA:281,0
DA:282,0
DA:283,0
DA:284,0
DA:286,0
DA:287,0
DA:290,0
DA:292,0
DA:293,0
DA:297,0
DA:298,0
DA:299,0
DA:300,0
DA:301,0
DA:302,0
DA:303,0
DA:306,0
DA:308,0
DA:310,0
DA:311,0
DA:312,0
DA:314,0
DA:317,0
DA:319,0
DA:320,0
DA:322,0
DA:328,1
DA:330,1
DA:332,1
DA:333,2
DA:334,2
DA:335,20
DA:337,2
DA:338,2
DA:347,0
DA:348,0
DA:349,0
DA:350,0
DA:351,0
DA:352,0
DA:353,0
DA:354,0
DA:359,0
DA:360,0
DA:361,0
DA:362,0
DA:368,1
DA:369,1
DA:373,0
DA:374,0
DA:375,0
DA:376,0
DA:377,0
DA:380,0
DA:384,0
DA:385,0
DA:386,0
DA:387,0
DA:388,0
DA:391,0
DA:395,0
DA:396,0
DA:397,0
DA:398,0
DA:399,0
DA:404,0
DA:405,0
DA:406,0
DA:407,0
DA:409,0
DA:410,0
DA:411,0
DA:412,0
DA:413,0
DA:414,0
DA:415,0
DA:417,0
DA:418,0
DA:419,0
DA:421,0
DA:422,0
DA:423,0
DA:426,0
DA:427,0
DA:428,0
DA:429,0
DA:431,0
DA:432,0
DA:433,0
DA:435,0
DA:436,0
DA:437,0
DA:438,0
DA:446,190
DA:447,190
DA:451,190
DA:455,0
DA:456,0
DA:459,190
DA:460,1900
DA:464,190
DA:468,0
DA:472,0
DA:478,0
DA:479,0
DA:480,0
DA:481,0
DA:483,0
DA:488,144
DA:489,0
DA:491,144
DA:501,0
DA:502,0
DA:503,0
DA:504,0
DA:505,0
DA:506,0
DA:508,0
DA:511,0
DA:515,1
DA:516,0
DA:517,0
DA:520,1
DA:521,1
DA:522,1
DA:523,1
DA:524,1
DA:525,1
DA:526,1
DA:528,1
DA:529,1
DA:531,1
DA:532,1
DA:534,1
DA:536,0
DA:537,0
DA:538,0
DA:539,0
DA:541,1
DA:543,0
DA:544,0
DA:545,0
DA:546,0
DA:547,0
DA:549,1
DA:553,0
DA:554,0
DA:555,0
DA:557,0
DA:558,0
DA:560,0
DA:561,0
DA:562,0
DA:563,0
DA:565,0
DA:566,0
DA:569,0
DA:570,0
DA:571,0
DA:572,0
DA:574,0
DA:575,0
DA:576,0
DA:579,0
DA:580,0
DA:581,0
DA:583,0
DA:591,100
DA:593,90
DA:594,90
DA:595,90
DA:596,90
DA:597,90
DA:598,90
DA:599,90
DA:601,90
DA:603,90
DA:604,42
DA:605,42
DA:607,48
DA:608,48
DA:611,90
DA:613,48
DA:614,48
DA:615,48
DA:616,48
DA:620,48
DA:621,48
DA:622,48
DA:623,48
DA:626,0
DA:627,0
DA:628,0
DA:629,0
DA:630,0
DA:631,0
DA:633,0
DA:637,48
DA:639,0
DA:643,0
DA:644,0
DA:645,0
DA:646,0
DA:647,0
DA:649,0
DA:652,0
DA:653,0
DA:654,0
DA:655,0
DA:656,0
DA:657,0
DA:659,0
DA:660,0
DA:667,0
DA:669,0
DA:671,0
DA:675,10
DA:676,10
DA:677,100
DA:679,10
DA:683,100
DA:687,190
DA:691,0
DA:692,0
DA:694,0
DA:695,0
DA:696,0
DA:698,0
DA:699,0
DA:700,0
DA:701,0
DA:702,0
DA:703,0
DA:704,0
DA:709,0
DA:710,0
DA:711,0
DA:712,0
DA:713,0
DA:714,0
DA:720,0
DA:730,10
DA:731,10
DA:732,10
DA:733,10
DA:735,10
DA:736,10
DA:737,10
DA:738,0
DA:739,0
DA:740,0
DA:741,0
DA:745,10
DA:746,10
DA:747,10
DA:748,0
DA:749,0
DA:750,0
DA:752,0
DA:753,0
DA:755,0
DA:758,10
DA:759,10
DA:760,10
DA:761,107
DA:762,7
DA:763,7
DA:765,100
DA:767,100
DA:768,100
DA:771,10
DA:775,1
DA:776,1
DA:778,1
DA:779,1
DA:780,1
DA:781,1
DA:782,1
DA:784,1
DA:785,1
DA:786,1
DA:787,1
DA:788,10
DA:791,0
DA:792,0
DA:793,0
DA:797,1
DA:798,1
DA:813,1
DA:819,0
DA:820,0
DA:821,0
DA:822,0
DA:823,0
DA:824,0
DA:827,0
DA:834,0
DA:835,0
DA:839,0
DA:840,0
DA:841,0
DA:842,0
DA:846,0
DA:847,0
DA:848,0
DA:850,0
DA:854,0
DA:857,0
DA:858,0
DA:859,0
DA:860,0
DA:863,0
DA:864,0
DA:866,0
DA:867,0
DA:868,0
DA:870,0
DA:871,0
DA:872,0
DA:873,0
DA:874,0
DA:875,0
DA:879,0
DA:880,0
DA:881,0
DA:882,0
DA:883,0
DA:887,0
DA:888,0
DA:889,0
DA:891,0
DA:893,0
DA:894,0
DA:898,0
DA:899,0
DA:900,0
DA:901,0
DA:902,0
DA:903,0
DA:904,0
DA:905,0
DA:908,0
DA:912,3
LF:479
LH:146
BRDA:80,0,0,0
BRDA:80,0,1,0
BRDA:82,1,0,0
BRDA:82,1,1,0
BRDA:92,2,0,0
BRDA:92,2,1,0
BRDA:111,3,0,1
BRDA:111,3,1,1
BRDA:113,4,0,1
BRDA:113,4,1,1
BRDA:114,5,0,1
BRDA:114,5,1,1
BRDA:115,6,0,1
BRDA:115,6,1,1
BRDA:116,7,0,1
BRDA:116,7,1,1
BRDA:117,8,0,1
BRDA:117,8,1,1
BRDA:118,9,0,1
BRDA:118,9,1,1
BRDA:119,10,0,1
BRDA:119,10,1,1
BRDA:133,11,0,0
BRDA:133,11,1,0
BRDA:135,12,0,0
BRDA:135,12,1,1
BRDA:136,13,0,0
BRDA:136,13,1,0
BRDA:138,14,0,0
BRDA:138,14,1,0
BRDA:142,15,0,0
BRDA:142,15,1,0
BRDA:143,16,0,0
BRDA:143,16,1,0
BRDA:148,17,0,0
BRDA:148,17,1,0
BRDA:149,18,0,0
BRDA:149,18,1,0
BRDA:151,19,0,0
BRDA:151,19,1,0
BRDA:152,20,0,0
BRDA:152,20,1,0
BRDA:158,21,0,0
BRDA:158,21,1,0
BRDA:159,22,0,0
BRDA:159,22,1,0
BRDA:160,23,0,0
BRDA:160,23,1,0
BRDA:184,24,0,0
BRDA:184,24,1,1
BRDA:185,25,0,0
BRDA:185,25,1,0
BRDA:186,26,0,0
BRDA:186,26,1,0
BRDA:187,27,0,0
BRDA:187,27,1,0
BRDA:192,28,0,0
BRDA:192,28,1,1
BRDA:202,29,0,1
BRDA:202,29,1,1
BRDA:203,30,0,0
BRDA:203,30,1,1
BRDA:208,31,0,0
BRDA:208,31,1,0
BRDA:220,32,0,0
BRDA:220,32,1,1
BRDA:230,33,0,0
BRDA:230,33,1,0
BRDA:240,34,0,0
BRDA:240,34,1,0
BRDA:240,35,0,0
BRDA:240,35,1,0
BRDA:242,36,0,0
BRDA:242,36,1,0
BRDA:242,36,2,0
BRDA:249,37,0,0
BRDA:249,37,1,0
BRDA:256,38,0,0
BRDA:256,38,1,0
BRDA:270,39,0,0
BRDA:270,39,1,0
BRDA:270,40,0,0
BRDA:270,40,1,0
BRDA:270,40,2,0
BRDA:270,40,3,0
BRDA:282,41,0,0
BRDA:282,41,1,0
BRDA:290,42,0,0
BRDA:290,42,1,0
BRDA:293,43,0,0
BRDA:293,43,1,0
BRDA:298,44,0,0
BRDA:298,44,1,0
BRDA:299,45,0,0
BRDA:299,45,1,0
BRDA:300,46,0,0
BRDA:300,46,1,0
BRDA:311,47,0,0
BRDA:311,47,1,0
BRDA:311,48,0,0
BRDA:311,48,1,0
BRDA:312,49,0,0
BRDA:312,49,1,0
BRDA:312,50,0,0
BRDA:312,50,1,0
BRDA:317,51,0,0
BRDA:317,51,1,0
BRDA:319,52,0,0
BRDA:319,52,1,0
BRDA:328,53,0,1
BRDA:328,53,1,0
BRDA:328,54,0,1
BRDA:328,54,1,0
BRDA:328,54,2,0
BRDA:351,55,0,0
BRDA:351,55,1,0
BRDA:376,56,0,0
BRDA:376,56,1,0
BRDA:387,57,0,0
BRDA:387,57,1,0
BRDA:407,58,0,0
BRDA:407,58,1,0
BRDA:412,59,0,0
BRDA:412,59,1,0
BRDA:426,60,0,0
BRDA:426,60,1,0
BRDA:447,61,0,0
BRDA:447,61,1,190
BRDA:451,62,0,0
BRDA:451,62,1,190
BRDA:468,63,0,0
BRDA:468,63,1,0
BRDA:488,64,0,0
BRDA:488,64,1,144
BRDA:515,65,0,0
BRDA:515,65,1,1
BRDA:529,66,0,1
BRDA:529,66,1,0
BRDA:534,67,0,0
BRDA:534,67,1,1
BRDA:541,68,0,0
BRDA:541,68,1,1
BRDA:558,69,0,0
BRDA:558,69,1,0
BRDA:563,70,0,0
BRDA:563,70,1,0
BRDA:572,71,0,0
BRDA:572,71,1,0
BRDA:591,72,0,10
BRDA:591,72,1,90
BRDA:603,73,0,42
BRDA:603,73,1,48
BRDA:611,74,0,42
BRDA:611,74,1,48
BRDA:620,75,0,48
BRDA:620,75,1,0
BRDA:622,76,0,0
BRDA:622,76,1,48
BRDA:623,77,0,0
BRDA:623,77,1,48
BRDA:633,78,0,0
BRDA:633,78,1,0
BRDA:633,79,0,0
BRDA:633,79,1,0
BRDA:637,80,0,48
BRDA:637,80,1,0
BRDA:646,81,0,0
BRDA:646,81,1,0
BRDA:646,82,0,0
BRDA:646,82,1,0
BRDA:647,83,0,0
BRDA:647,83,1,0
BRDA:647,84,0,0
BRDA:647,84,1,0
BRDA:649,85,0,0
BRDA:649,85,1,0
BRDA:677,86,0,0
BRDA:677,86,1,100
BRDA:683,87,0,100
BRDA:683,87,1,0
BRDA:698,88,0,0
BRDA:698,88,1,0
BRDA:701,89,0,0
BRDA:701,89,1,0
BRDA:702,90,0,0
BRDA:702,90,1,0
BRDA:711,91,0,0
BRDA:711,91,1,0
BRDA:712,92,0,0
BRDA:712,92,1,0
BRDA:735,93,0,10
BRDA:735,93,1,0
BRDA:735,94,0,10
BRDA:735,94,1,10
BRDA:735,94,2,0
BRDA:735,94,3,0
BRDA:737,95,0,0
BRDA:737,95,1,10
BRDA:740,96,0,0
BRDA:740,96,1,0
BRDA:748,97,0,0
BRDA:748,97,1,0
BRDA:753,98,0,0
BRDA:753,98,1,0
BRDA:761,99,0,7
BRDA:761,99,1,100
BRDA:767,100,0,0
BRDA:767,100,1,100
BRDA:778,101,0,0
BRDA:778,101,1,1
BRDA:784,102,0,2
BRDA:784,102,1,2
BRDA:784,102,2,1
BRDA:786,103,0,1
BRDA:786,103,1,0
BRDA:792,104,0,0
BRDA:792,104,1,0
BRDA:797,105,0,1
BRDA:797,105,1,0
BRDA:797,106,0,0
BRDA:797,106,1,0
BRDA:823,107,0,0
BRDA:823,107,1,0
BRDA:866,108,0,0
BRDA:866,108,1,0
BRDA:870,109,0,0
BRDA:870,109,1,0
BRDA:879,110,0,0
BRDA:879,110,1,0
BRDA:903,111,0,0
BRDA:903,111,1,0
BRDA:908,112,0,0
BRDA:908,112,1,0
BRF:233
BRH:57
end_of_record
