TN:
SF:server.js
FN:32,(anonymous_0)
FN:48,(anonymous_1)
FN:54,(anonymous_2)
FN:62,(anonymous_3)
FN:78,(anonymous_4)
FN:97,(anonymous_5)
FN:119,(anonymous_6)
FN:131,(anonymous_7)
FN:133,(anonymous_8)
FN:194,(anonymous_9)
FN:206,(anonymous_10)
FN:210,(anonymous_11)
FN:222,(anonymous_12)
FN:229,(anonymous_13)
FN:232,(anonymous_14)
FN:237,(anonymous_15)
FN:241,(anonymous_16)
FN:247,(anonymous_17)
FN:252,(anonymous_18)
FN:254,(anonymous_19)
FNF:20
FNH:15
FNDA:4,(anonymous_0)
FNDA:2,(anonymous_1)
FNDA:1,(anonymous_2)
FNDA:6,(anonymous_3)
FNDA:3,(anonymous_4)
FNDA:1,(anonymous_5)
FNDA:1,(anonymous_6)
FNDA:0,(anonymous_7)
FNDA:0,(anonymous_8)
FNDA:0,(anonymous_9)
FNDA:1,(anonymous_10)
FNDA:0,(anonymous_11)
FNDA:1,(anonymous_12)
FNDA:4,(anonymous_13)
FNDA:2,(anonymous_14)
FNDA:0,(anonymous_15)
FNDA:1,(anonymous_16)
FNDA:1,(anonymous_17)
FNDA:1,(anonymous_18)
FNDA:1,(anonymous_19)
DA:12,4
DA:13,4
DA:14,4
DA:15,4
DA:16,4
DA:17,4
DA:18,4
DA:19,4
DA:20,4
DA:21,4
DA:22,4
DA:24,4
DA:28,4
DA:29,4
DA:31,4
DA:33,4
DA:34,4
DA:35,4
DA:36,4
DA:37,4
DA:38,4
DA:39,4
DA:41,0
DA:42,0
DA:45,4
DA:49,2
DA:50,1
DA:51,1
DA:53,1
DA:54,1
DA:55,0
DA:56,0
DA:58,1
DA:59,1
DA:63,6
DA:64,4
DA:65,4
DA:69,4
DA:72,1
DA:73,1
DA:76,3
DA:77,3
DA:78,3
DA:80,2
DA:81,2
DA:84,1
DA:85,1
DA:86,1
DA:89,2
DA:90,2
DA:93,0
DA:94,0
DA:99,1
DA:101,1
DA:102,1
DA:105,0
DA:106,0
DA:107,0
DA:108,0
DA:111,0
DA:113,1
DA:114,0
DA:116,1
DA:121,1
DA:122,1
DA:123,1
DA:124,1
DA:125,1
DA:126,1
DA:127,1
DA:128,1
DA:132,0
DA:133,0
DA:134,0
DA:135,0
DA:136,0
DA:138,0
DA:139,0
DA:140,0
DA:141,0
DA:143,0
DA:144,0
DA:146,0
DA:147,0
DA:149,0
DA:152,0
DA:154,0
DA:156,0
DA:157,0
DA:158,0
DA:159,0
DA:160,0
DA:164,0
DA:165,0
DA:167,0
DA:169,0
DA:170,0
DA:171,0
DA:175,0
DA:176,0
DA:177,0
DA:178,0
DA:181,0
DA:184,0
DA:185,0
DA:187,0
DA:189,0
DA:190,0
DA:195,0
DA:196,0
DA:197,0
DA:199,0
DA:200,0
DA:202,0
DA:203,0
DA:207,1
DA:208,1
DA:209,1
DA:210,1
DA:211,0
DA:212,0
DA:213,0
DA:214,0
DA:215,0
DA:216,0
DA:217,0
DA:219,0
DA:222,1
DA:223,1
DA:226,1
DA:230,4
DA:232,4
DA:233,2
DA:234,2
DA:237,4
DA:238,0
DA:241,4
DA:242,1
DA:245,4
DA:247,4
DA:248,1
DA:253,1
DA:254,1
DA:255,1
LF:144
LH:79
BRDA:49,0,0,1
BRDA:49,0,1,1
BRDA:54,1,0,0
BRDA:54,1,1,1
BRDA:63,2,0,4
BRDA:63,2,1,2
BRDA:64,3,0,4
BRDA:64,3,1,0
BRDA:69,4,0,1
BRDA:69,4,1,3
BRDA:77,5,0,2
BRDA:77,5,1,1
BRDA:77,6,0,3
BRDA:77,6,1,2
BRDA:84,7,0,1
BRDA:84,7,1,0
BRDA:99,8,0,1
BRDA:99,8,1,0
BRDA:99,8,2,0
BRDA:113,9,0,0
BRDA:113,9,1,1
BRDA:139,10,0,0
BRDA:139,10,1,0
BRDA:139,11,0,0
BRDA:139,11,1,0
BRDA:143,12,0,0
BRDA:143,12,1,0
BRDA:146,13,0,0
BRDA:146,13,1,0
BRDA:158,14,0,0
BRDA:158,14,1,0
BRDA:170,15,0,0
BRDA:170,15,1,0
BRDA:176,16,0,0
BRDA:176,16,1,0
BRDA:213,17,0,0
BRDA:213,17,1,0
BRF:37
BRH:15
end_of_record
TN:
SF:fileManager/csv_reader.js
FN:21,(anonymous_0)
FN:47,(anonymous_1)
FN:56,(anonymous_2)
FN:59,(anonymous_3)
FN:67,(anonymous_4)
FN:113,(anonymous_5)
FN:120,(anonymous_6)
FN:139,(anonymous_7)
FN:142,(anonymous_8)
FN:167,(anonymous_9)
FN:183,(anonymous_10)
FN:185,(anonymous_11)
FN:196,(anonymous_12)
FNF:13
FNH:10
FNDA:4,(anonymous_0)
FNDA:2,(anonymous_1)
FNDA:0,(anonymous_2)
FNDA:0,(anonymous_3)
FNDA:0,(anonymous_4)
FNDA:4,(anonymous_5)
FNDA:40,(anonymous_6)
FNDA:1,(anonymous_7)
FNDA:4,(anonymous_8)
FNDA:2,(anonymous_9)
FNDA:5,(anonymous_10)
FNDA:20,(anonymous_11)
FNDA:2,(anonymous_12)
DA:12,5
DA:13,5
DA:15,5
DA:22,4
DA:23,4
DA:25,4
DA:26,4
DA:35,4
DA:38,4
DA:40,4
DA:48,2
DA:49,2
DA:58,0
DA:59,0
DA:60,0
DA:61,0
DA:65,0
DA:66,0
DA:67,0
DA:68,0
DA:69,0
DA:70,0
DA:71,0
DA:74,0
DA:75,0
DA:76,0
DA:77,0
DA:78,0
DA:81,0
DA:82,0
DA:83,0
DA:84,0
DA:86,0
DA:88,0
DA:92,0
DA:95,0
DA:97,0
DA:98,0
DA:99,0
DA:101,0
DA:105,0
DA:114,4
DA:115,0
DA:118,4
DA:119,4
DA:120,4
DA:121,40
DA:122,40
DA:123,40
DA:124,160
DA:125,50
DA:130,40
DA:132,4
DA:141,1
DA:142,1
DA:143,4
DA:144,2
DA:147,1
DA:150,1
DA:152,10
DA:153,20
DA:154,0
DA:156,20
DA:160,1
DA:169,2
DA:170,2
DA:171,2
DA:174,2
DA:175,20
DA:177,2
DA:184,5
DA:185,5
DA:186,20
DA:187,10
DA:190,5
DA:197,2
LF:76
LH:45
BRDA:25,0,0,4
BRDA:25,0,1,0
BRDA:38,1,0,4
BRDA:38,1,1,0
BRDA:49,2,0,2
BRDA:49,2,1,2
BRDA:60,3,0,0
BRDA:60,3,1,0
BRDA:60,4,0,0
BRDA:60,4,1,0
BRDA:71,5,0,0
BRDA:71,5,1,0
BRDA:77,6,0,0
BRDA:77,6,1,0
BRDA:81,7,0,0
BRDA:81,7,1,0
BRDA:98,8,0,0
BRDA:98,8,1,0
BRDA:114,9,0,0
BRDA:114,9,1,4
BRDA:124,10,0,50
BRDA:124,10,1,110
BRDA:143,11,0,2
BRDA:143,11,1,2
BRDA:143,12,0,4
BRDA:143,12,1,3
BRDA:153,13,0,0
BRDA:153,13,1,20
BRDA:186,14,0,10
BRDA:186,14,1,10
BRDA:186,15,0,20
BRDA:186,15,1,15
BRF:32
BRH:16
end_of_record
TN:
SF:fileManager/r_predittore.js
FN:28,(anonymous_0)
FN:39,(anonymous_1)
FN:59,(anonymous_2)
FN:61,(anonymous_3)
FN:68,(anonymous_4)
FN:78,(anonymous_5)
FN:88,(anonymous_6)
FN:103,(anonymous_7)
FN:119,(anonymous_8)
FN:129,(anonymous_9)
FN:140,(anonymous_10)
FN:151,(anonymous_11)
FNF:12
FNH:12
FNDA:7,(anonymous_0)
FNDA:4,(anonymous_1)
FNDA:6,(anonymous_2)
FNDA:31,(anonymous_3)
FNDA:6,(anonymous_4)
FNDA:5,(anonymous_5)
FNDA:5,(anonymous_6)
FNDA:4,(anonymous_7)
FNDA:2,(anonymous_8)
FNDA:9,(anonymous_9)
FNDA:1,(anonymous_10)
FNDA:1,(anonymous_11)
DA:13,5
DA:14,5
DA:29,7
DA:30,7
DA:40,4
DA:41,4
DA:42,4
DA:43,8
DA:44,8
DA:46,4
DA:47,4
DA:48,4
DA:49,8
DA:50,8
DA:52,4
DA:60,6
DA:61,31
DA:69,6
DA:70,6
DA:72,0
DA:79,5
DA:80,5
DA:82,0
DA:89,5
DA:90,5
DA:92,0
DA:104,4
DA:105,4
DA:106,4
DA:107,4
DA:108,7
DA:109,7
DA:113,4
DA:120,2
DA:121,2
DA:123,0
DA:130,9
DA:131,0
DA:133,9
DA:141,1
DA:142,1
DA:144,0
DA:152,1
DA:153,1
DA:155,0
DA:159,5
LF:46
LH:39
BRDA:30,0,0,7
BRDA:30,0,1,0
BRDA:52,1,0,4
BRDA:52,1,1,4
BRDA:60,2,0,6
BRDA:60,2,1,5
BRDA:69,3,0,6
BRDA:69,3,1,0
BRDA:79,4,0,5
BRDA:79,4,1,0
BRDA:89,5,0,5
BRDA:89,5,1,0
BRDA:104,6,0,4
BRDA:104,6,1,0
BRDA:108,7,0,7
BRDA:108,7,1,0
BRDA:120,8,0,2
BRDA:120,8,1,0
BRDA:130,9,0,0
BRDA:130,9,1,9
BRDA:141,10,0,1
BRDA:141,10,1,0
BRDA:152,11,0,1
BRDA:152,11,1,0
BRF:24
BRH:14
end_of_record
TN:
SF:fileManager/w_predittore.js
FN:27,(anonymous_0)
FN:37,(anonymous_1)
FN:49,(anonymous_2)
FN:62,(anonymous_3)
FN:70,(anonymous_4)
FN:78,(anonymous_5)
FN:86,(anonymous_6)
FN:94,(anonymous_7)
FNF:8
FNH:8
FNDA:2,(anonymous_0)
FNDA:2,(anonymous_1)
FNDA:2,(anonymous_2)
FNDA:2,(anonymous_3)
FNDA:2,(anonymous_4)
FNDA:2,(anonymous_5)
FNDA:2,(anonymous_6)
FNDA:1,(anonymous_7)
DA:13,5
DA:28,2
DA:38,2
DA:39,2
DA:40,2
DA:41,2
DA:42,2
DA:50,2
DA:51,2
DA:52,2
DA:53,4
DA:54,4
DA:63,2
DA:71,2
DA:79,2
DA:87,2
DA:95,1
DA:99,5
LF:18
LH:18
BRDA:38,0,0,1
BRDA:38,0,1,1
BRF:2
BRH:2
end_of_record
TN:
SF:models/RL_Adapter.js
FN:16,(anonymous_0)
FN:21,(anonymous_1)
FN:25,(anonymous_2)
FNF:3
FNH:2
FNDA:1,(anonymous_0)
FNDA:0,(anonymous_1)
FNDA:1,(anonymous_2)
DA:12,5
DA:13,5
DA:17,1
DA:18,1
DA:22,0
DA:26,1
DA:27,1
DA:28,1
DA:32,5
LF:9
LH:8
BRF:0
BRH:0
end_of_record
TN:
SF:models/SVM_Adapter.js
FN:16,(anonymous_0)
FN:21,(anonymous_1)
FN:25,(anonymous_2)
FNF:3
FNH:2
FNDA:2,(anonymous_0)
FNDA:0,(anonymous_1)
FNDA:2,(anonymous_2)
DA:12,5
DA:13,5
DA:17,2
DA:18,2
DA:22,0
DA:26,2
DA:30,2
DA:31,2
DA:35,5
LF:9
LH:8
BRF:0
BRH:0
end_of_record
TN:
SF:models/model.js
FN:28,(anonymous_0)
FNF:1
FNH:1
FNDA:3,(anonymous_0)
DA:29,3
DA:30,0
DA:32,3
DA:33,0
DA:38,6
LF:5
LH:3
BRDA:29,0,0,0
BRDA:29,0,1,3
BRDA:32,1,0,0
BRDA:32,1,1,3
BRF:4
BRH:2
end_of_record
TN:
SF:models/rl/regression.js
FN:3,(anonymous_0)
FN:4,(anonymous_1)
FN:5,(anonymous_2)
FN:6,(anonymous_3)
FN:13,(anonymous_4)
FN:30,(anonymous_5)
FN:41,(anonymous_6)
FN:52,(anonymous_7)
FN:65,(anonymous_8)
FN:76,(anonymous_9)
FN:84,(anonymous_10)
FN:100,(anonymous_11)
FN:110,(anonymous_12)
FN:147,(anonymous_13)
FN:165,(anonymous_14)
FN:172,(anonymous_15)
FN:184,(anonymous_16)
FNF:17
FNH:13
FNDA:0,(anonymous_0)
FNDA:2,(anonymous_1)
FNDA:0,(anonymous_2)
FNDA:7,(anonymous_3)
FNDA:1,(anonymous_4)
FNDA:1,(anonymous_5)
FNDA:0,(anonymous_6)
FNDA:1,(anonymous_7)
FNDA:7,(anonymous_8)
FNDA:2,(anonymous_9)
FNDA:0,(anonymous_10)
FNDA:2,(anonymous_11)
FNDA:2,(anonymous_12)
FNDA:2,(anonymous_13)
FNDA:1,(anonymous_14)
FNDA:5,(anonymous_15)
FNDA:20,(anonymous_16)
DA:1,5
DA:3,0
DA:4,2
DA:5,0
DA:6,7
DA:14,1
DA:15,1
DA:16,1
DA:17,1
DA:18,1
DA:19,7
DA:20,7
DA:24,7
DA:27,1
DA:31,1
DA:32,1
DA:33,1
DA:34,1
DA:35,1
DA:36,1
DA:37,1
DA:38,1
DA:42,0
DA:43,0
DA:44,0
DA:45,0
DA:46,0
DA:47,0
DA:48,0
DA:49,0
DA:53,1
DA:54,0
DA:55,1
DA:56,0
DA:57,1
DA:58,0
DA:59,1
DA:60,1
DA:61,1
DA:62,1
DA:66,7
DA:67,0
DA:68,7
DA:69,0
DA:70,7
DA:71,7
DA:73,7
DA:77,2
DA:78,2
DA:79,2
DA:80,2
DA:81,2
DA:85,0
DA:86,0
DA:87,0
DA:88,0
DA:89,0
DA:90,0
DA:91,0
DA:92,0
DA:93,0
DA:94,0
DA:95,0
DA:97,0
DA:101,2
DA:102,2
DA:103,2
DA:104,6
DA:105,2
DA:106,6
DA:107,2
DA:111,2
DA:112,2
DA:114,2
DA:115,2
DA:116,6
DA:118,6
DA:119,6
DA:120,0
DA:121,0
DA:122,0
DA:123,0
DA:124,0
DA:127,6
DA:128,6
DA:130,6
DA:131,6
DA:132,36
DA:135,6
DA:136,18
DA:137,12
DA:138,12
DA:139,72
DA:142,6
DA:144,2
DA:148,2
DA:149,2
DA:150,2
DA:151,6
DA:153,6
DA:154,18
DA:156,6
DA:157,6
DA:162,2
DA:166,1
DA:167,1
DA:168,3
DA:169,1
DA:173,5
DA:174,5
DA:175,15
DA:176,15
DA:177,15
DA:178,27
DA:181,5
DA:185,20
DA:186,60
DA:187,102
LF:118
LH:86
BRDA:53,0,0,0
BRDA:53,0,1,1
BRDA:55,1,0,0
BRDA:55,1,1,1
BRDA:57,2,0,0
BRDA:57,2,1,1
BRDA:66,3,0,0
BRDA:66,3,1,7
BRDA:68,4,0,0
BRDA:68,4,1,7
BRDA:68,5,0,7
BRDA:68,5,1,7
BRDA:85,6,0,0
BRDA:85,6,1,0
BRDA:87,7,0,0
BRDA:87,7,1,0
BRDA:89,8,0,0
BRDA:89,8,1,0
BRDA:95,9,0,0
BRDA:95,9,1,0
BRDA:116,10,0,0
BRDA:116,10,1,6
BRDA:121,11,0,0
BRDA:121,11,1,0
BRDA:124,12,0,0
BRDA:124,12,1,0
BRDA:136,13,0,6
BRDA:136,13,1,12
BRF:28
BRH:10
end_of_record
TN:
SF:models/svm/kernels.js
FN:13,makePolyKernel
FN:14,(anonymous_1)
FN:24,makeSigmoidKernel
FN:25,(anonymous_3)
FN:35,makeRbfKernel
FN:36,(anonymous_5)
FN:45,linearKernel
FNF:7
FNH:1
FNDA:0,makePolyKernel
FNDA:0,(anonymous_1)
FNDA:0,makeSigmoidKernel
FNDA:0,(anonymous_3)
FNDA:0,makeRbfKernel
FNDA:0,(anonymous_5)
FNDA:2139,linearKernel
DA:14,0
DA:15,0
DA:16,0
DA:17,0
DA:19,0
DA:20,0
DA:25,0
DA:26,0
DA:27,0
DA:28,0
DA:30,0
DA:31,0
DA:36,0
DA:37,0
DA:38,0
DA:39,0
DA:41,0
DA:46,2139
DA:47,2139
DA:48,4278
DA:50,2139
DA:53,5
LF:22
LH:5
BRF:0
BRH:0
end_of_record
TN:
SF:models/svm/svm.js
FN:22,(anonymous_0)
FN:27,(anonymous_1)
FN:31,(anonymous_2)
FN:106,(anonymous_3)
FN:228,(anonymous_4)
FN:234,(anonymous_5)
FN:238,(anonymous_6)
FN:262,(anonymous_7)
FN:324,(anonymous_8)
FN:365,(anonymous_9)
FN:371,(anonymous_10)
FN:382,(anonymous_11)
FN:393,(anonymous_12)
FN:443,(anonymous_13)
FN:466,(anonymous_14)
FN:470,(anonymous_15)
FN:475,(anonymous_16)
FN:486,(anonymous_17)
FN:497,(anonymous_18)
FN:513,(anonymous_19)
FN:551,(anonymous_20)
FN:588,(anonymous_21)
FN:673,(anonymous_22)
FN:681,(anonymous_23)
FN:685,(anonymous_24)
FN:689,(anonymous_25)
FN:722,(anonymous_26)
FN:773,(anonymous_27)
FN:817,(anonymous_28)
FN:832,(anonymous_29)
FN:837,(anonymous_30)
FN:844,(anonymous_31)
FN:852,(anonymous_32)
FN:896,(anonymous_33)
FNF:34
FNH:14
FNDA:2,(anonymous_0)
FNDA:0,(anonymous_1)
FNDA:0,(anonymous_2)
FNDA:2,(anonymous_3)
FNDA:0,(anonymous_4)
FNDA:0,(anonymous_5)
FNDA:0,(anonymous_6)
FNDA:0,(anonymous_7)
FNDA:2,(anonymous_8)
FNDA:2,(anonymous_9)
FNDA:0,(anonymous_10)
FNDA:0,(anonymous_11)
FNDA:0,(anonymous_12)
FNDA:2654,(anonymous_13)
FNDA:0,(anonymous_14)
FNDA:0,(anonymous_15)
FNDA:0,(anonymous_16)
FNDA:2079,(anonymous_17)
FNDA:0,(anonymous_18)
FNDA:2,(anonymous_19)
FNDA:0,(anonymous_20)
FNDA:659,(anonymous_21)
FNDA:127,(anonymous_22)
FNDA:1620,(anonymous_23)
FNDA:2654,(anonymous_24)
FNDA:125,(anonymous_25)
FNDA:171,(anonymous_26)
FNDA:2,(anonymous_27)
FNDA:0,(anonymous_28)
FNDA:0,(anonymous_29)
FNDA:0,(anonymous_30)
FNDA:0,(anonymous_31)
FNDA:0,(anonymous_32)
FNDA:0,(anonymous_33)
DA:12,5
DA:13,5
DA:16,5
DA:17,5
DA:18,5
DA:19,5
DA:21,5
DA:22,5
DA:23,2
DA:26,5
DA:28,0
DA:32,0
DA:80,0
DA:81,0
DA:82,0
DA:83,0
DA:84,0
DA:92,0
DA:93,0
DA:94,0
DA:103,0
DA:107,2
DA:108,2
DA:111,2
DA:112,2
DA:113,2
DA:114,2
DA:115,2
DA:116,2
DA:117,2
DA:118,2
DA:119,2
DA:121,2
DA:122,2
DA:123,2
DA:124,2
DA:125,2
DA:126,2
DA:129,2
DA:130,2
DA:131,2
DA:132,2
DA:133,0
DA:135,2
DA:136,0
DA:138,0
DA:139,0
DA:140,0
DA:142,0
DA:143,0
DA:144,0
DA:145,0
DA:146,0
DA:148,0
DA:149,0
DA:150,0
DA:151,0
DA:152,0
DA:153,0
DA:154,0
DA:155,0
DA:156,0
DA:158,0
DA:159,0
DA:160,0
DA:161,0
DA:162,0
DA:163,0
DA:164,0
DA:168,0
DA:169,0
DA:174,2
DA:176,2
DA:177,2
DA:178,2
DA:179,2
DA:180,2
DA:182,2
DA:184,2
DA:185,0
DA:186,0
DA:187,0
DA:192,2
DA:193,0
DA:194,0
DA:195,0
DA:196,0
DA:197,0
DA:202,2
DA:203,2
DA:205,0
DA:206,0
DA:208,0
DA:209,0
DA:211,0
DA:212,0
DA:217,2
DA:220,2
DA:221,0
DA:222,0
DA:224,2
DA:229,0
DA:230,0
DA:235,0
DA:236,0
DA:237,0
DA:238,0
DA:239,0
DA:240,0
DA:241,0
DA:242,0
DA:243,0
DA:245,0
DA:246,0
DA:247,0
DA:248,0
DA:249,0
DA:252,0
DA:253,0
DA:254,0
DA:255,0
DA:256,0
DA:263,0
DA:264,0
DA:265,0
DA:266,0
DA:267,0
DA:268,0
DA:269,0
DA:272,0
DA:273,0
DA:274,0
DA:277,0
DA:278,0
DA:279,0
DA:280,0
DA:281,0
DA:282,0
DA:283,0
DA:285,0
DA:286,0
DA:289,0
DA:291,0
DA:292,0
DA:296,0
DA:297,0
DA:298,0
DA:299,0
DA:300,0
DA:301,0
DA:302,0
DA:305,0
DA:307,0
DA:309,0
DA:310,0
DA:311,0
DA:313,0
DA:316,0
DA:318,0
DA:319,0
DA:321,0
DA:327,2
DA:329,2
DA:331,2
DA:332,4
DA:333,4
DA:334,40
DA:336,4
DA:337,4
DA:346,0
DA:347,0
DA:348,0
DA:349,0
DA:350,0
DA:351,0
DA:352,0
DA:353,0
DA:358,0
DA:359,0
DA:360,0
DA:361,0
DA:367,2
DA:368,2
DA:372,0
DA:373,0
DA:374,0
DA:375,0
DA:376,0
DA:379,0
DA:383,0
DA:384,0
DA:385,0
DA:386,0
DA:387,0
DA:390,0
DA:394,0
DA:395,0
DA:396,0
DA:397,0
DA:398,0
DA:403,0
DA:404,0
DA:405,0
DA:406,0
DA:408,0
DA:409,0
DA:410,0
DA:411,0
DA:412,0
DA:413,0
DA:414,0
DA:416,0
DA:417,0
DA:418,0
DA:420,0
DA:421,0
DA:422,0
DA:425,0
DA:426,0
DA:427,0
DA:428,0
DA:430,0
DA:431,0
DA:432,0
DA:434,0
DA:435,0
DA:436,0
DA:437,0
DA:445,2654
DA:446,2654
DA:450,2654
DA:454,2648
DA:455,5296
DA:458,6
DA:459,60
DA:463,2654
DA:467,0
DA:471,0
DA:477,0
DA:478,0
DA:479,0
DA:480,0
DA:482,0
DA:487,2079
DA:488,0
DA:490,2079
DA:500,0
DA:501,0
DA:502,0
DA:503,0
DA:504,0
DA:505,0
DA:507,0
DA:510,0
DA:514,2
DA:515,0
DA:516,0
DA:519,2
DA:520,2
DA:521,2
DA:522,2
DA:523,2
DA:524,2
DA:525,2
DA:527,2
DA:528,2
DA:530,2
DA:531,2
DA:533,2
DA:535,0
DA:536,0
DA:537,0
DA:538,0
DA:540,2
DA:542,0
DA:543,0
DA:544,0
DA:545,0
DA:546,0
DA:548,2
DA:552,0
DA:553,0
DA:554,0
DA:556,0
DA:557,0
DA:559,0
DA:560,0
DA:561,0
DA:562,0
DA:564,0
DA:565,0
DA:568,0
DA:569,0
DA:570,0
DA:571,0
DA:573,0
DA:574,0
DA:575,0
DA:578,0
DA:579,0
DA:580,0
DA:582,0
DA:590,659
DA:592,554
DA:593,554
DA:594,554
DA:595,554
DA:596,554
DA:597,554
DA:598,554
DA:600,554
DA:602,554
DA:603,314
DA:604,314
DA:606,240
DA:607,240
DA:610,554
DA:612,549
DA:613,549
DA:614,549
DA:615,549
DA:619,549
DA:620,549
DA:621,549
DA:622,409
DA:625,0
DA:626,0
DA:627,0
DA:628,0
DA:629,0
DA:630,0
DA:632,0
DA:636,549
DA:638,108
DA:642,108
DA:643,108
DA:644,108
DA:645,108
DA:646,108
DA:648,108
DA:651,108
DA:652,108
DA:653,108
DA:654,216
DA:655,216
DA:656,2160
DA:658,216
DA:659,216
DA:666,108
DA:668,108
DA:670,108
DA:674,127
DA:675,127
DA:676,1270
DA:678,127
DA:682,1620
DA:686,2654
DA:690,125
DA:691,125
DA:693,125
DA:694,125
DA:695,1250
DA:697,125
DA:698,63
DA:699,63
DA:700,630
DA:701,567
DA:702,0
DA:703,0
DA:708,62
DA:709,62
DA:710,620
DA:711,558
DA:712,0
DA:713,0
DA:719,125
DA:729,171
DA:730,171
DA:731,171
DA:732,171
DA:734,171
DA:735,127
DA:736,127
DA:737,125
DA:738,125
DA:739,125
DA:740,64
DA:744,63
DA:745,63
DA:746,63
DA:747,237
DA:748,29
DA:749,29
DA:751,208
DA:752,208
DA:754,201
DA:757,56
DA:758,56
DA:759,56
DA:760,351
DA:761,25
DA:762,25
DA:764,326
DA:766,326
DA:767,289
DA:770,63
DA:774,2
DA:775,2
DA:777,2
DA:778,2
DA:779,2
DA:780,2
DA:781,2
DA:783,2
DA:784,39
DA:785,39
DA:786,4
DA:787,40
DA:790,35
DA:791,350
DA:792,131
DA:796,39
DA:797,39
DA:812,2
DA:818,0
DA:819,0
DA:820,0
DA:821,0
DA:822,0
DA:823,0
DA:826,0
DA:833,0
DA:834,0
DA:838,0
DA:839,0
DA:840,0
DA:841,0
DA:845,0
DA:846,0
DA:847,0
DA:849,0
DA:853,0
DA:856,0
DA:857,0
DA:858,0
DA:859,0
DA:862,0
DA:863,0
DA:865,0
DA:866,0
DA:867,0
DA:869,0
DA:870,0
DA:871,0
DA:872,0
DA:873,0
DA:874,0
DA:878,0
DA:879,0
DA:880,0
DA:881,0
DA:882,0
DA:886,0
DA:887,0
DA:888,0
DA:890,0
DA:892,0
DA:893,0
DA:897,0
DA:898,0
DA:899,0
DA:900,0
DA:901,0
DA:902,0
DA:903,0
DA:904,0
DA:907,0
DA:911,5
LF:478
LH:193
BRDA:80,0,0,0
BRDA:80,0,1,0
BRDA:82,1,0,0
BRDA:82,1,1,0
BRDA:92,2,0,0
BRDA:92,2,1,0
BRDA:111,3,0,2
BRDA:111,3,1,2
BRDA:113,4,0,2
BRDA:113,4,1,2
BRDA:114,5,0,2
BRDA:114,5,1,2
BRDA:115,6,0,2
BRDA:115,6,1,2
BRDA:116,7,0,2
BRDA:116,7,1,2
BRDA:117,8,0,2
BRDA:117,8,1,2
BRDA:118,9,0,2
BRDA:118,9,1,2
BRDA:119,10,0,2
BRDA:119,10,1,2
BRDA:133,11,0,0
BRDA:133,11,1,0
BRDA:135,12,0,0
BRDA:135,12,1,2
BRDA:136,13,0,0
BRDA:136,13,1,0
BRDA:138,14,0,0
BRDA:138,14,1,0
BRDA:142,15,0,0
BRDA:142,15,1,0
BRDA:143,16,0,0
BRDA:143,16,1,0
BRDA:148,17,0,0
BRDA:148,17,1,0
BRDA:149,18,0,0
BRDA:149,18,1,0
BRDA:151,19,0,0
BRDA:151,19,1,0
BRDA:152,20,0,0
BRDA:152,20,1,0
BRDA:158,21,0,0
BRDA:158,21,1,0
BRDA:159,22,0,0
BRDA:159,22,1,0
BRDA:160,23,0,0
BRDA:160,23,1,0
BRDA:184,24,0,0
BRDA:184,24,1,2
BRDA:185,25,0,0
BRDA:185,25,1,0
BRDA:186,26,0,0
BRDA:186,26,1,0
BRDA:187,27,0,0
BRDA:187,27,1,0
BRDA:192,28,0,0
BRDA:192,28,1,2
BRDA:202,29,0,2
BRDA:202,29,1,2
BRDA:203,30,0,0
BRDA:203,30,1,2
BRDA:208,31,0,0
BRDA:208,31,1,0
BRDA:220,32,0,0
BRDA:220,32,1,2
BRDA:229,33,0,0
BRDA:229,33,1,0
BRDA:239,34,0,0
BRDA:239,34,1,0
BRDA:239,35,0,0
BRDA:239,35,1,0
BRDA:241,36,0,0
BRDA:241,36,1,0
BRDA:241,36,2,0
BRDA:248,37,0,0
BRDA:248,37,1,0
BRDA:255,38,0,0
BRDA:255,38,1,0
BRDA:269,39,0,0
BRDA:269,39,1,0
BRDA:269,40,0,0
BRDA:269,40,1,0
BRDA:269,40,2,0
BRDA:269,40,3,0
BRDA:281,41,0,0
BRDA:281,41,1,0
BRDA:289,42,0,0
BRDA:289,42,1,0
BRDA:292,43,0,0
BRDA:292,43,1,0
BRDA:297,44,0,0
BRDA:297,44,1,0
BRDA:298,45,0,0
BRDA:298,45,1,0
BRDA:299,46,0,0
BRDA:299,46,1,0
BRDA:310,47,0,0
BRDA:310,47,1,0
BRDA:310,48,0,0
BRDA:310,48,1,0
BRDA:311,49,0,0
BRDA:311,49,1,0
BRDA:311,50,0,0
BRDA:311,50,1,0
BRDA:316,51,0,0
BRDA:316,51,1,0
BRDA:318,52,0,0
BRDA:318,52,1,0
BRDA:327,53,0,2
BRDA:327,53,1,0
BRDA:327,54,0,2
BRDA:327,54,1,0
BRDA:327,54,2,0
BRDA:350,55,0,0
BRDA:350,55,1,0
BRDA:375,56,0,0
BRDA:375,56,1,0
BRDA:386,57,0,0
BRDA:386,57,1,0
BRDA:406,58,0,0
BRDA:406,58,1,0
BRDA:411,59,0,0
BRDA:411,59,1,0
BRDA:425,60,0,0
BRDA:425,60,1,0
BRDA:446,61,0,0
BRDA:446,61,1,2654
BRDA:450,62,0,2648
BRDA:450,62,1,6
BRDA:467,63,0,0
BRDA:467,63,1,0
BRDA:487,64,0,0
BRDA:487,64,1,2079
BRDA:514,65,0,0
BRDA:514,65,1,2
BRDA:528,66,0,2
BRDA:528,66,1,0
BRDA:533,67,0,0
BRDA:533,67,1,2
BRDA:540,68,0,0
BRDA:540,68,1,2
BRDA:557,69,0,0
BRDA:557,69,1,0
BRDA:562,70,0,0
BRDA:562,70,1,0
BRDA:571,71,0,0
BRDA:571,71,1,0
BRDA:590,72,0,105
BRDA:590,72,1,554
BRDA:602,73,0,314
BRDA:602,73,1,240
BRDA:610,74,0,5
BRDA:610,74,1,549
BRDA:619,75,0,549
BRDA:619,75,1,0
BRDA:621,76,0,140
BRDA:621,76,1,409
BRDA:622,77,0,224
BRDA:622,77,1,185
BRDA:632,78,0,0
BRDA:632,78,1,0
BRDA:632,79,0,0
BRDA:632,79,1,0
BRDA:636,80,0,441
BRDA:636,80,1,108
BRDA:645,81,0,105
BRDA:645,81,1,3
BRDA:645,82,0,108
BRDA:645,82,1,105
BRDA:646,83,0,103
BRDA:646,83,1,5
BRDA:646,84,0,108
BRDA:646,84,1,103
BRDA:648,85,0,108
BRDA:648,85,1,0
BRDA:676,86,0,481
BRDA:676,86,1,789
BRDA:682,87,0,1620
BRDA:682,87,1,612
BRDA:697,88,0,63
BRDA:697,88,1,62
BRDA:700,89,0,567
BRDA:700,89,1,63
BRDA:701,90,0,0
BRDA:701,90,1,567
BRDA:710,91,0,558
BRDA:710,91,1,62
BRDA:711,92,0,0
BRDA:711,92,1,558
BRDA:734,93,0,127
BRDA:734,93,1,44
BRDA:734,94,0,171
BRDA:734,94,1,61
BRDA:734,94,2,110
BRDA:734,94,3,106
BRDA:736,95,0,125
BRDA:736,95,1,2
BRDA:739,96,0,64
BRDA:739,96,1,61
BRDA:747,97,0,29
BRDA:747,97,1,208
BRDA:752,98,0,7
BRDA:752,98,1,201
BRDA:760,99,0,25
BRDA:760,99,1,326
BRDA:766,100,0,37
BRDA:766,100,1,289
BRDA:777,101,0,0
BRDA:777,101,1,2
BRDA:783,102,0,41
BRDA:783,102,1,6
BRDA:783,102,2,39
BRDA:785,103,0,4
BRDA:785,103,1,35
BRDA:791,104,0,131
BRDA:791,104,1,219
BRDA:796,105,0,4
BRDA:796,105,1,35
BRDA:796,106,0,2
BRDA:796,106,1,33
BRDA:822,107,0,0
BRDA:822,107,1,0
BRDA:865,108,0,0
BRDA:865,108,1,0
BRDA:869,109,0,0
BRDA:869,109,1,0
BRDA:878,110,0,0
BRDA:878,110,1,0
BRDA:902,111,0,0
BRDA:902,111,1,0
BRDA:907,112,0,0
BRDA:907,112,1,0
BRF:233
BRH:97
end_of_record
